<!DOCTYPE html>
<html lang="en">
  <head>
    <meta charset="utf-8"/>
    <meta name="viewport" content="width=device-width, initial-scale=1, shrink-to-fit=no"/>
    <link rel="stylesheet" href="res/bootstrap.min.css" type="text/css"/>
    <link rel="stylesheet" href="res/karate-report.css" type="text/css"/>
    <link rel="shortcut icon" href="favicon.ico"/>
    <script type="text/javascript" src="res/jquery.min.js"></script>
    <script type="text/javascript" src="res/jquery.tablesorter.min.js"></script>
    <script type="text/javascript" src="res/bootstrap.min.js"></script>
    <script type="text/javascript" src="res/karate-report.js"></script>
    <title>feature.CCE_TN</title>  
  </head>
  <body>   
    <div id="root-container">
      <div id="leftnav">
                
        <div>
  <div class="nav-logo">
    <a href="karate-summary.html">
      <img src="karate-logo.svg" alt="Karate"/>
    </a>
    <div class="nav-count">
      <div id="nav-pass" class="bg-success">0</div>
      <div id="nav-fail" class="bg-danger">13</div>
    </div>
  </div>
  <div id="nav-type">
    <div>Scenarios</div>
  </div>         
  <div id="nav-date">
    <div>2024-08-09 01:04:56 PM</div>
  </div>        
</div>

        <div class="nav-container">
          <div class="nav-item failed">
            <a href="#[1.1:29]"><span>[1.1:29]</span> <span>TC001_Get_CCE_tn_Info</span></a>
          </div>
          <div class="nav-item failed">
            <a href="#[1.2:29]"><span>[1.2:29]</span> <span>TC001_Get_CCE_tn_Info</span></a>
          </div>
          <div class="nav-item failed">
            <a href="#[1.3:29]"><span>[1.3:29]</span> <span>TC001_Get_CCE_tn_Info</span></a>
          </div>
          <div class="nav-item failed">
            <a href="#[1.4:29]"><span>[1.4:29]</span> <span>TC001_Get_CCE_tn_Info</span></a>
          </div>
          <div class="nav-item failed">
            <a href="#[1.5:29]"><span>[1.5:29]</span> <span>TC001_Get_CCE_tn_Info</span></a>
          </div>
          <div class="nav-item failed">
            <a href="#[2.1:40]"><span>[2.1:40]</span> <span>TC002_Get_CCE_kb_tn_Corp_customeraccount_Info</span></a>
          </div>
          <div class="nav-item failed">
            <a href="#[3.1:53]"><span>[3.1:53]</span> <span>TC003_Validate Billing type and account type code for WLS_RES_ACTIVE_TN</span></a>
          </div>
          <div class="nav-item failed">
            <a href="#[4.1:63]"><span>[4.1:63]</span> <span>TC004_Validate account state for WLS_RES_SUSPENDED_TN</span></a>
          </div>
          <div class="nav-item failed">
            <a href="#[5.1:75]"><span>[5.1:75]</span> <span>TC005_Validate account type code and business unit for WLN_RES_ACTIVE_TN</span></a>
          </div>
          <div class="nav-item failed">
            <a href="#[6.1:86]"><span>[6.1:86]</span> <span>TC006_Validate account type code and BU for WLS_BIZ_ACTIVE_TN</span></a>
          </div>
          <div class="nav-item failed">
            <a href="#[7.1:99]"><span>[7.1:99]</span> <span>TC007_Validate account type code, state and product type code for WLS_BIZ_ACTIVE_TN</span></a>
          </div>
          <div class="nav-item failed">
            <a href="#[8.1:111]"><span>[8.1:111]</span> <span>TC008_Validate account type code for a WLS biz customer with more than 3 accounts via TN search.</span></a>
          </div>
          <div class="nav-item failed">
            <a href="#[9.1:123]"><span>[9.1:123]</span> <span>TC009_Validate account type code and BU for a WLN_BIZ_ACTIVE_TN</span></a>
          </div>
        </div>
      </div>
      <div id="content">
        <div class="page-heading alert alert-primary">
          <a href="karate-summary.html">Summary</a><span class="feature-label">|</span>
          <a href="karate-tags.html">Tags</a><span class="feature-label">|</span>
          <span class="feature-label">Feature:</span>
          <span class="feature-path">feature/CCE_TN.feature</span><span class="feature-label">|</span>
          <span class="feature-name">Validate Customer Info API response for WLS/WLN customer for search criteria TN</span>
          <span class="feature-description"></span>
        </div>
        <div class="scenario">
          <div class="scenario-heading" id="[1.1:29]">
            <div class="heading-container">
              <div class="scenario-tags">
                
              </div>
              <div class="scenario-keyword">
                Scenario: <span>[1.1:29]</span>
                <span class="scenario-name">TC001_Get_CCE_tn_Info</span>
                <span></span>
              </div>
            </div>
            <div class="scenario-time failed">
              <span>ms:</span>&nbsp;<span>150</span>
            </div>
          </div>
          <div class="step-row">
            <div class="step-container" id="[1.1:29]bg">
              <div class="step-ref bg-step">&gt;&gt;</div>
              <div class="step-cell passed">Background:</div>
            </div>
            <div class="time-cell passed"></div>
          </div>
          <div data-parent="[1.1:29]bg"><div>
  

  

  <div class="step-row">
    <div class="step-container" id="1.5">
      <div class="step-ref bg-step">5</div>
      
      <div class="step-cell passed">
        <span>*</span>&nbsp;<span>url baseURL</span>
      </div>
    </div>
    <div class="time-cell passed">0</div>
  </div>

   
  
  

  

  <div class="preformatted" data-parent="1.5">13:04:54.991 karate.env system property was: it01 
13:04:54.991 clientId:52e80bfa-b42c-47d7-98b5-8bb87c926209 
13:04:54.992 Current URL is : https://apigw-st.telus.com 
13:04:54.992 Current Env is : it01 
</div>   

  

</div>
</div>
          <div data-parent="[1.1:29]bg"><div>
  

  

  <div class="step-row">
    <div class="step-container" id="1.6">
      <div class="step-ref bg-step">6</div>
      
      <div class="step-cell passed">
        <span>*</span>&nbsp;<span>configure ssl = true</span>
      </div>
    </div>
    <div class="time-cell passed">0</div>
  </div>

   
  
  

  

     

  

</div>
</div>
          <div data-parent="[1.1:29]bg"><div>
  

  

  <div class="step-row">
    <div class="step-container" id="1.7">
      <div class="step-ref bg-step">7</div>
      
      <div class="step-cell passed">
        <span>*</span>&nbsp;<span>header accept = &#39;application/json&#39;</span>
      </div>
    </div>
    <div class="time-cell passed">0</div>
  </div>

   
  
  

  

     

  

</div>
</div>
          <div data-parent="[1.1:29]bg"><div>
  

  

  <div class="step-row">
    <div class="step-container" id="1.8">
      <div class="step-ref bg-step">8</div>
      
      <div class="step-cell passed">
        <span>*</span>&nbsp;<span>header env = env</span>
      </div>
    </div>
    <div class="time-cell passed">0</div>
  </div>

   
  
  

  

     

  

</div>
</div>
          <div data-parent="[1.1:29]bg"><div>
  

  

  <div class="step-row">
    <div class="step-container" id="1.9">
      <div class="step-ref bg-step">9</div>
      
      <div class="step-cell passed">
        <span>*</span>&nbsp;<span>configure readTimeout = 20000</span>
      </div>
    </div>
    <div class="time-cell passed">0</div>
  </div>

   
  
  

  

     

  

</div>
</div>
          <div data-parent="[1.1:29]bg"><div>
  

  

  <div class="step-row">
    <div class="step-container" id="1.10">
      <div class="step-ref bg-step">10</div>
      
      <div class="step-cell passed">
        <span>*</span>&nbsp;<span>header Authorization = &#39;Bearer &#39;+authInfo.response.access_token;</span>
      </div>
    </div>
    <div class="time-cell passed">0</div>
  </div>

   
  
  

  

     

  

</div>
</div>
          <div data-parent="[1.1:29]bg"><div>
  

  

  <div class="step-row">
    <div class="step-container" id="1.11">
      <div class="step-ref bg-step">11</div>
      
      <div class="step-cell passed">
        <span>*</span>&nbsp;<span>print authInfo.response.access_token</span>
      </div>
    </div>
    <div class="time-cell passed">0</div>
  </div>

   
  
  

  

  <div class="preformatted" data-parent="1.11">13:04:54.993 [print] eyJhbGciOiJSUzI1NiIsImtpZCI6ImNhZGZhMTYyLTU2YzEtNGRiOS1hNjNmLTYwZTM3NzIwMWJkZiIsInBpLmF0bSI6IjMifQ.eyJzY29wZSI6WyI0NzIwIl0sImF1dGhvcml6YXRpb25fZGV0YWlscyI6W10sImNsaWVudF9pZCI6IjUyZTgwYmZhLWI0MmMtNDdkNy05OGI1LThiYjg3YzkyNjIwOSIsImlzcyI6Imh0dHBzOi8vdGVhbXNzby1pdHMwNC50ZWx1cy5jb20iLCJhdWQiOiJrb25nIiwiaWF0IjoxNzIzMjIzMDg5LCJleHAiOjE3MjMyMjMzODl9.flESEmYyI_eCkBmzn54OkGfP2lAIxnyqs2XbjtABUAmEnkCOQe8uoiUdROg_nBCNsbluJLTMIyv2VQYcEFeVpzwJIN4AH00KC-3px8L7DRMcbbbRqgIOGamUVRjytKBt3cFR1XVCW32bLo_XlS6M0CPdsCtowSRRwenf6htGC3loiXiWZ8pxuYaJNnmQfuSN9rWpZNHc8y-eYDl0xm6EoEXQSfatP3EAxDBw6tgqlb5patcu_afyMqKiHha9IdISwDeMrqyfvgoAR4Sqhdy3Uxp_k_xzmM-XWElgzY0YfiUnRnIl01fsIz1UO7xaed3xVyVlwsYrq6nB9I57SYDk-A 
</div>   

  

</div>
</div>
          <div data-parent="[1.1:29]bg"><div>
  

  

  <div class="step-row">
    <div class="step-container" id="1.12">
      <div class="step-ref bg-step">12</div>
      
      <div class="step-cell passed">
        <span>*</span>&nbsp;<span>def data_file = &#39;tn_feature_data.json&#39;</span>
      </div>
    </div>
    <div class="time-cell passed">0</div>
  </div>

   
  
  

  

     

  

</div>
</div>
          <div data-parent="[1.1:29]bg"><div>
  

  

  <div class="step-row">
    <div class="step-container" id="1.13">
      <div class="step-ref bg-step">13</div>
      
      <div class="step-cell passed">
        <span>*</span>&nbsp;<span>def data_file1 = &#39;tn_kb_corp_Customer-account_feature_data.json&#39;</span>
      </div>
    </div>
    <div class="time-cell passed">0</div>
  </div>

   
  
  

  

     

  

</div>
</div>
          <div data-parent="[1.1:29]bg"><div>
  

  

  <div class="step-row">
    <div class="step-container" id="1.14">
      <div class="step-ref bg-step">14</div>
      
      <div class="step-cell passed">
        <span>*</span>&nbsp;<span>def mockResponseWLS_RES_SUSPENDED = callonce read(&quot;../odsdata/getTestData_Consumer_Non_Prod.feature@getdata_resWLS_Suspended&quot;)</span>
      </div>
    </div>
    <div class="time-cell passed">2</div>
  </div>

   
  
  

  

     

  

</div>
</div>
          <div data-parent="[1.1:29]bg"><div>
  

  

  <div class="step-row">
    <div class="step-container" id="1.15">
      <div class="step-ref bg-step">15</div>
      
      <div class="step-cell passed">
        <span>*</span>&nbsp;<span>def mockResponseWLS_RES_ACTIVE = callonce read(&quot;../odsdata/getTestData_Consumer_Non_Prod.feature@getdata_resWLS_Active&quot;)</span>
      </div>
    </div>
    <div class="time-cell passed">2</div>
  </div>

   
  
  

  

     

  

</div>
</div>
          <div data-parent="[1.1:29]bg"><div>
  

  

  <div class="step-row">
    <div class="step-container" id="1.16">
      <div class="step-ref bg-step">16</div>
      
      <div class="step-cell passed">
        <span>*</span>&nbsp;<span>def mockResponseWLN_RES_ACTIVE = callonce read(&quot;../odsdata/getTestData_Consumer_Non_Prod.feature@getdata_resWLN_Active&quot;)</span>
      </div>
    </div>
    <div class="time-cell passed">3</div>
  </div>

   
  
  

  

     

  

</div>
</div>
          <div data-parent="[1.1:29]bg"><div>
  

  

  <div class="step-row">
    <div class="step-container" id="1.17">
      <div class="step-ref bg-step">17</div>
      
      <div class="step-cell passed">
        <span>*</span>&nbsp;<span>def mockResponseWLS_BIZ_ACTIVE = callonce read(&quot;../odsdata/getTestData_Business_Non_Prod.feature@getdatabizWLS&quot;)</span>
      </div>
    </div>
    <div class="time-cell passed">1</div>
  </div>

   
  
  

  

     

  

</div>
</div>
          <div data-parent="[1.1:29]bg"><div>
  

  

  <div class="step-row">
    <div class="step-container" id="1.18">
      <div class="step-ref bg-step">18</div>
      
      <div class="step-cell passed">
        <span>*</span>&nbsp;<span>def mockResponseWLN_BIZ_ACTIVE = callonce read(&quot;../odsdata/getTestData_Business_Non_Prod.feature@getdatabizWLN&quot;)</span>
      </div>
    </div>
    <div class="time-cell passed">1</div>
  </div>

   
  
  

  

     

  

</div>
</div>
          <div data-parent="[1.1:29]bg"><div>
  

  

  <div class="step-row">
    <div class="step-container" id="1.19">
      <div class="step-ref bg-step">19</div>
      
      <div class="step-cell passed">
        <span>*</span>&nbsp;<span>def data_file5 = &#39;tn_feature_data_morethan3acct.json&#39;</span>
      </div>
    </div>
    <div class="time-cell passed">0</div>
  </div>

   
  
  

  

     

  

</div>
</div>
          <div><div>
  

  

  <div class="step-row">
    <div class="step-container" id="1.22">
      <div class="step-ref passed">22</div>
      
      <div class="step-cell passed">
        <span>Given</span>&nbsp;<span>path &#39;customer/contactCenterCustomerInfo/v1/account&#39;</span>
      </div>
    </div>
    <div class="time-cell passed">0</div>
  </div>

   
  
  

  

     

  

</div>
</div>
          <div><div>
  

  

  <div class="step-row">
    <div class="step-container" id="1.23">
      <div class="step-ref passed">23</div>
      
      <div class="step-cell passed">
        <span>And</span>&nbsp;<span>param tn = &#39;7788882617&#39;</span>
      </div>
    </div>
    <div class="time-cell passed">0</div>
  </div>

   
  
  

  

     

  

</div>
</div>
          <div><div>
  

  

  <div class="step-row">
    <div class="step-container" id="1.24">
      <div class="step-ref passed">24</div>
      
      <div class="step-cell passed">
        <span>When</span>&nbsp;<span>method get</span>
      </div>
    </div>
    <div class="time-cell passed">138</div>
  </div>

   
  
  

  

  <div class="preformatted" data-parent="1.24">13:04:55.006 request:
1 &gt; GET https://apigw-st.telus.com/customer/contactCenterCustomerInfo/v1/account?tn=7788882617
1 &gt; accept: application/json
1 &gt; env: it01
1 &gt; Authorization: Bearer eyJhbGciOiJSUzI1NiIsImtpZCI6ImNhZGZhMTYyLTU2YzEtNGRiOS1hNjNmLTYwZTM3NzIwMWJkZiIsInBpLmF0bSI6IjMifQ.eyJzY29wZSI6WyI0NzIwIl0sImF1dGhvcml6YXRpb25fZGV0YWlscyI6W10sImNsaWVudF9pZCI6IjUyZTgwYmZhLWI0MmMtNDdkNy05OGI1LThiYjg3YzkyNjIwOSIsImlzcyI6Imh0dHBzOi8vdGVhbXNzby1pdHMwNC50ZWx1cy5jb20iLCJhdWQiOiJrb25nIiwiaWF0IjoxNzIzMjIzMDg5LCJleHAiOjE3MjMyMjMzODl9.flESEmYyI_eCkBmzn54OkGfP2lAIxnyqs2XbjtABUAmEnkCOQe8uoiUdROg_nBCNsbluJLTMIyv2VQYcEFeVpzwJIN4AH00KC-3px8L7DRMcbbbRqgIOGamUVRjytKBt3cFR1XVCW32bLo_XlS6M0CPdsCtowSRRwenf6htGC3loiXiWZ8pxuYaJNnmQfuSN9rWpZNHc8y-eYDl0xm6EoEXQSfatP3EAxDBw6tgqlb5patcu_afyMqKiHha9IdISwDeMrqyfvgoAR4Sqhdy3Uxp_k_xzmM-XWElgzY0YfiUnRnIl01fsIz1UO7xaed3xVyVlwsYrq6nB9I57SYDk-A
1 &gt; Host: apigw-st.telus.com
1 &gt; Connection: Keep-Alive
1 &gt; User-Agent: Apache-HttpClient/4.5.13 (Java/20.0.2)
1 &gt; Accept-Encoding: gzip,deflate


13:04:55.142 response time in milliseconds: 135
1 &lt; 403
1 &lt; Content-Type: application/json; charset=utf-8
1 &lt; Content-Length: 23
1 &lt; Connection: keep-alive
1 &lt; Date: Fri, 09 Aug 2024 17:04:55 GMT
1 &lt; WWW-Authenticate: Bearer realm=&quot;teamsso-its04.telus.com&quot;, error=&quot;insufficient_scope&quot;
1 &lt; Kong-Request-ID: 2a7d2973-b90b-454f-af4f-d6467f521290#372922
1 &lt; vary: Origin
1 &lt; vary: Origin
1 &lt; X-Kong-Response-Latency: 1
1 &lt; Server: kong/3.4.3.11-enterprise-edition
1 &lt; X-Kong-Request-Id: 8192b43fe031a86b5ea84772f67cc74a
1 &lt; X-Kong-Upstream-Latency: 4
1 &lt; X-Kong-Proxy-Latency: 2
1 &lt; Via: kong/3.4.3.11-enterprise-edition
{&quot;message&quot;:&quot;Forbidden&quot;}
</div>   

  

</div>
</div>
          <div><div>
  

  

  <div class="step-row">
    <div class="step-container" id="1.25">
      <div class="step-ref failed">25</div>
      
      <div class="step-cell failed">
        <span>Then</span>&nbsp;<span>status 200</span>
      </div>
    </div>
    <div class="time-cell failed">0</div>
  </div>

   
  
  

  

  <div class="preformatted" data-parent="1.25">13:04:55.142 classpath:feature/CCE_TN.feature:25
Then status 200
status code was: 403, expected: 200, response time in milliseconds: 135, url: https://apigw-st.telus.com/customer/contactCenterCustomerInfo/v1/account?tn=7788882617, response: 
{&quot;message&quot;:&quot;Forbidden&quot;}
classpath:feature/CCE_TN.feature:25
</div>   

  

</div>
</div>
          <div><div>
  

  

  <div class="step-row">
    <div class="step-container" id="1.26">
      <div class="step-ref skipped">26</div>
      
      <div class="step-cell skipped">
        <span>And</span>&nbsp;<span>match response.accountList[*].billingType == [&quot;postpaid&quot;]</span>
      </div>
    </div>
    <div class="time-cell skipped">0</div>
  </div>

   
  
  

  

     

  

</div>
</div>
        </div>
        <div class="scenario">
          <div class="scenario-heading" id="[1.2:29]">
            <div class="heading-container">
              <div class="scenario-tags">
                
              </div>
              <div class="scenario-keyword">
                Scenario: <span>[1.2:29]</span>
                <span class="scenario-name">TC001_Get_CCE_tn_Info</span>
                <span></span>
              </div>
            </div>
            <div class="scenario-time failed">
              <span>ms:</span>&nbsp;<span>160</span>
            </div>
          </div>
          <div class="step-row">
            <div class="step-container" id="[1.2:29]bg">
              <div class="step-ref bg-step">&gt;&gt;</div>
              <div class="step-cell passed">Background:</div>
            </div>
            <div class="time-cell passed"></div>
          </div>
          <div data-parent="[1.2:29]bg"><div>
  

  

  <div class="step-row">
    <div class="step-container" id="2.5">
      <div class="step-ref bg-step">5</div>
      
      <div class="step-cell passed">
        <span>*</span>&nbsp;<span>url baseURL</span>
      </div>
    </div>
    <div class="time-cell passed">0</div>
  </div>

   
  
  

  

  <div class="preformatted" data-parent="2.5">13:04:55.146 karate.env system property was: it01 
13:04:55.146 clientId:52e80bfa-b42c-47d7-98b5-8bb87c926209 
13:04:55.147 Current URL is : https://apigw-st.telus.com 
13:04:55.147 Current Env is : it01 
</div>   

  

</div>
</div>
          <div data-parent="[1.2:29]bg"><div>
  

  

  <div class="step-row">
    <div class="step-container" id="2.6">
      <div class="step-ref bg-step">6</div>
      
      <div class="step-cell passed">
        <span>*</span>&nbsp;<span>configure ssl = true</span>
      </div>
    </div>
    <div class="time-cell passed">0</div>
  </div>

   
  
  

  

     

  

</div>
</div>
          <div data-parent="[1.2:29]bg"><div>
  

  

  <div class="step-row">
    <div class="step-container" id="2.7">
      <div class="step-ref bg-step">7</div>
      
      <div class="step-cell passed">
        <span>*</span>&nbsp;<span>header accept = &#39;application/json&#39;</span>
      </div>
    </div>
    <div class="time-cell passed">0</div>
  </div>

   
  
  

  

     

  

</div>
</div>
          <div data-parent="[1.2:29]bg"><div>
  

  

  <div class="step-row">
    <div class="step-container" id="2.8">
      <div class="step-ref bg-step">8</div>
      
      <div class="step-cell passed">
        <span>*</span>&nbsp;<span>header env = env</span>
      </div>
    </div>
    <div class="time-cell passed">0</div>
  </div>

   
  
  

  

     

  

</div>
</div>
          <div data-parent="[1.2:29]bg"><div>
  

  

  <div class="step-row">
    <div class="step-container" id="2.9">
      <div class="step-ref bg-step">9</div>
      
      <div class="step-cell passed">
        <span>*</span>&nbsp;<span>configure readTimeout = 20000</span>
      </div>
    </div>
    <div class="time-cell passed">0</div>
  </div>

   
  
  

  

     

  

</div>
</div>
          <div data-parent="[1.2:29]bg"><div>
  

  

  <div class="step-row">
    <div class="step-container" id="2.10">
      <div class="step-ref bg-step">10</div>
      
      <div class="step-cell passed">
        <span>*</span>&nbsp;<span>header Authorization = &#39;Bearer &#39;+authInfo.response.access_token;</span>
      </div>
    </div>
    <div class="time-cell passed">0</div>
  </div>

   
  
  

  

     

  

</div>
</div>
          <div data-parent="[1.2:29]bg"><div>
  

  

  <div class="step-row">
    <div class="step-container" id="2.11">
      <div class="step-ref bg-step">11</div>
      
      <div class="step-cell passed">
        <span>*</span>&nbsp;<span>print authInfo.response.access_token</span>
      </div>
    </div>
    <div class="time-cell passed">0</div>
  </div>

   
  
  

  

  <div class="preformatted" data-parent="2.11">13:04:55.149 [print] eyJhbGciOiJSUzI1NiIsImtpZCI6ImNhZGZhMTYyLTU2YzEtNGRiOS1hNjNmLTYwZTM3NzIwMWJkZiIsInBpLmF0bSI6IjMifQ.eyJzY29wZSI6WyI0NzIwIl0sImF1dGhvcml6YXRpb25fZGV0YWlscyI6W10sImNsaWVudF9pZCI6IjUyZTgwYmZhLWI0MmMtNDdkNy05OGI1LThiYjg3YzkyNjIwOSIsImlzcyI6Imh0dHBzOi8vdGVhbXNzby1pdHMwNC50ZWx1cy5jb20iLCJhdWQiOiJrb25nIiwiaWF0IjoxNzIzMjIzMDg5LCJleHAiOjE3MjMyMjMzODl9.flESEmYyI_eCkBmzn54OkGfP2lAIxnyqs2XbjtABUAmEnkCOQe8uoiUdROg_nBCNsbluJLTMIyv2VQYcEFeVpzwJIN4AH00KC-3px8L7DRMcbbbRqgIOGamUVRjytKBt3cFR1XVCW32bLo_XlS6M0CPdsCtowSRRwenf6htGC3loiXiWZ8pxuYaJNnmQfuSN9rWpZNHc8y-eYDl0xm6EoEXQSfatP3EAxDBw6tgqlb5patcu_afyMqKiHha9IdISwDeMrqyfvgoAR4Sqhdy3Uxp_k_xzmM-XWElgzY0YfiUnRnIl01fsIz1UO7xaed3xVyVlwsYrq6nB9I57SYDk-A 
</div>   

  

</div>
</div>
          <div data-parent="[1.2:29]bg"><div>
  

  

  <div class="step-row">
    <div class="step-container" id="2.12">
      <div class="step-ref bg-step">12</div>
      
      <div class="step-cell passed">
        <span>*</span>&nbsp;<span>def data_file = &#39;tn_feature_data.json&#39;</span>
      </div>
    </div>
    <div class="time-cell passed">0</div>
  </div>

   
  
  

  

     

  

</div>
</div>
          <div data-parent="[1.2:29]bg"><div>
  

  

  <div class="step-row">
    <div class="step-container" id="2.13">
      <div class="step-ref bg-step">13</div>
      
      <div class="step-cell passed">
        <span>*</span>&nbsp;<span>def data_file1 = &#39;tn_kb_corp_Customer-account_feature_data.json&#39;</span>
      </div>
    </div>
    <div class="time-cell passed">0</div>
  </div>

   
  
  

  

     

  

</div>
</div>
          <div data-parent="[1.2:29]bg"><div>
  

  

  <div class="step-row">
    <div class="step-container" id="2.14">
      <div class="step-ref bg-step">14</div>
      
      <div class="step-cell passed">
        <span>*</span>&nbsp;<span>def mockResponseWLS_RES_SUSPENDED = callonce read(&quot;../odsdata/getTestData_Consumer_Non_Prod.feature@getdata_resWLS_Suspended&quot;)</span>
      </div>
    </div>
    <div class="time-cell passed">2</div>
  </div>

   
  
  

  

     

  

</div>
</div>
          <div data-parent="[1.2:29]bg"><div>
  

  

  <div class="step-row">
    <div class="step-container" id="2.15">
      <div class="step-ref bg-step">15</div>
      
      <div class="step-cell passed">
        <span>*</span>&nbsp;<span>def mockResponseWLS_RES_ACTIVE = callonce read(&quot;../odsdata/getTestData_Consumer_Non_Prod.feature@getdata_resWLS_Active&quot;)</span>
      </div>
    </div>
    <div class="time-cell passed">2</div>
  </div>

   
  
  

  

     

  

</div>
</div>
          <div data-parent="[1.2:29]bg"><div>
  

  

  <div class="step-row">
    <div class="step-container" id="2.16">
      <div class="step-ref bg-step">16</div>
      
      <div class="step-cell passed">
        <span>*</span>&nbsp;<span>def mockResponseWLN_RES_ACTIVE = callonce read(&quot;../odsdata/getTestData_Consumer_Non_Prod.feature@getdata_resWLN_Active&quot;)</span>
      </div>
    </div>
    <div class="time-cell passed">1</div>
  </div>

   
  
  

  

     

  

</div>
</div>
          <div data-parent="[1.2:29]bg"><div>
  

  

  <div class="step-row">
    <div class="step-container" id="2.17">
      <div class="step-ref bg-step">17</div>
      
      <div class="step-cell passed">
        <span>*</span>&nbsp;<span>def mockResponseWLS_BIZ_ACTIVE = callonce read(&quot;../odsdata/getTestData_Business_Non_Prod.feature@getdatabizWLS&quot;)</span>
      </div>
    </div>
    <div class="time-cell passed">1</div>
  </div>

   
  
  

  

     

  

</div>
</div>
          <div data-parent="[1.2:29]bg"><div>
  

  

  <div class="step-row">
    <div class="step-container" id="2.18">
      <div class="step-ref bg-step">18</div>
      
      <div class="step-cell passed">
        <span>*</span>&nbsp;<span>def mockResponseWLN_BIZ_ACTIVE = callonce read(&quot;../odsdata/getTestData_Business_Non_Prod.feature@getdatabizWLN&quot;)</span>
      </div>
    </div>
    <div class="time-cell passed">1</div>
  </div>

   
  
  

  

     

  

</div>
</div>
          <div data-parent="[1.2:29]bg"><div>
  

  

  <div class="step-row">
    <div class="step-container" id="2.19">
      <div class="step-ref bg-step">19</div>
      
      <div class="step-cell passed">
        <span>*</span>&nbsp;<span>def data_file5 = &#39;tn_feature_data_morethan3acct.json&#39;</span>
      </div>
    </div>
    <div class="time-cell passed">0</div>
  </div>

   
  
  

  

     

  

</div>
</div>
          <div><div>
  

  

  <div class="step-row">
    <div class="step-container" id="2.22">
      <div class="step-ref passed">22</div>
      
      <div class="step-cell passed">
        <span>Given</span>&nbsp;<span>path &#39;customer/contactCenterCustomerInfo/v1/account&#39;</span>
      </div>
    </div>
    <div class="time-cell passed">0</div>
  </div>

   
  
  

  

     

  

</div>
</div>
          <div><div>
  

  

  <div class="step-row">
    <div class="step-container" id="2.23">
      <div class="step-ref passed">23</div>
      
      <div class="step-cell passed">
        <span>And</span>&nbsp;<span>param tn = &#39;9059091706&#39;</span>
      </div>
    </div>
    <div class="time-cell passed">0</div>
  </div>

   
  
  

  

     

  

</div>
</div>
          <div><div>
  

  

  <div class="step-row">
    <div class="step-container" id="2.24">
      <div class="step-ref passed">24</div>
      
      <div class="step-cell passed">
        <span>When</span>&nbsp;<span>method get</span>
      </div>
    </div>
    <div class="time-cell passed">151</div>
  </div>

   
  
  

  

  <div class="preformatted" data-parent="2.24">13:04:55.159 request:
1 &gt; GET https://apigw-st.telus.com/customer/contactCenterCustomerInfo/v1/account?tn=9059091706
1 &gt; accept: application/json
1 &gt; env: it01
1 &gt; Authorization: Bearer eyJhbGciOiJSUzI1NiIsImtpZCI6ImNhZGZhMTYyLTU2YzEtNGRiOS1hNjNmLTYwZTM3NzIwMWJkZiIsInBpLmF0bSI6IjMifQ.eyJzY29wZSI6WyI0NzIwIl0sImF1dGhvcml6YXRpb25fZGV0YWlscyI6W10sImNsaWVudF9pZCI6IjUyZTgwYmZhLWI0MmMtNDdkNy05OGI1LThiYjg3YzkyNjIwOSIsImlzcyI6Imh0dHBzOi8vdGVhbXNzby1pdHMwNC50ZWx1cy5jb20iLCJhdWQiOiJrb25nIiwiaWF0IjoxNzIzMjIzMDg5LCJleHAiOjE3MjMyMjMzODl9.flESEmYyI_eCkBmzn54OkGfP2lAIxnyqs2XbjtABUAmEnkCOQe8uoiUdROg_nBCNsbluJLTMIyv2VQYcEFeVpzwJIN4AH00KC-3px8L7DRMcbbbRqgIOGamUVRjytKBt3cFR1XVCW32bLo_XlS6M0CPdsCtowSRRwenf6htGC3loiXiWZ8pxuYaJNnmQfuSN9rWpZNHc8y-eYDl0xm6EoEXQSfatP3EAxDBw6tgqlb5patcu_afyMqKiHha9IdISwDeMrqyfvgoAR4Sqhdy3Uxp_k_xzmM-XWElgzY0YfiUnRnIl01fsIz1UO7xaed3xVyVlwsYrq6nB9I57SYDk-A
1 &gt; Host: apigw-st.telus.com
1 &gt; Connection: Keep-Alive
1 &gt; User-Agent: Apache-HttpClient/4.5.13 (Java/20.0.2)
1 &gt; Accept-Encoding: gzip,deflate


13:04:55.308 response time in milliseconds: 149
1 &lt; 403
1 &lt; Content-Type: application/json; charset=utf-8
1 &lt; Content-Length: 23
1 &lt; Connection: keep-alive
1 &lt; Date: Fri, 09 Aug 2024 17:04:55 GMT
1 &lt; WWW-Authenticate: Bearer realm=&quot;teamsso-its04.telus.com&quot;, error=&quot;insufficient_scope&quot;
1 &lt; Kong-Request-ID: 813137a7-c89b-4b1b-ab8b-01bbb50fe511#396399
1 &lt; vary: Origin
1 &lt; vary: Origin
1 &lt; X-Kong-Response-Latency: 3
1 &lt; Server: kong/3.4.3.11-enterprise-edition
1 &lt; X-Kong-Request-Id: 7d74556c9d35ab235a5bd0764011b431
1 &lt; X-Kong-Upstream-Latency: 7
1 &lt; X-Kong-Proxy-Latency: 1
1 &lt; Via: kong/3.4.3.11-enterprise-edition
{&quot;message&quot;:&quot;Forbidden&quot;}
</div>   

  

</div>
</div>
          <div><div>
  

  

  <div class="step-row">
    <div class="step-container" id="2.25">
      <div class="step-ref failed">25</div>
      
      <div class="step-cell failed">
        <span>Then</span>&nbsp;<span>status 200</span>
      </div>
    </div>
    <div class="time-cell failed">0</div>
  </div>

   
  
  

  

  <div class="preformatted" data-parent="2.25">13:04:55.309 classpath:feature/CCE_TN.feature:25
Then status 200
status code was: 403, expected: 200, response time in milliseconds: 149, url: https://apigw-st.telus.com/customer/contactCenterCustomerInfo/v1/account?tn=9059091706, response: 
{&quot;message&quot;:&quot;Forbidden&quot;}
classpath:feature/CCE_TN.feature:25
</div>   

  

</div>
</div>
          <div><div>
  

  

  <div class="step-row">
    <div class="step-container" id="2.26">
      <div class="step-ref skipped">26</div>
      
      <div class="step-cell skipped">
        <span>And</span>&nbsp;<span>match response.accountList[*].billingType == [&quot;postpaid&quot;]</span>
      </div>
    </div>
    <div class="time-cell skipped">0</div>
  </div>

   
  
  

  

     

  

</div>
</div>
        </div>
        <div class="scenario">
          <div class="scenario-heading" id="[1.3:29]">
            <div class="heading-container">
              <div class="scenario-tags">
                
              </div>
              <div class="scenario-keyword">
                Scenario: <span>[1.3:29]</span>
                <span class="scenario-name">TC001_Get_CCE_tn_Info</span>
                <span></span>
              </div>
            </div>
            <div class="scenario-time failed">
              <span>ms:</span>&nbsp;<span>155</span>
            </div>
          </div>
          <div class="step-row">
            <div class="step-container" id="[1.3:29]bg">
              <div class="step-ref bg-step">&gt;&gt;</div>
              <div class="step-cell passed">Background:</div>
            </div>
            <div class="time-cell passed"></div>
          </div>
          <div data-parent="[1.3:29]bg"><div>
  

  

  <div class="step-row">
    <div class="step-container" id="3.5">
      <div class="step-ref bg-step">5</div>
      
      <div class="step-cell passed">
        <span>*</span>&nbsp;<span>url baseURL</span>
      </div>
    </div>
    <div class="time-cell passed">0</div>
  </div>

   
  
  

  

  <div class="preformatted" data-parent="3.5">13:04:55.313 karate.env system property was: it01 
13:04:55.313 clientId:52e80bfa-b42c-47d7-98b5-8bb87c926209 
13:04:55.314 Current URL is : https://apigw-st.telus.com 
13:04:55.314 Current Env is : it01 
</div>   

  

</div>
</div>
          <div data-parent="[1.3:29]bg"><div>
  

  

  <div class="step-row">
    <div class="step-container" id="3.6">
      <div class="step-ref bg-step">6</div>
      
      <div class="step-cell passed">
        <span>*</span>&nbsp;<span>configure ssl = true</span>
      </div>
    </div>
    <div class="time-cell passed">0</div>
  </div>

   
  
  

  

     

  

</div>
</div>
          <div data-parent="[1.3:29]bg"><div>
  

  

  <div class="step-row">
    <div class="step-container" id="3.7">
      <div class="step-ref bg-step">7</div>
      
      <div class="step-cell passed">
        <span>*</span>&nbsp;<span>header accept = &#39;application/json&#39;</span>
      </div>
    </div>
    <div class="time-cell passed">0</div>
  </div>

   
  
  

  

     

  

</div>
</div>
          <div data-parent="[1.3:29]bg"><div>
  

  

  <div class="step-row">
    <div class="step-container" id="3.8">
      <div class="step-ref bg-step">8</div>
      
      <div class="step-cell passed">
        <span>*</span>&nbsp;<span>header env = env</span>
      </div>
    </div>
    <div class="time-cell passed">0</div>
  </div>

   
  
  

  

     

  

</div>
</div>
          <div data-parent="[1.3:29]bg"><div>
  

  

  <div class="step-row">
    <div class="step-container" id="3.9">
      <div class="step-ref bg-step">9</div>
      
      <div class="step-cell passed">
        <span>*</span>&nbsp;<span>configure readTimeout = 20000</span>
      </div>
    </div>
    <div class="time-cell passed">0</div>
  </div>

   
  
  

  

     

  

</div>
</div>
          <div data-parent="[1.3:29]bg"><div>
  

  

  <div class="step-row">
    <div class="step-container" id="3.10">
      <div class="step-ref bg-step">10</div>
      
      <div class="step-cell passed">
        <span>*</span>&nbsp;<span>header Authorization = &#39;Bearer &#39;+authInfo.response.access_token;</span>
      </div>
    </div>
    <div class="time-cell passed">0</div>
  </div>

   
  
  

  

     

  

</div>
</div>
          <div data-parent="[1.3:29]bg"><div>
  

  

  <div class="step-row">
    <div class="step-container" id="3.11">
      <div class="step-ref bg-step">11</div>
      
      <div class="step-cell passed">
        <span>*</span>&nbsp;<span>print authInfo.response.access_token</span>
      </div>
    </div>
    <div class="time-cell passed">0</div>
  </div>

   
  
  

  

  <div class="preformatted" data-parent="3.11">13:04:55.316 [print] eyJhbGciOiJSUzI1NiIsImtpZCI6ImNhZGZhMTYyLTU2YzEtNGRiOS1hNjNmLTYwZTM3NzIwMWJkZiIsInBpLmF0bSI6IjMifQ.eyJzY29wZSI6WyI0NzIwIl0sImF1dGhvcml6YXRpb25fZGV0YWlscyI6W10sImNsaWVudF9pZCI6IjUyZTgwYmZhLWI0MmMtNDdkNy05OGI1LThiYjg3YzkyNjIwOSIsImlzcyI6Imh0dHBzOi8vdGVhbXNzby1pdHMwNC50ZWx1cy5jb20iLCJhdWQiOiJrb25nIiwiaWF0IjoxNzIzMjIzMDg5LCJleHAiOjE3MjMyMjMzODl9.flESEmYyI_eCkBmzn54OkGfP2lAIxnyqs2XbjtABUAmEnkCOQe8uoiUdROg_nBCNsbluJLTMIyv2VQYcEFeVpzwJIN4AH00KC-3px8L7DRMcbbbRqgIOGamUVRjytKBt3cFR1XVCW32bLo_XlS6M0CPdsCtowSRRwenf6htGC3loiXiWZ8pxuYaJNnmQfuSN9rWpZNHc8y-eYDl0xm6EoEXQSfatP3EAxDBw6tgqlb5patcu_afyMqKiHha9IdISwDeMrqyfvgoAR4Sqhdy3Uxp_k_xzmM-XWElgzY0YfiUnRnIl01fsIz1UO7xaed3xVyVlwsYrq6nB9I57SYDk-A 
</div>   

  

</div>
</div>
          <div data-parent="[1.3:29]bg"><div>
  

  

  <div class="step-row">
    <div class="step-container" id="3.12">
      <div class="step-ref bg-step">12</div>
      
      <div class="step-cell passed">
        <span>*</span>&nbsp;<span>def data_file = &#39;tn_feature_data.json&#39;</span>
      </div>
    </div>
    <div class="time-cell passed">0</div>
  </div>

   
  
  

  

     

  

</div>
</div>
          <div data-parent="[1.3:29]bg"><div>
  

  

  <div class="step-row">
    <div class="step-container" id="3.13">
      <div class="step-ref bg-step">13</div>
      
      <div class="step-cell passed">
        <span>*</span>&nbsp;<span>def data_file1 = &#39;tn_kb_corp_Customer-account_feature_data.json&#39;</span>
      </div>
    </div>
    <div class="time-cell passed">0</div>
  </div>

   
  
  

  

     

  

</div>
</div>
          <div data-parent="[1.3:29]bg"><div>
  

  

  <div class="step-row">
    <div class="step-container" id="3.14">
      <div class="step-ref bg-step">14</div>
      
      <div class="step-cell passed">
        <span>*</span>&nbsp;<span>def mockResponseWLS_RES_SUSPENDED = callonce read(&quot;../odsdata/getTestData_Consumer_Non_Prod.feature@getdata_resWLS_Suspended&quot;)</span>
      </div>
    </div>
    <div class="time-cell passed">2</div>
  </div>

   
  
  

  

     

  

</div>
</div>
          <div data-parent="[1.3:29]bg"><div>
  

  

  <div class="step-row">
    <div class="step-container" id="3.15">
      <div class="step-ref bg-step">15</div>
      
      <div class="step-cell passed">
        <span>*</span>&nbsp;<span>def mockResponseWLS_RES_ACTIVE = callonce read(&quot;../odsdata/getTestData_Consumer_Non_Prod.feature@getdata_resWLS_Active&quot;)</span>
      </div>
    </div>
    <div class="time-cell passed">2</div>
  </div>

   
  
  

  

     

  

</div>
</div>
          <div data-parent="[1.3:29]bg"><div>
  

  

  <div class="step-row">
    <div class="step-container" id="3.16">
      <div class="step-ref bg-step">16</div>
      
      <div class="step-cell passed">
        <span>*</span>&nbsp;<span>def mockResponseWLN_RES_ACTIVE = callonce read(&quot;../odsdata/getTestData_Consumer_Non_Prod.feature@getdata_resWLN_Active&quot;)</span>
      </div>
    </div>
    <div class="time-cell passed">1</div>
  </div>

   
  
  

  

     

  

</div>
</div>
          <div data-parent="[1.3:29]bg"><div>
  

  

  <div class="step-row">
    <div class="step-container" id="3.17">
      <div class="step-ref bg-step">17</div>
      
      <div class="step-cell passed">
        <span>*</span>&nbsp;<span>def mockResponseWLS_BIZ_ACTIVE = callonce read(&quot;../odsdata/getTestData_Business_Non_Prod.feature@getdatabizWLS&quot;)</span>
      </div>
    </div>
    <div class="time-cell passed">1</div>
  </div>

   
  
  

  

     

  

</div>
</div>
          <div data-parent="[1.3:29]bg"><div>
  

  

  <div class="step-row">
    <div class="step-container" id="3.18">
      <div class="step-ref bg-step">18</div>
      
      <div class="step-cell passed">
        <span>*</span>&nbsp;<span>def mockResponseWLN_BIZ_ACTIVE = callonce read(&quot;../odsdata/getTestData_Business_Non_Prod.feature@getdatabizWLN&quot;)</span>
      </div>
    </div>
    <div class="time-cell passed">1</div>
  </div>

   
  
  

  

     

  

</div>
</div>
          <div data-parent="[1.3:29]bg"><div>
  

  

  <div class="step-row">
    <div class="step-container" id="3.19">
      <div class="step-ref bg-step">19</div>
      
      <div class="step-cell passed">
        <span>*</span>&nbsp;<span>def data_file5 = &#39;tn_feature_data_morethan3acct.json&#39;</span>
      </div>
    </div>
    <div class="time-cell passed">0</div>
  </div>

   
  
  

  

     

  

</div>
</div>
          <div><div>
  

  

  <div class="step-row">
    <div class="step-container" id="3.22">
      <div class="step-ref passed">22</div>
      
      <div class="step-cell passed">
        <span>Given</span>&nbsp;<span>path &#39;customer/contactCenterCustomerInfo/v1/account&#39;</span>
      </div>
    </div>
    <div class="time-cell passed">0</div>
  </div>

   
  
  

  

     

  

</div>
</div>
          <div><div>
  

  

  <div class="step-row">
    <div class="step-container" id="3.23">
      <div class="step-ref passed">23</div>
      
      <div class="step-cell passed">
        <span>And</span>&nbsp;<span>param tn = &#39;4161543587&#39;</span>
      </div>
    </div>
    <div class="time-cell passed">0</div>
  </div>

   
  
  

  

     

  

</div>
</div>
          <div><div>
  

  

  <div class="step-row">
    <div class="step-container" id="3.24">
      <div class="step-ref passed">24</div>
      
      <div class="step-cell passed">
        <span>When</span>&nbsp;<span>method get</span>
      </div>
    </div>
    <div class="time-cell passed">146</div>
  </div>

   
  
  

  

  <div class="preformatted" data-parent="3.24">13:04:55.325 request:
1 &gt; GET https://apigw-st.telus.com/customer/contactCenterCustomerInfo/v1/account?tn=4161543587
1 &gt; accept: application/json
1 &gt; env: it01
1 &gt; Authorization: Bearer eyJhbGciOiJSUzI1NiIsImtpZCI6ImNhZGZhMTYyLTU2YzEtNGRiOS1hNjNmLTYwZTM3NzIwMWJkZiIsInBpLmF0bSI6IjMifQ.eyJzY29wZSI6WyI0NzIwIl0sImF1dGhvcml6YXRpb25fZGV0YWlscyI6W10sImNsaWVudF9pZCI6IjUyZTgwYmZhLWI0MmMtNDdkNy05OGI1LThiYjg3YzkyNjIwOSIsImlzcyI6Imh0dHBzOi8vdGVhbXNzby1pdHMwNC50ZWx1cy5jb20iLCJhdWQiOiJrb25nIiwiaWF0IjoxNzIzMjIzMDg5LCJleHAiOjE3MjMyMjMzODl9.flESEmYyI_eCkBmzn54OkGfP2lAIxnyqs2XbjtABUAmEnkCOQe8uoiUdROg_nBCNsbluJLTMIyv2VQYcEFeVpzwJIN4AH00KC-3px8L7DRMcbbbRqgIOGamUVRjytKBt3cFR1XVCW32bLo_XlS6M0CPdsCtowSRRwenf6htGC3loiXiWZ8pxuYaJNnmQfuSN9rWpZNHc8y-eYDl0xm6EoEXQSfatP3EAxDBw6tgqlb5patcu_afyMqKiHha9IdISwDeMrqyfvgoAR4Sqhdy3Uxp_k_xzmM-XWElgzY0YfiUnRnIl01fsIz1UO7xaed3xVyVlwsYrq6nB9I57SYDk-A
1 &gt; Host: apigw-st.telus.com
1 &gt; Connection: Keep-Alive
1 &gt; User-Agent: Apache-HttpClient/4.5.13 (Java/20.0.2)
1 &gt; Accept-Encoding: gzip,deflate


13:04:55.470 response time in milliseconds: 144
1 &lt; 403
1 &lt; Content-Type: application/json; charset=utf-8
1 &lt; Content-Length: 23
1 &lt; Connection: keep-alive
1 &lt; Date: Fri, 09 Aug 2024 17:04:56 GMT
1 &lt; WWW-Authenticate: Bearer realm=&quot;teamsso-its04.telus.com&quot;, error=&quot;insufficient_scope&quot;
1 &lt; Kong-Request-ID: 6f860d23-e116-426f-a706-96141fa2688f#184585
1 &lt; vary: Origin
1 &lt; vary: Origin
1 &lt; X-Kong-Response-Latency: 8
1 &lt; Server: kong/3.4.3.11-enterprise-edition
1 &lt; X-Kong-Request-Id: 84fe782322db8d528f5ded35152ca537
1 &lt; X-Kong-Upstream-Latency: 13
1 &lt; X-Kong-Proxy-Latency: 1
1 &lt; Via: kong/3.4.3.11-enterprise-edition
{&quot;message&quot;:&quot;Forbidden&quot;}
</div>   

  

</div>
</div>
          <div><div>
  

  

  <div class="step-row">
    <div class="step-container" id="3.25">
      <div class="step-ref failed">25</div>
      
      <div class="step-cell failed">
        <span>Then</span>&nbsp;<span>status 200</span>
      </div>
    </div>
    <div class="time-cell failed">0</div>
  </div>

   
  
  

  

  <div class="preformatted" data-parent="3.25">13:04:55.470 classpath:feature/CCE_TN.feature:25
Then status 200
status code was: 403, expected: 200, response time in milliseconds: 144, url: https://apigw-st.telus.com/customer/contactCenterCustomerInfo/v1/account?tn=4161543587, response: 
{&quot;message&quot;:&quot;Forbidden&quot;}
classpath:feature/CCE_TN.feature:25
</div>   

  

</div>
</div>
          <div><div>
  

  

  <div class="step-row">
    <div class="step-container" id="3.26">
      <div class="step-ref skipped">26</div>
      
      <div class="step-cell skipped">
        <span>And</span>&nbsp;<span>match response.accountList[*].billingType == [&quot;postpaid&quot;]</span>
      </div>
    </div>
    <div class="time-cell skipped">0</div>
  </div>

   
  
  

  

     

  

</div>
</div>
        </div>
        <div class="scenario">
          <div class="scenario-heading" id="[1.4:29]">
            <div class="heading-container">
              <div class="scenario-tags">
                
              </div>
              <div class="scenario-keyword">
                Scenario: <span>[1.4:29]</span>
                <span class="scenario-name">TC001_Get_CCE_tn_Info</span>
                <span></span>
              </div>
            </div>
            <div class="scenario-time failed">
              <span>ms:</span>&nbsp;<span>155</span>
            </div>
          </div>
          <div class="step-row">
            <div class="step-container" id="[1.4:29]bg">
              <div class="step-ref bg-step">&gt;&gt;</div>
              <div class="step-cell passed">Background:</div>
            </div>
            <div class="time-cell passed"></div>
          </div>
          <div data-parent="[1.4:29]bg"><div>
  

  

  <div class="step-row">
    <div class="step-container" id="4.5">
      <div class="step-ref bg-step">5</div>
      
      <div class="step-cell passed">
        <span>*</span>&nbsp;<span>url baseURL</span>
      </div>
    </div>
    <div class="time-cell passed">0</div>
  </div>

   
  
  

  

  <div class="preformatted" data-parent="4.5">13:04:55.475 karate.env system property was: it01 
13:04:55.475 clientId:52e80bfa-b42c-47d7-98b5-8bb87c926209 
13:04:55.476 Current URL is : https://apigw-st.telus.com 
13:04:55.477 Current Env is : it01 
</div>   

  

</div>
</div>
          <div data-parent="[1.4:29]bg"><div>
  

  

  <div class="step-row">
    <div class="step-container" id="4.6">
      <div class="step-ref bg-step">6</div>
      
      <div class="step-cell passed">
        <span>*</span>&nbsp;<span>configure ssl = true</span>
      </div>
    </div>
    <div class="time-cell passed">0</div>
  </div>

   
  
  

  

     

  

</div>
</div>
          <div data-parent="[1.4:29]bg"><div>
  

  

  <div class="step-row">
    <div class="step-container" id="4.7">
      <div class="step-ref bg-step">7</div>
      
      <div class="step-cell passed">
        <span>*</span>&nbsp;<span>header accept = &#39;application/json&#39;</span>
      </div>
    </div>
    <div class="time-cell passed">0</div>
  </div>

   
  
  

  

     

  

</div>
</div>
          <div data-parent="[1.4:29]bg"><div>
  

  

  <div class="step-row">
    <div class="step-container" id="4.8">
      <div class="step-ref bg-step">8</div>
      
      <div class="step-cell passed">
        <span>*</span>&nbsp;<span>header env = env</span>
      </div>
    </div>
    <div class="time-cell passed">1</div>
  </div>

   
  
  

  

     

  

</div>
</div>
          <div data-parent="[1.4:29]bg"><div>
  

  

  <div class="step-row">
    <div class="step-container" id="4.9">
      <div class="step-ref bg-step">9</div>
      
      <div class="step-cell passed">
        <span>*</span>&nbsp;<span>configure readTimeout = 20000</span>
      </div>
    </div>
    <div class="time-cell passed">0</div>
  </div>

   
  
  

  

     

  

</div>
</div>
          <div data-parent="[1.4:29]bg"><div>
  

  

  <div class="step-row">
    <div class="step-container" id="4.10">
      <div class="step-ref bg-step">10</div>
      
      <div class="step-cell passed">
        <span>*</span>&nbsp;<span>header Authorization = &#39;Bearer &#39;+authInfo.response.access_token;</span>
      </div>
    </div>
    <div class="time-cell passed">0</div>
  </div>

   
  
  

  

     

  

</div>
</div>
          <div data-parent="[1.4:29]bg"><div>
  

  

  <div class="step-row">
    <div class="step-container" id="4.11">
      <div class="step-ref bg-step">11</div>
      
      <div class="step-cell passed">
        <span>*</span>&nbsp;<span>print authInfo.response.access_token</span>
      </div>
    </div>
    <div class="time-cell passed">0</div>
  </div>

   
  
  

  

  <div class="preformatted" data-parent="4.11">13:04:55.479 [print] eyJhbGciOiJSUzI1NiIsImtpZCI6ImNhZGZhMTYyLTU2YzEtNGRiOS1hNjNmLTYwZTM3NzIwMWJkZiIsInBpLmF0bSI6IjMifQ.eyJzY29wZSI6WyI0NzIwIl0sImF1dGhvcml6YXRpb25fZGV0YWlscyI6W10sImNsaWVudF9pZCI6IjUyZTgwYmZhLWI0MmMtNDdkNy05OGI1LThiYjg3YzkyNjIwOSIsImlzcyI6Imh0dHBzOi8vdGVhbXNzby1pdHMwNC50ZWx1cy5jb20iLCJhdWQiOiJrb25nIiwiaWF0IjoxNzIzMjIzMDg5LCJleHAiOjE3MjMyMjMzODl9.flESEmYyI_eCkBmzn54OkGfP2lAIxnyqs2XbjtABUAmEnkCOQe8uoiUdROg_nBCNsbluJLTMIyv2VQYcEFeVpzwJIN4AH00KC-3px8L7DRMcbbbRqgIOGamUVRjytKBt3cFR1XVCW32bLo_XlS6M0CPdsCtowSRRwenf6htGC3loiXiWZ8pxuYaJNnmQfuSN9rWpZNHc8y-eYDl0xm6EoEXQSfatP3EAxDBw6tgqlb5patcu_afyMqKiHha9IdISwDeMrqyfvgoAR4Sqhdy3Uxp_k_xzmM-XWElgzY0YfiUnRnIl01fsIz1UO7xaed3xVyVlwsYrq6nB9I57SYDk-A 
</div>   

  

</div>
</div>
          <div data-parent="[1.4:29]bg"><div>
  

  

  <div class="step-row">
    <div class="step-container" id="4.12">
      <div class="step-ref bg-step">12</div>
      
      <div class="step-cell passed">
        <span>*</span>&nbsp;<span>def data_file = &#39;tn_feature_data.json&#39;</span>
      </div>
    </div>
    <div class="time-cell passed">0</div>
  </div>

   
  
  

  

     

  

</div>
</div>
          <div data-parent="[1.4:29]bg"><div>
  

  

  <div class="step-row">
    <div class="step-container" id="4.13">
      <div class="step-ref bg-step">13</div>
      
      <div class="step-cell passed">
        <span>*</span>&nbsp;<span>def data_file1 = &#39;tn_kb_corp_Customer-account_feature_data.json&#39;</span>
      </div>
    </div>
    <div class="time-cell passed">0</div>
  </div>

   
  
  

  

     

  

</div>
</div>
          <div data-parent="[1.4:29]bg"><div>
  

  

  <div class="step-row">
    <div class="step-container" id="4.14">
      <div class="step-ref bg-step">14</div>
      
      <div class="step-cell passed">
        <span>*</span>&nbsp;<span>def mockResponseWLS_RES_SUSPENDED = callonce read(&quot;../odsdata/getTestData_Consumer_Non_Prod.feature@getdata_resWLS_Suspended&quot;)</span>
      </div>
    </div>
    <div class="time-cell passed">1</div>
  </div>

   
  
  

  

     

  

</div>
</div>
          <div data-parent="[1.4:29]bg"><div>
  

  

  <div class="step-row">
    <div class="step-container" id="4.15">
      <div class="step-ref bg-step">15</div>
      
      <div class="step-cell passed">
        <span>*</span>&nbsp;<span>def mockResponseWLS_RES_ACTIVE = callonce read(&quot;../odsdata/getTestData_Consumer_Non_Prod.feature@getdata_resWLS_Active&quot;)</span>
      </div>
    </div>
    <div class="time-cell passed">1</div>
  </div>

   
  
  

  

     

  

</div>
</div>
          <div data-parent="[1.4:29]bg"><div>
  

  

  <div class="step-row">
    <div class="step-container" id="4.16">
      <div class="step-ref bg-step">16</div>
      
      <div class="step-cell passed">
        <span>*</span>&nbsp;<span>def mockResponseWLN_RES_ACTIVE = callonce read(&quot;../odsdata/getTestData_Consumer_Non_Prod.feature@getdata_resWLN_Active&quot;)</span>
      </div>
    </div>
    <div class="time-cell passed">1</div>
  </div>

   
  
  

  

     

  

</div>
</div>
          <div data-parent="[1.4:29]bg"><div>
  

  

  <div class="step-row">
    <div class="step-container" id="4.17">
      <div class="step-ref bg-step">17</div>
      
      <div class="step-cell passed">
        <span>*</span>&nbsp;<span>def mockResponseWLS_BIZ_ACTIVE = callonce read(&quot;../odsdata/getTestData_Business_Non_Prod.feature@getdatabizWLS&quot;)</span>
      </div>
    </div>
    <div class="time-cell passed">1</div>
  </div>

   
  
  

  

     

  

</div>
</div>
          <div data-parent="[1.4:29]bg"><div>
  

  

  <div class="step-row">
    <div class="step-container" id="4.18">
      <div class="step-ref bg-step">18</div>
      
      <div class="step-cell passed">
        <span>*</span>&nbsp;<span>def mockResponseWLN_BIZ_ACTIVE = callonce read(&quot;../odsdata/getTestData_Business_Non_Prod.feature@getdatabizWLN&quot;)</span>
      </div>
    </div>
    <div class="time-cell passed">1</div>
  </div>

   
  
  

  

     

  

</div>
</div>
          <div data-parent="[1.4:29]bg"><div>
  

  

  <div class="step-row">
    <div class="step-container" id="4.19">
      <div class="step-ref bg-step">19</div>
      
      <div class="step-cell passed">
        <span>*</span>&nbsp;<span>def data_file5 = &#39;tn_feature_data_morethan3acct.json&#39;</span>
      </div>
    </div>
    <div class="time-cell passed">0</div>
  </div>

   
  
  

  

     

  

</div>
</div>
          <div><div>
  

  

  <div class="step-row">
    <div class="step-container" id="4.22">
      <div class="step-ref passed">22</div>
      
      <div class="step-cell passed">
        <span>Given</span>&nbsp;<span>path &#39;customer/contactCenterCustomerInfo/v1/account&#39;</span>
      </div>
    </div>
    <div class="time-cell passed">0</div>
  </div>

   
  
  

  

     

  

</div>
</div>
          <div><div>
  

  

  <div class="step-row">
    <div class="step-container" id="4.23">
      <div class="step-ref passed">23</div>
      
      <div class="step-cell passed">
        <span>And</span>&nbsp;<span>param tn = &#39;4031726038&#39;</span>
      </div>
    </div>
    <div class="time-cell passed">0</div>
  </div>

   
  
  

  

     

  

</div>
</div>
          <div><div>
  

  

  <div class="step-row">
    <div class="step-container" id="4.24">
      <div class="step-ref passed">24</div>
      
      <div class="step-cell passed">
        <span>When</span>&nbsp;<span>method get</span>
      </div>
    </div>
    <div class="time-cell passed">147</div>
  </div>

   
  
  

  

  <div class="preformatted" data-parent="4.24">13:04:55.486 request:
1 &gt; GET https://apigw-st.telus.com/customer/contactCenterCustomerInfo/v1/account?tn=4031726038
1 &gt; accept: application/json
1 &gt; env: it01
1 &gt; Authorization: Bearer eyJhbGciOiJSUzI1NiIsImtpZCI6ImNhZGZhMTYyLTU2YzEtNGRiOS1hNjNmLTYwZTM3NzIwMWJkZiIsInBpLmF0bSI6IjMifQ.eyJzY29wZSI6WyI0NzIwIl0sImF1dGhvcml6YXRpb25fZGV0YWlscyI6W10sImNsaWVudF9pZCI6IjUyZTgwYmZhLWI0MmMtNDdkNy05OGI1LThiYjg3YzkyNjIwOSIsImlzcyI6Imh0dHBzOi8vdGVhbXNzby1pdHMwNC50ZWx1cy5jb20iLCJhdWQiOiJrb25nIiwiaWF0IjoxNzIzMjIzMDg5LCJleHAiOjE3MjMyMjMzODl9.flESEmYyI_eCkBmzn54OkGfP2lAIxnyqs2XbjtABUAmEnkCOQe8uoiUdROg_nBCNsbluJLTMIyv2VQYcEFeVpzwJIN4AH00KC-3px8L7DRMcbbbRqgIOGamUVRjytKBt3cFR1XVCW32bLo_XlS6M0CPdsCtowSRRwenf6htGC3loiXiWZ8pxuYaJNnmQfuSN9rWpZNHc8y-eYDl0xm6EoEXQSfatP3EAxDBw6tgqlb5patcu_afyMqKiHha9IdISwDeMrqyfvgoAR4Sqhdy3Uxp_k_xzmM-XWElgzY0YfiUnRnIl01fsIz1UO7xaed3xVyVlwsYrq6nB9I57SYDk-A
1 &gt; Host: apigw-st.telus.com
1 &gt; Connection: Keep-Alive
1 &gt; User-Agent: Apache-HttpClient/4.5.13 (Java/20.0.2)
1 &gt; Accept-Encoding: gzip,deflate


13:04:55.632 response time in milliseconds: 146
1 &lt; 403
1 &lt; Content-Type: application/json; charset=utf-8
1 &lt; Content-Length: 23
1 &lt; Connection: keep-alive
1 &lt; Date: Fri, 09 Aug 2024 17:04:56 GMT
1 &lt; WWW-Authenticate: Bearer realm=&quot;teamsso-its04.telus.com&quot;, error=&quot;insufficient_scope&quot;
1 &lt; Kong-Request-ID: 2a7d2973-b90b-454f-af4f-d6467f521290#372923
1 &lt; vary: Origin
1 &lt; vary: Origin
1 &lt; X-Kong-Response-Latency: 1
1 &lt; Server: kong/3.4.3.11-enterprise-edition
1 &lt; X-Kong-Request-Id: d26f6677284dbe65afecad23934d8c48
1 &lt; X-Kong-Upstream-Latency: 4
1 &lt; X-Kong-Proxy-Latency: 2
1 &lt; Via: kong/3.4.3.11-enterprise-edition
{&quot;message&quot;:&quot;Forbidden&quot;}
</div>   

  

</div>
</div>
          <div><div>
  

  

  <div class="step-row">
    <div class="step-container" id="4.25">
      <div class="step-ref failed">25</div>
      
      <div class="step-cell failed">
        <span>Then</span>&nbsp;<span>status 200</span>
      </div>
    </div>
    <div class="time-cell failed">0</div>
  </div>

   
  
  

  

  <div class="preformatted" data-parent="4.25">13:04:55.633 classpath:feature/CCE_TN.feature:25
Then status 200
status code was: 403, expected: 200, response time in milliseconds: 146, url: https://apigw-st.telus.com/customer/contactCenterCustomerInfo/v1/account?tn=4031726038, response: 
{&quot;message&quot;:&quot;Forbidden&quot;}
classpath:feature/CCE_TN.feature:25
</div>   

  

</div>
</div>
          <div><div>
  

  

  <div class="step-row">
    <div class="step-container" id="4.26">
      <div class="step-ref skipped">26</div>
      
      <div class="step-cell skipped">
        <span>And</span>&nbsp;<span>match response.accountList[*].billingType == [&quot;postpaid&quot;]</span>
      </div>
    </div>
    <div class="time-cell skipped">0</div>
  </div>

   
  
  

  

     

  

</div>
</div>
        </div>
        <div class="scenario">
          <div class="scenario-heading" id="[1.5:29]">
            <div class="heading-container">
              <div class="scenario-tags">
                
              </div>
              <div class="scenario-keyword">
                Scenario: <span>[1.5:29]</span>
                <span class="scenario-name">TC001_Get_CCE_tn_Info</span>
                <span></span>
              </div>
            </div>
            <div class="scenario-time failed">
              <span>ms:</span>&nbsp;<span>158</span>
            </div>
          </div>
          <div class="step-row">
            <div class="step-container" id="[1.5:29]bg">
              <div class="step-ref bg-step">&gt;&gt;</div>
              <div class="step-cell passed">Background:</div>
            </div>
            <div class="time-cell passed"></div>
          </div>
          <div data-parent="[1.5:29]bg"><div>
  

  

  <div class="step-row">
    <div class="step-container" id="5.5">
      <div class="step-ref bg-step">5</div>
      
      <div class="step-cell passed">
        <span>*</span>&nbsp;<span>url baseURL</span>
      </div>
    </div>
    <div class="time-cell passed">0</div>
  </div>

   
  
  

  

  <div class="preformatted" data-parent="5.5">13:04:55.637 karate.env system property was: it01 
13:04:55.637 clientId:52e80bfa-b42c-47d7-98b5-8bb87c926209 
13:04:55.638 Current URL is : https://apigw-st.telus.com 
13:04:55.638 Current Env is : it01 
</div>   

  

</div>
</div>
          <div data-parent="[1.5:29]bg"><div>
  

  

  <div class="step-row">
    <div class="step-container" id="5.6">
      <div class="step-ref bg-step">6</div>
      
      <div class="step-cell passed">
        <span>*</span>&nbsp;<span>configure ssl = true</span>
      </div>
    </div>
    <div class="time-cell passed">0</div>
  </div>

   
  
  

  

     

  

</div>
</div>
          <div data-parent="[1.5:29]bg"><div>
  

  

  <div class="step-row">
    <div class="step-container" id="5.7">
      <div class="step-ref bg-step">7</div>
      
      <div class="step-cell passed">
        <span>*</span>&nbsp;<span>header accept = &#39;application/json&#39;</span>
      </div>
    </div>
    <div class="time-cell passed">0</div>
  </div>

   
  
  

  

     

  

</div>
</div>
          <div data-parent="[1.5:29]bg"><div>
  

  

  <div class="step-row">
    <div class="step-container" id="5.8">
      <div class="step-ref bg-step">8</div>
      
      <div class="step-cell passed">
        <span>*</span>&nbsp;<span>header env = env</span>
      </div>
    </div>
    <div class="time-cell passed">0</div>
  </div>

   
  
  

  

     

  

</div>
</div>
          <div data-parent="[1.5:29]bg"><div>
  

  

  <div class="step-row">
    <div class="step-container" id="5.9">
      <div class="step-ref bg-step">9</div>
      
      <div class="step-cell passed">
        <span>*</span>&nbsp;<span>configure readTimeout = 20000</span>
      </div>
    </div>
    <div class="time-cell passed">0</div>
  </div>

   
  
  

  

     

  

</div>
</div>
          <div data-parent="[1.5:29]bg"><div>
  

  

  <div class="step-row">
    <div class="step-container" id="5.10">
      <div class="step-ref bg-step">10</div>
      
      <div class="step-cell passed">
        <span>*</span>&nbsp;<span>header Authorization = &#39;Bearer &#39;+authInfo.response.access_token;</span>
      </div>
    </div>
    <div class="time-cell passed">0</div>
  </div>

   
  
  

  

     

  

</div>
</div>
          <div data-parent="[1.5:29]bg"><div>
  

  

  <div class="step-row">
    <div class="step-container" id="5.11">
      <div class="step-ref bg-step">11</div>
      
      <div class="step-cell passed">
        <span>*</span>&nbsp;<span>print authInfo.response.access_token</span>
      </div>
    </div>
    <div class="time-cell passed">0</div>
  </div>

   
  
  

  

  <div class="preformatted" data-parent="5.11">13:04:55.640 [print] eyJhbGciOiJSUzI1NiIsImtpZCI6ImNhZGZhMTYyLTU2YzEtNGRiOS1hNjNmLTYwZTM3NzIwMWJkZiIsInBpLmF0bSI6IjMifQ.eyJzY29wZSI6WyI0NzIwIl0sImF1dGhvcml6YXRpb25fZGV0YWlscyI6W10sImNsaWVudF9pZCI6IjUyZTgwYmZhLWI0MmMtNDdkNy05OGI1LThiYjg3YzkyNjIwOSIsImlzcyI6Imh0dHBzOi8vdGVhbXNzby1pdHMwNC50ZWx1cy5jb20iLCJhdWQiOiJrb25nIiwiaWF0IjoxNzIzMjIzMDg5LCJleHAiOjE3MjMyMjMzODl9.flESEmYyI_eCkBmzn54OkGfP2lAIxnyqs2XbjtABUAmEnkCOQe8uoiUdROg_nBCNsbluJLTMIyv2VQYcEFeVpzwJIN4AH00KC-3px8L7DRMcbbbRqgIOGamUVRjytKBt3cFR1XVCW32bLo_XlS6M0CPdsCtowSRRwenf6htGC3loiXiWZ8pxuYaJNnmQfuSN9rWpZNHc8y-eYDl0xm6EoEXQSfatP3EAxDBw6tgqlb5patcu_afyMqKiHha9IdISwDeMrqyfvgoAR4Sqhdy3Uxp_k_xzmM-XWElgzY0YfiUnRnIl01fsIz1UO7xaed3xVyVlwsYrq6nB9I57SYDk-A 
</div>   

  

</div>
</div>
          <div data-parent="[1.5:29]bg"><div>
  

  

  <div class="step-row">
    <div class="step-container" id="5.12">
      <div class="step-ref bg-step">12</div>
      
      <div class="step-cell passed">
        <span>*</span>&nbsp;<span>def data_file = &#39;tn_feature_data.json&#39;</span>
      </div>
    </div>
    <div class="time-cell passed">0</div>
  </div>

   
  
  

  

     

  

</div>
</div>
          <div data-parent="[1.5:29]bg"><div>
  

  

  <div class="step-row">
    <div class="step-container" id="5.13">
      <div class="step-ref bg-step">13</div>
      
      <div class="step-cell passed">
        <span>*</span>&nbsp;<span>def data_file1 = &#39;tn_kb_corp_Customer-account_feature_data.json&#39;</span>
      </div>
    </div>
    <div class="time-cell passed">0</div>
  </div>

   
  
  

  

     

  

</div>
</div>
          <div data-parent="[1.5:29]bg"><div>
  

  

  <div class="step-row">
    <div class="step-container" id="5.14">
      <div class="step-ref bg-step">14</div>
      
      <div class="step-cell passed">
        <span>*</span>&nbsp;<span>def mockResponseWLS_RES_SUSPENDED = callonce read(&quot;../odsdata/getTestData_Consumer_Non_Prod.feature@getdata_resWLS_Suspended&quot;)</span>
      </div>
    </div>
    <div class="time-cell passed">1</div>
  </div>

   
  
  

  

     

  

</div>
</div>
          <div data-parent="[1.5:29]bg"><div>
  

  

  <div class="step-row">
    <div class="step-container" id="5.15">
      <div class="step-ref bg-step">15</div>
      
      <div class="step-cell passed">
        <span>*</span>&nbsp;<span>def mockResponseWLS_RES_ACTIVE = callonce read(&quot;../odsdata/getTestData_Consumer_Non_Prod.feature@getdata_resWLS_Active&quot;)</span>
      </div>
    </div>
    <div class="time-cell passed">1</div>
  </div>

   
  
  

  

     

  

</div>
</div>
          <div data-parent="[1.5:29]bg"><div>
  

  

  <div class="step-row">
    <div class="step-container" id="5.16">
      <div class="step-ref bg-step">16</div>
      
      <div class="step-cell passed">
        <span>*</span>&nbsp;<span>def mockResponseWLN_RES_ACTIVE = callonce read(&quot;../odsdata/getTestData_Consumer_Non_Prod.feature@getdata_resWLN_Active&quot;)</span>
      </div>
    </div>
    <div class="time-cell passed">1</div>
  </div>

   
  
  

  

     

  

</div>
</div>
          <div data-parent="[1.5:29]bg"><div>
  

  

  <div class="step-row">
    <div class="step-container" id="5.17">
      <div class="step-ref bg-step">17</div>
      
      <div class="step-cell passed">
        <span>*</span>&nbsp;<span>def mockResponseWLS_BIZ_ACTIVE = callonce read(&quot;../odsdata/getTestData_Business_Non_Prod.feature@getdatabizWLS&quot;)</span>
      </div>
    </div>
    <div class="time-cell passed">1</div>
  </div>

   
  
  

  

     

  

</div>
</div>
          <div data-parent="[1.5:29]bg"><div>
  

  

  <div class="step-row">
    <div class="step-container" id="5.18">
      <div class="step-ref bg-step">18</div>
      
      <div class="step-cell passed">
        <span>*</span>&nbsp;<span>def mockResponseWLN_BIZ_ACTIVE = callonce read(&quot;../odsdata/getTestData_Business_Non_Prod.feature@getdatabizWLN&quot;)</span>
      </div>
    </div>
    <div class="time-cell passed">2</div>
  </div>

   
  
  

  

     

  

</div>
</div>
          <div data-parent="[1.5:29]bg"><div>
  

  

  <div class="step-row">
    <div class="step-container" id="5.19">
      <div class="step-ref bg-step">19</div>
      
      <div class="step-cell passed">
        <span>*</span>&nbsp;<span>def data_file5 = &#39;tn_feature_data_morethan3acct.json&#39;</span>
      </div>
    </div>
    <div class="time-cell passed">0</div>
  </div>

   
  
  

  

     

  

</div>
</div>
          <div><div>
  

  

  <div class="step-row">
    <div class="step-container" id="5.22">
      <div class="step-ref passed">22</div>
      
      <div class="step-cell passed">
        <span>Given</span>&nbsp;<span>path &#39;customer/contactCenterCustomerInfo/v1/account&#39;</span>
      </div>
    </div>
    <div class="time-cell passed">0</div>
  </div>

   
  
  

  

     

  

</div>
</div>
          <div><div>
  

  

  <div class="step-row">
    <div class="step-container" id="5.23">
      <div class="step-ref passed">23</div>
      
      <div class="step-cell passed">
        <span>And</span>&nbsp;<span>param tn = &#39;4373488823&#39;</span>
      </div>
    </div>
    <div class="time-cell passed">1</div>
  </div>

   
  
  

  

     

  

</div>
</div>
          <div><div>
  

  

  <div class="step-row">
    <div class="step-container" id="5.24">
      <div class="step-ref passed">24</div>
      
      <div class="step-cell passed">
        <span>When</span>&nbsp;<span>method get</span>
      </div>
    </div>
    <div class="time-cell passed">150</div>
  </div>

   
  
  

  

  <div class="preformatted" data-parent="5.24">13:04:55.649 request:
1 &gt; GET https://apigw-st.telus.com/customer/contactCenterCustomerInfo/v1/account?tn=4373488823
1 &gt; accept: application/json
1 &gt; env: it01
1 &gt; Authorization: Bearer eyJhbGciOiJSUzI1NiIsImtpZCI6ImNhZGZhMTYyLTU2YzEtNGRiOS1hNjNmLTYwZTM3NzIwMWJkZiIsInBpLmF0bSI6IjMifQ.eyJzY29wZSI6WyI0NzIwIl0sImF1dGhvcml6YXRpb25fZGV0YWlscyI6W10sImNsaWVudF9pZCI6IjUyZTgwYmZhLWI0MmMtNDdkNy05OGI1LThiYjg3YzkyNjIwOSIsImlzcyI6Imh0dHBzOi8vdGVhbXNzby1pdHMwNC50ZWx1cy5jb20iLCJhdWQiOiJrb25nIiwiaWF0IjoxNzIzMjIzMDg5LCJleHAiOjE3MjMyMjMzODl9.flESEmYyI_eCkBmzn54OkGfP2lAIxnyqs2XbjtABUAmEnkCOQe8uoiUdROg_nBCNsbluJLTMIyv2VQYcEFeVpzwJIN4AH00KC-3px8L7DRMcbbbRqgIOGamUVRjytKBt3cFR1XVCW32bLo_XlS6M0CPdsCtowSRRwenf6htGC3loiXiWZ8pxuYaJNnmQfuSN9rWpZNHc8y-eYDl0xm6EoEXQSfatP3EAxDBw6tgqlb5patcu_afyMqKiHha9IdISwDeMrqyfvgoAR4Sqhdy3Uxp_k_xzmM-XWElgzY0YfiUnRnIl01fsIz1UO7xaed3xVyVlwsYrq6nB9I57SYDk-A
1 &gt; Host: apigw-st.telus.com
1 &gt; Connection: Keep-Alive
1 &gt; User-Agent: Apache-HttpClient/4.5.13 (Java/20.0.2)
1 &gt; Accept-Encoding: gzip,deflate


13:04:55.797 response time in milliseconds: 148
1 &lt; 403
1 &lt; Content-Type: application/json; charset=utf-8
1 &lt; Content-Length: 23
1 &lt; Connection: keep-alive
1 &lt; Date: Fri, 09 Aug 2024 17:04:56 GMT
1 &lt; WWW-Authenticate: Bearer realm=&quot;teamsso-its04.telus.com&quot;, error=&quot;insufficient_scope&quot;
1 &lt; Kong-Request-ID: e1b9ec92-3c20-4349-9e98-f51c0fe257c5#389189
1 &lt; vary: Origin
1 &lt; vary: Origin
1 &lt; X-Kong-Response-Latency: 1
1 &lt; Server: kong/3.4.3.11-enterprise-edition
1 &lt; X-Kong-Request-Id: 5d96191b1c468d57e0e9042167425a24
1 &lt; X-Kong-Upstream-Latency: 5
1 &lt; X-Kong-Proxy-Latency: 1
1 &lt; Via: kong/3.4.3.11-enterprise-edition
{&quot;message&quot;:&quot;Forbidden&quot;}
</div>   

  

</div>
</div>
          <div><div>
  

  

  <div class="step-row">
    <div class="step-container" id="5.25">
      <div class="step-ref failed">25</div>
      
      <div class="step-cell failed">
        <span>Then</span>&nbsp;<span>status 200</span>
      </div>
    </div>
    <div class="time-cell failed">0</div>
  </div>

   
  
  

  

  <div class="preformatted" data-parent="5.25">13:04:55.798 classpath:feature/CCE_TN.feature:25
Then status 200
status code was: 403, expected: 200, response time in milliseconds: 148, url: https://apigw-st.telus.com/customer/contactCenterCustomerInfo/v1/account?tn=4373488823, response: 
{&quot;message&quot;:&quot;Forbidden&quot;}
classpath:feature/CCE_TN.feature:25
</div>   

  

</div>
</div>
          <div><div>
  

  

  <div class="step-row">
    <div class="step-container" id="5.26">
      <div class="step-ref skipped">26</div>
      
      <div class="step-cell skipped">
        <span>And</span>&nbsp;<span>match response.accountList[*].billingType == [&quot;postpaid&quot;]</span>
      </div>
    </div>
    <div class="time-cell skipped">0</div>
  </div>

   
  
  

  

     

  

</div>
</div>
        </div>
        <div class="scenario">
          <div class="scenario-heading" id="[2.1:40]">
            <div class="heading-container">
              <div class="scenario-tags">
                
              </div>
              <div class="scenario-keyword">
                Scenario: <span>[2.1:40]</span>
                <span class="scenario-name">TC002_Get_CCE_kb_tn_Corp_customeraccount_Info</span>
                <span></span>
              </div>
            </div>
            <div class="scenario-time failed">
              <span>ms:</span>&nbsp;<span>176</span>
            </div>
          </div>
          <div class="step-row">
            <div class="step-container" id="[2.1:40]bg">
              <div class="step-ref bg-step">&gt;&gt;</div>
              <div class="step-cell passed">Background:</div>
            </div>
            <div class="time-cell passed"></div>
          </div>
          <div data-parent="[2.1:40]bg"><div>
  

  

  <div class="step-row">
    <div class="step-container" id="1.5">
      <div class="step-ref bg-step">5</div>
      
      <div class="step-cell passed">
        <span>*</span>&nbsp;<span>url baseURL</span>
      </div>
    </div>
    <div class="time-cell passed">0</div>
  </div>

   
  
  

  

  <div class="preformatted" data-parent="1.5">13:04:55.813 karate.env system property was: it01 
13:04:55.813 clientId:52e80bfa-b42c-47d7-98b5-8bb87c926209 
13:04:55.814 Current URL is : https://apigw-st.telus.com 
13:04:55.814 Current Env is : it01 
</div>   

  

</div>
</div>
          <div data-parent="[2.1:40]bg"><div>
  

  

  <div class="step-row">
    <div class="step-container" id="1.6">
      <div class="step-ref bg-step">6</div>
      
      <div class="step-cell passed">
        <span>*</span>&nbsp;<span>configure ssl = true</span>
      </div>
    </div>
    <div class="time-cell passed">0</div>
  </div>

   
  
  

  

     

  

</div>
</div>
          <div data-parent="[2.1:40]bg"><div>
  

  

  <div class="step-row">
    <div class="step-container" id="1.7">
      <div class="step-ref bg-step">7</div>
      
      <div class="step-cell passed">
        <span>*</span>&nbsp;<span>header accept = &#39;application/json&#39;</span>
      </div>
    </div>
    <div class="time-cell passed">0</div>
  </div>

   
  
  

  

     

  

</div>
</div>
          <div data-parent="[2.1:40]bg"><div>
  

  

  <div class="step-row">
    <div class="step-container" id="1.8">
      <div class="step-ref bg-step">8</div>
      
      <div class="step-cell passed">
        <span>*</span>&nbsp;<span>header env = env</span>
      </div>
    </div>
    <div class="time-cell passed">0</div>
  </div>

   
  
  

  

     

  

</div>
</div>
          <div data-parent="[2.1:40]bg"><div>
  

  

  <div class="step-row">
    <div class="step-container" id="1.9">
      <div class="step-ref bg-step">9</div>
      
      <div class="step-cell passed">
        <span>*</span>&nbsp;<span>configure readTimeout = 20000</span>
      </div>
    </div>
    <div class="time-cell passed">0</div>
  </div>

   
  
  

  

     

  

</div>
</div>
          <div data-parent="[2.1:40]bg"><div>
  

  

  <div class="step-row">
    <div class="step-container" id="1.10">
      <div class="step-ref bg-step">10</div>
      
      <div class="step-cell passed">
        <span>*</span>&nbsp;<span>header Authorization = &#39;Bearer &#39;+authInfo.response.access_token;</span>
      </div>
    </div>
    <div class="time-cell passed">0</div>
  </div>

   
  
  

  

     

  

</div>
</div>
          <div data-parent="[2.1:40]bg"><div>
  

  

  <div class="step-row">
    <div class="step-container" id="1.11">
      <div class="step-ref bg-step">11</div>
      
      <div class="step-cell passed">
        <span>*</span>&nbsp;<span>print authInfo.response.access_token</span>
      </div>
    </div>
    <div class="time-cell passed">0</div>
  </div>

   
  
  

  

  <div class="preformatted" data-parent="1.11">13:04:55.816 [print] eyJhbGciOiJSUzI1NiIsImtpZCI6ImNhZGZhMTYyLTU2YzEtNGRiOS1hNjNmLTYwZTM3NzIwMWJkZiIsInBpLmF0bSI6IjMifQ.eyJzY29wZSI6WyI0NzIwIl0sImF1dGhvcml6YXRpb25fZGV0YWlscyI6W10sImNsaWVudF9pZCI6IjUyZTgwYmZhLWI0MmMtNDdkNy05OGI1LThiYjg3YzkyNjIwOSIsImlzcyI6Imh0dHBzOi8vdGVhbXNzby1pdHMwNC50ZWx1cy5jb20iLCJhdWQiOiJrb25nIiwiaWF0IjoxNzIzMjIzMDg5LCJleHAiOjE3MjMyMjMzODl9.flESEmYyI_eCkBmzn54OkGfP2lAIxnyqs2XbjtABUAmEnkCOQe8uoiUdROg_nBCNsbluJLTMIyv2VQYcEFeVpzwJIN4AH00KC-3px8L7DRMcbbbRqgIOGamUVRjytKBt3cFR1XVCW32bLo_XlS6M0CPdsCtowSRRwenf6htGC3loiXiWZ8pxuYaJNnmQfuSN9rWpZNHc8y-eYDl0xm6EoEXQSfatP3EAxDBw6tgqlb5patcu_afyMqKiHha9IdISwDeMrqyfvgoAR4Sqhdy3Uxp_k_xzmM-XWElgzY0YfiUnRnIl01fsIz1UO7xaed3xVyVlwsYrq6nB9I57SYDk-A 
</div>   

  

</div>
</div>
          <div data-parent="[2.1:40]bg"><div>
  

  

  <div class="step-row">
    <div class="step-container" id="1.12">
      <div class="step-ref bg-step">12</div>
      
      <div class="step-cell passed">
        <span>*</span>&nbsp;<span>def data_file = &#39;tn_feature_data.json&#39;</span>
      </div>
    </div>
    <div class="time-cell passed">0</div>
  </div>

   
  
  

  

     

  

</div>
</div>
          <div data-parent="[2.1:40]bg"><div>
  

  

  <div class="step-row">
    <div class="step-container" id="1.13">
      <div class="step-ref bg-step">13</div>
      
      <div class="step-cell passed">
        <span>*</span>&nbsp;<span>def data_file1 = &#39;tn_kb_corp_Customer-account_feature_data.json&#39;</span>
      </div>
    </div>
    <div class="time-cell passed">0</div>
  </div>

   
  
  

  

     

  

</div>
</div>
          <div data-parent="[2.1:40]bg"><div>
  

  

  <div class="step-row">
    <div class="step-container" id="1.14">
      <div class="step-ref bg-step">14</div>
      
      <div class="step-cell passed">
        <span>*</span>&nbsp;<span>def mockResponseWLS_RES_SUSPENDED = callonce read(&quot;../odsdata/getTestData_Consumer_Non_Prod.feature@getdata_resWLS_Suspended&quot;)</span>
      </div>
    </div>
    <div class="time-cell passed">2</div>
  </div>

   
  
  

  

     

  

</div>
</div>
          <div data-parent="[2.1:40]bg"><div>
  

  

  <div class="step-row">
    <div class="step-container" id="1.15">
      <div class="step-ref bg-step">15</div>
      
      <div class="step-cell passed">
        <span>*</span>&nbsp;<span>def mockResponseWLS_RES_ACTIVE = callonce read(&quot;../odsdata/getTestData_Consumer_Non_Prod.feature@getdata_resWLS_Active&quot;)</span>
      </div>
    </div>
    <div class="time-cell passed">2</div>
  </div>

   
  
  

  

     

  

</div>
</div>
          <div data-parent="[2.1:40]bg"><div>
  

  

  <div class="step-row">
    <div class="step-container" id="1.16">
      <div class="step-ref bg-step">16</div>
      
      <div class="step-cell passed">
        <span>*</span>&nbsp;<span>def mockResponseWLN_RES_ACTIVE = callonce read(&quot;../odsdata/getTestData_Consumer_Non_Prod.feature@getdata_resWLN_Active&quot;)</span>
      </div>
    </div>
    <div class="time-cell passed">2</div>
  </div>

   
  
  

  

     

  

</div>
</div>
          <div data-parent="[2.1:40]bg"><div>
  

  

  <div class="step-row">
    <div class="step-container" id="1.17">
      <div class="step-ref bg-step">17</div>
      
      <div class="step-cell passed">
        <span>*</span>&nbsp;<span>def mockResponseWLS_BIZ_ACTIVE = callonce read(&quot;../odsdata/getTestData_Business_Non_Prod.feature@getdatabizWLS&quot;)</span>
      </div>
    </div>
    <div class="time-cell passed">1</div>
  </div>

   
  
  

  

     

  

</div>
</div>
          <div data-parent="[2.1:40]bg"><div>
  

  

  <div class="step-row">
    <div class="step-container" id="1.18">
      <div class="step-ref bg-step">18</div>
      
      <div class="step-cell passed">
        <span>*</span>&nbsp;<span>def mockResponseWLN_BIZ_ACTIVE = callonce read(&quot;../odsdata/getTestData_Business_Non_Prod.feature@getdatabizWLN&quot;)</span>
      </div>
    </div>
    <div class="time-cell passed">1</div>
  </div>

   
  
  

  

     

  

</div>
</div>
          <div data-parent="[2.1:40]bg"><div>
  

  

  <div class="step-row">
    <div class="step-container" id="1.19">
      <div class="step-ref bg-step">19</div>
      
      <div class="step-cell passed">
        <span>*</span>&nbsp;<span>def data_file5 = &#39;tn_feature_data_morethan3acct.json&#39;</span>
      </div>
    </div>
    <div class="time-cell passed">0</div>
  </div>

   
  
  

  

     

  

</div>
</div>
          <div><div>
  

  

  <div class="step-row">
    <div class="step-container" id="1.32">
      <div class="step-ref passed">32</div>
      
      <div class="step-cell passed">
        <span>Given</span>&nbsp;<span>path &#39;customer/contactCenterCustomerInfo/v1/account&#39;</span>
      </div>
    </div>
    <div class="time-cell passed">0</div>
  </div>

   
  
  

  

     

  

</div>
</div>
          <div><div>
  

  

  <div class="step-row">
    <div class="step-container" id="1.33">
      <div class="step-ref passed">33</div>
      
      <div class="step-cell passed">
        <span>And</span>&nbsp;<span>param tn = &#39;5141612475&#39;</span>
      </div>
    </div>
    <div class="time-cell passed">1</div>
  </div>

   
  
  

  

     

  

</div>
</div>
          <div><div>
  

  

  <div class="step-row">
    <div class="step-container" id="1.34">
      <div class="step-ref passed">34</div>
      
      <div class="step-cell passed">
        <span>When</span>&nbsp;<span>method get</span>
      </div>
    </div>
    <div class="time-cell passed">165</div>
  </div>

   
  
  

  

  <div class="preformatted" data-parent="1.34">13:04:55.827 request:
1 &gt; GET https://apigw-st.telus.com/customer/contactCenterCustomerInfo/v1/account?tn=5141612475
1 &gt; accept: application/json
1 &gt; env: it01
1 &gt; Authorization: Bearer eyJhbGciOiJSUzI1NiIsImtpZCI6ImNhZGZhMTYyLTU2YzEtNGRiOS1hNjNmLTYwZTM3NzIwMWJkZiIsInBpLmF0bSI6IjMifQ.eyJzY29wZSI6WyI0NzIwIl0sImF1dGhvcml6YXRpb25fZGV0YWlscyI6W10sImNsaWVudF9pZCI6IjUyZTgwYmZhLWI0MmMtNDdkNy05OGI1LThiYjg3YzkyNjIwOSIsImlzcyI6Imh0dHBzOi8vdGVhbXNzby1pdHMwNC50ZWx1cy5jb20iLCJhdWQiOiJrb25nIiwiaWF0IjoxNzIzMjIzMDg5LCJleHAiOjE3MjMyMjMzODl9.flESEmYyI_eCkBmzn54OkGfP2lAIxnyqs2XbjtABUAmEnkCOQe8uoiUdROg_nBCNsbluJLTMIyv2VQYcEFeVpzwJIN4AH00KC-3px8L7DRMcbbbRqgIOGamUVRjytKBt3cFR1XVCW32bLo_XlS6M0CPdsCtowSRRwenf6htGC3loiXiWZ8pxuYaJNnmQfuSN9rWpZNHc8y-eYDl0xm6EoEXQSfatP3EAxDBw6tgqlb5patcu_afyMqKiHha9IdISwDeMrqyfvgoAR4Sqhdy3Uxp_k_xzmM-XWElgzY0YfiUnRnIl01fsIz1UO7xaed3xVyVlwsYrq6nB9I57SYDk-A
1 &gt; Host: apigw-st.telus.com
1 &gt; Connection: Keep-Alive
1 &gt; User-Agent: Apache-HttpClient/4.5.13 (Java/20.0.2)
1 &gt; Accept-Encoding: gzip,deflate


13:04:55.991 response time in milliseconds: 164
1 &lt; 403
1 &lt; Content-Type: application/json; charset=utf-8
1 &lt; Content-Length: 23
1 &lt; Connection: keep-alive
1 &lt; Date: Fri, 09 Aug 2024 17:04:56 GMT
1 &lt; WWW-Authenticate: Bearer realm=&quot;teamsso-its04.telus.com&quot;, error=&quot;insufficient_scope&quot;
1 &lt; Kong-Request-ID: dca444e0-7183-43df-b091-a672316acf23#385469
1 &lt; vary: Origin
1 &lt; vary: Origin
1 &lt; X-Kong-Response-Latency: 1
1 &lt; Server: kong/3.4.3.11-enterprise-edition
1 &lt; X-Kong-Request-Id: c3a8954007a39a1438c1fc0222efe44f
1 &lt; X-Kong-Upstream-Latency: 5
1 &lt; X-Kong-Proxy-Latency: 1
1 &lt; Via: kong/3.4.3.11-enterprise-edition
{&quot;message&quot;:&quot;Forbidden&quot;}
</div>   

  

</div>
</div>
          <div><div>
  

  

  <div class="step-row">
    <div class="step-container" id="1.35">
      <div class="step-ref failed">35</div>
      
      <div class="step-cell failed">
        <span>Then</span>&nbsp;<span>status 200</span>
      </div>
    </div>
    <div class="time-cell failed">0</div>
  </div>

   
  
  

  

  <div class="preformatted" data-parent="1.35">13:04:55.991 classpath:feature/CCE_TN.feature:35
Then status 200
status code was: 403, expected: 200, response time in milliseconds: 164, url: https://apigw-st.telus.com/customer/contactCenterCustomerInfo/v1/account?tn=5141612475, response: 
{&quot;message&quot;:&quot;Forbidden&quot;}
classpath:feature/CCE_TN.feature:35
</div>   

  

</div>
</div>
          <div><div>
  

  

  <div class="step-row">
    <div class="step-container" id="1.36">
      <div class="step-ref skipped">36</div>
      
      <div class="step-cell skipped">
        <span>And</span>&nbsp;<span>match response.accountList[*].accountTypeCd == [&quot;C&quot;]</span>
      </div>
    </div>
    <div class="time-cell skipped">0</div>
  </div>

   
  
  

  

     

  

</div>
</div>
        </div>
        <div class="scenario">
          <div class="scenario-heading" id="[3.1:53]">
            <div class="heading-container">
              <div class="scenario-tags">
                
              </div>
              <div class="scenario-keyword">
                Scenario: <span>[3.1:53]</span>
                <span class="scenario-name">TC003_Validate Billing type and account type code for WLS_RES_ACTIVE_TN</span>
                <span></span>
              </div>
            </div>
            <div class="scenario-time failed">
              <span>ms:</span>&nbsp;<span>9</span>
            </div>
          </div>
          <div class="step-row">
            <div class="step-container" id="[3.1:53]bg">
              <div class="step-ref bg-step">&gt;&gt;</div>
              <div class="step-cell passed">Background:</div>
            </div>
            <div class="time-cell passed"></div>
          </div>
          <div data-parent="[3.1:53]bg"><div>
  

  

  <div class="step-row">
    <div class="step-container" id="1.5">
      <div class="step-ref bg-step">5</div>
      
      <div class="step-cell passed">
        <span>*</span>&nbsp;<span>url baseURL</span>
      </div>
    </div>
    <div class="time-cell passed">0</div>
  </div>

   
  
  

  

  <div class="preformatted" data-parent="1.5">13:04:55.995 karate.env system property was: it01 
13:04:55.995 clientId:52e80bfa-b42c-47d7-98b5-8bb87c926209 
13:04:55.995 Current URL is : https://apigw-st.telus.com 
13:04:55.996 Current Env is : it01 
</div>   

  

</div>
</div>
          <div data-parent="[3.1:53]bg"><div>
  

  

  <div class="step-row">
    <div class="step-container" id="1.6">
      <div class="step-ref bg-step">6</div>
      
      <div class="step-cell passed">
        <span>*</span>&nbsp;<span>configure ssl = true</span>
      </div>
    </div>
    <div class="time-cell passed">0</div>
  </div>

   
  
  

  

     

  

</div>
</div>
          <div data-parent="[3.1:53]bg"><div>
  

  

  <div class="step-row">
    <div class="step-container" id="1.7">
      <div class="step-ref bg-step">7</div>
      
      <div class="step-cell passed">
        <span>*</span>&nbsp;<span>header accept = &#39;application/json&#39;</span>
      </div>
    </div>
    <div class="time-cell passed">0</div>
  </div>

   
  
  

  

     

  

</div>
</div>
          <div data-parent="[3.1:53]bg"><div>
  

  

  <div class="step-row">
    <div class="step-container" id="1.8">
      <div class="step-ref bg-step">8</div>
      
      <div class="step-cell passed">
        <span>*</span>&nbsp;<span>header env = env</span>
      </div>
    </div>
    <div class="time-cell passed">0</div>
  </div>

   
  
  

  

     

  

</div>
</div>
          <div data-parent="[3.1:53]bg"><div>
  

  

  <div class="step-row">
    <div class="step-container" id="1.9">
      <div class="step-ref bg-step">9</div>
      
      <div class="step-cell passed">
        <span>*</span>&nbsp;<span>configure readTimeout = 20000</span>
      </div>
    </div>
    <div class="time-cell passed">0</div>
  </div>

   
  
  

  

     

  

</div>
</div>
          <div data-parent="[3.1:53]bg"><div>
  

  

  <div class="step-row">
    <div class="step-container" id="1.10">
      <div class="step-ref bg-step">10</div>
      
      <div class="step-cell passed">
        <span>*</span>&nbsp;<span>header Authorization = &#39;Bearer &#39;+authInfo.response.access_token;</span>
      </div>
    </div>
    <div class="time-cell passed">0</div>
  </div>

   
  
  

  

     

  

</div>
</div>
          <div data-parent="[3.1:53]bg"><div>
  

  

  <div class="step-row">
    <div class="step-container" id="1.11">
      <div class="step-ref bg-step">11</div>
      
      <div class="step-cell passed">
        <span>*</span>&nbsp;<span>print authInfo.response.access_token</span>
      </div>
    </div>
    <div class="time-cell passed">0</div>
  </div>

   
  
  

  

  <div class="preformatted" data-parent="1.11">13:04:55.997 [print] eyJhbGciOiJSUzI1NiIsImtpZCI6ImNhZGZhMTYyLTU2YzEtNGRiOS1hNjNmLTYwZTM3NzIwMWJkZiIsInBpLmF0bSI6IjMifQ.eyJzY29wZSI6WyI0NzIwIl0sImF1dGhvcml6YXRpb25fZGV0YWlscyI6W10sImNsaWVudF9pZCI6IjUyZTgwYmZhLWI0MmMtNDdkNy05OGI1LThiYjg3YzkyNjIwOSIsImlzcyI6Imh0dHBzOi8vdGVhbXNzby1pdHMwNC50ZWx1cy5jb20iLCJhdWQiOiJrb25nIiwiaWF0IjoxNzIzMjIzMDg5LCJleHAiOjE3MjMyMjMzODl9.flESEmYyI_eCkBmzn54OkGfP2lAIxnyqs2XbjtABUAmEnkCOQe8uoiUdROg_nBCNsbluJLTMIyv2VQYcEFeVpzwJIN4AH00KC-3px8L7DRMcbbbRqgIOGamUVRjytKBt3cFR1XVCW32bLo_XlS6M0CPdsCtowSRRwenf6htGC3loiXiWZ8pxuYaJNnmQfuSN9rWpZNHc8y-eYDl0xm6EoEXQSfatP3EAxDBw6tgqlb5patcu_afyMqKiHha9IdISwDeMrqyfvgoAR4Sqhdy3Uxp_k_xzmM-XWElgzY0YfiUnRnIl01fsIz1UO7xaed3xVyVlwsYrq6nB9I57SYDk-A 
</div>   

  

</div>
</div>
          <div data-parent="[3.1:53]bg"><div>
  

  

  <div class="step-row">
    <div class="step-container" id="1.12">
      <div class="step-ref bg-step">12</div>
      
      <div class="step-cell passed">
        <span>*</span>&nbsp;<span>def data_file = &#39;tn_feature_data.json&#39;</span>
      </div>
    </div>
    <div class="time-cell passed">0</div>
  </div>

   
  
  

  

     

  

</div>
</div>
          <div data-parent="[3.1:53]bg"><div>
  

  

  <div class="step-row">
    <div class="step-container" id="1.13">
      <div class="step-ref bg-step">13</div>
      
      <div class="step-cell passed">
        <span>*</span>&nbsp;<span>def data_file1 = &#39;tn_kb_corp_Customer-account_feature_data.json&#39;</span>
      </div>
    </div>
    <div class="time-cell passed">0</div>
  </div>

   
  
  

  

     

  

</div>
</div>
          <div data-parent="[3.1:53]bg"><div>
  

  

  <div class="step-row">
    <div class="step-container" id="1.14">
      <div class="step-ref bg-step">14</div>
      
      <div class="step-cell passed">
        <span>*</span>&nbsp;<span>def mockResponseWLS_RES_SUSPENDED = callonce read(&quot;../odsdata/getTestData_Consumer_Non_Prod.feature@getdata_resWLS_Suspended&quot;)</span>
      </div>
    </div>
    <div class="time-cell passed">2</div>
  </div>

   
  
  

  

     

  

</div>
</div>
          <div data-parent="[3.1:53]bg"><div>
  

  

  <div class="step-row">
    <div class="step-container" id="1.15">
      <div class="step-ref bg-step">15</div>
      
      <div class="step-cell passed">
        <span>*</span>&nbsp;<span>def mockResponseWLS_RES_ACTIVE = callonce read(&quot;../odsdata/getTestData_Consumer_Non_Prod.feature@getdata_resWLS_Active&quot;)</span>
      </div>
    </div>
    <div class="time-cell passed">2</div>
  </div>

   
  
  

  

     

  

</div>
</div>
          <div data-parent="[3.1:53]bg"><div>
  

  

  <div class="step-row">
    <div class="step-container" id="1.16">
      <div class="step-ref bg-step">16</div>
      
      <div class="step-cell passed">
        <span>*</span>&nbsp;<span>def mockResponseWLN_RES_ACTIVE = callonce read(&quot;../odsdata/getTestData_Consumer_Non_Prod.feature@getdata_resWLN_Active&quot;)</span>
      </div>
    </div>
    <div class="time-cell passed">2</div>
  </div>

   
  
  

  

     

  

</div>
</div>
          <div data-parent="[3.1:53]bg"><div>
  

  

  <div class="step-row">
    <div class="step-container" id="1.17">
      <div class="step-ref bg-step">17</div>
      
      <div class="step-cell passed">
        <span>*</span>&nbsp;<span>def mockResponseWLS_BIZ_ACTIVE = callonce read(&quot;../odsdata/getTestData_Business_Non_Prod.feature@getdatabizWLS&quot;)</span>
      </div>
    </div>
    <div class="time-cell passed">1</div>
  </div>

   
  
  

  

     

  

</div>
</div>
          <div data-parent="[3.1:53]bg"><div>
  

  

  <div class="step-row">
    <div class="step-container" id="1.18">
      <div class="step-ref bg-step">18</div>
      
      <div class="step-cell passed">
        <span>*</span>&nbsp;<span>def mockResponseWLN_BIZ_ACTIVE = callonce read(&quot;../odsdata/getTestData_Business_Non_Prod.feature@getdatabizWLN&quot;)</span>
      </div>
    </div>
    <div class="time-cell passed">1</div>
  </div>

   
  
  

  

     

  

</div>
</div>
          <div data-parent="[3.1:53]bg"><div>
  

  

  <div class="step-row">
    <div class="step-container" id="1.19">
      <div class="step-ref bg-step">19</div>
      
      <div class="step-cell passed">
        <span>*</span>&nbsp;<span>def data_file5 = &#39;tn_feature_data_morethan3acct.json&#39;</span>
      </div>
    </div>
    <div class="time-cell passed">0</div>
  </div>

   
  
  

  

     

  

</div>
</div>
          <div><div>
  

  

  <div class="step-row">
    <div class="step-container" id="1.53">
      <div class="step-ref failed">53</div>
      
      <div class="step-cell failed">
        <span>*</span>&nbsp;<span>dynamic expression evaluation failed: mockResponseWLS_RES_ACTIVE.mockResponseWLS_RES_ACTIVE</span>
      </div>
    </div>
    <div class="time-cell failed">0</div>
  </div>

   
  
  

  

  <div class="preformatted" data-parent="1.53">result is neither list nor function: [type: MAP, value: {message=Forbidden}]
java.lang.RuntimeException: result is neither list nor function: [type: MAP, value: {message=Forbidden}]
	at com.intuit.karate.core.ScenarioIterator.tryAdvance(ScenarioIterator.java:110)
	at com.intuit.karate.core.ScenarioIterator.tryAdvance(ScenarioIterator.java:88)
	at com.intuit.karate.core.ScenarioIterator.tryAdvance(ScenarioIterator.java:136)
	at java.base/java.util.Spliterator.forEachRemaining(Spliterator.java:332)
	at java.base/java.util.stream.AbstractPipeline.copyInto(AbstractPipeline.java:509)
	at java.base/java.util.stream.AbstractPipeline.wrapAndCopyInto(AbstractPipeline.java:499)
	at java.base/java.util.stream.StreamSpliterators$WrappingSpliterator.forEachRemaining(StreamSpliterators.java:310)
	at java.base/java.util.Spliterators$1Adapter.forEachRemaining(Spliterators.java:706)
	at com.intuit.karate.core.FeatureRuntime.run(FeatureRuntime.java:164)
	at java.base/java.util.concurrent.Executors$RunnableAdapter.call(Executors.java:577)
	at java.base/java.util.concurrent.FutureTask.run(FutureTask.java:317)
	at com.intuit.karate.core.SyncExecutorService.execute(SyncExecutorService.java:70)
	at java.base/java.util.concurrent.AbstractExecutorService.submit(AbstractExecutorService.java:123)
	at com.intuit.karate.Suite.run(Suite.java:235)
	at com.intuit.karate.Runner$Builder.parallel(Runner.java:575)
	at feature.TestRunner.testParallel(TestRunner.java:23)
	at java.base/jdk.internal.reflect.DirectMethodHandleAccessor.invoke(DirectMethodHandleAccessor.java:104)
	at java.base/java.lang.reflect.Method.invoke(Method.java:578)
	at org.junit.platform.commons.util.ReflectionUtils.invokeMethod(ReflectionUtils.java:688)
	at org.junit.jupiter.engine.execution.MethodInvocation.proceed(MethodInvocation.java:60)
	at org.junit.jupiter.engine.execution.InvocationInterceptorChain$ValidatingInvocation.proceed(InvocationInterceptorChain.java:131)
	at org.junit.jupiter.engine.extension.TimeoutExtension.intercept(TimeoutExtension.java:149)
	at org.junit.jupiter.engine.extension.TimeoutExtension.interceptTestableMethod(TimeoutExtension.java:140)
	at org.junit.jupiter.engine.extension.TimeoutExtension.interceptTestMethod(TimeoutExtension.java:84)
	at org.junit.jupiter.engine.execution.ExecutableInvoker$ReflectiveInterceptorCall.lambda$ofVoidMethod$0(ExecutableInvoker.java:115)
	at org.junit.jupiter.engine.execution.ExecutableInvoker.lambda$invoke$0(ExecutableInvoker.java:105)
	at org.junit.jupiter.engine.execution.InvocationInterceptorChain$InterceptedInvocation.proceed(InvocationInterceptorChain.java:106)
	at org.junit.jupiter.engine.execution.InvocationInterceptorChain.proceed(InvocationInterceptorChain.java:64)
	at org.junit.jupiter.engine.execution.InvocationInterceptorChain.chainAndInvoke(InvocationInterceptorChain.java:45)
	at org.junit.jupiter.engine.execution.InvocationInterceptorChain.invoke(InvocationInterceptorChain.java:37)
	at org.junit.jupiter.engine.execution.ExecutableInvoker.invoke(ExecutableInvoker.java:104)
	at org.junit.jupiter.engine.execution.ExecutableInvoker.invoke(ExecutableInvoker.java:98)
	at org.junit.jupiter.engine.descriptor.TestMethodTestDescriptor.lambda$invokeTestMethod$6(TestMethodTestDescriptor.java:210)
	at org.junit.platform.engine.support.hierarchical.ThrowableCollector.execute(ThrowableCollector.java:73)
	at org.junit.jupiter.engine.descriptor.TestMethodTestDescriptor.invokeTestMethod(TestMethodTestDescriptor.java:206)
	at org.junit.jupiter.engine.descriptor.TestMethodTestDescriptor.execute(TestMethodTestDescriptor.java:131)
	at org.junit.jupiter.engine.descriptor.TestMethodTestDescriptor.execute(TestMethodTestDescriptor.java:65)
	at org.junit.platform.engine.support.hierarchical.NodeTestTask.lambda$executeRecursively$5(NodeTestTask.java:139)
	at org.junit.platform.engine.support.hierarchical.ThrowableCollector.execute(ThrowableCollector.java:73)
	at org.junit.platform.engine.support.hierarchical.NodeTestTask.lambda$executeRecursively$7(NodeTestTask.java:129)
	at org.junit.platform.engine.support.hierarchical.Node.around(Node.java:137)
	at org.junit.platform.engine.support.hierarchical.NodeTestTask.lambda$executeRecursively$8(NodeTestTask.java:127)
	at org.junit.platform.engine.support.hierarchical.ThrowableCollector.execute(ThrowableCollector.java:73)
	at org.junit.platform.engine.support.hierarchical.NodeTestTask.executeRecursively(NodeTestTask.java:126)
	at org.junit.platform.engine.support.hierarchical.NodeTestTask.execute(NodeTestTask.java:84)
	at java.base/java.util.ArrayList.forEach(ArrayList.java:1511)
	at org.junit.platform.engine.support.hierarchical.SameThreadHierarchicalTestExecutorService.invokeAll(SameThreadHierarchicalTestExecutorService.java:38)
	at org.junit.platform.engine.support.hierarchical.NodeTestTask.lambda$executeRecursively$5(NodeTestTask.java:143)
	at org.junit.platform.engine.support.hierarchical.ThrowableCollector.execute(ThrowableCollector.java:73)
	at org.junit.platform.engine.support.hierarchical.NodeTestTask.lambda$executeRecursively$7(NodeTestTask.java:129)
	at org.junit.platform.engine.support.hierarchical.Node.around(Node.java:137)
	at org.junit.platform.engine.support.hierarchical.NodeTestTask.lambda$executeRecursively$8(NodeTestTask.java:127)
	at org.junit.platform.engine.support.hierarchical.ThrowableCollector.execute(ThrowableCollector.java:73)
	at org.junit.platform.engine.support.hierarchical.NodeTestTask.executeRecursively(NodeTestTask.java:126)
	at org.junit.platform.engine.support.hierarchical.NodeTestTask.execute(NodeTestTask.java:84)
	at java.base/java.util.ArrayList.forEach(ArrayList.java:1511)
	at org.junit.platform.engine.support.hierarchical.SameThreadHierarchicalTestExecutorService.invokeAll(SameThreadHierarchicalTestExecutorService.java:38)
	at org.junit.platform.engine.support.hierarchical.NodeTestTask.lambda$executeRecursively$5(NodeTestTask.java:143)
	at org.junit.platform.engine.support.hierarchical.ThrowableCollector.execute(ThrowableCollector.java:73)
	at org.junit.platform.engine.support.hierarchical.NodeTestTask.lambda$executeRecursively$7(NodeTestTask.java:129)
	at org.junit.platform.engine.support.hierarchical.Node.around(Node.java:137)
	at org.junit.platform.engine.support.hierarchical.NodeTestTask.lambda$executeRecursively$8(NodeTestTask.java:127)
	at org.junit.platform.engine.support.hierarchical.ThrowableCollector.execute(ThrowableCollector.java:73)
	at org.junit.platform.engine.support.hierarchical.NodeTestTask.executeRecursively(NodeTestTask.java:126)
	at org.junit.platform.engine.support.hierarchical.NodeTestTask.execute(NodeTestTask.java:84)
	at org.junit.platform.engine.support.hierarchical.SameThreadHierarchicalTestExecutorService.submit(SameThreadHierarchicalTestExecutorService.java:32)
	at org.junit.platform.engine.support.hierarchical.HierarchicalTestExecutor.execute(HierarchicalTestExecutor.java:57)
	at org.junit.platform.engine.support.hierarchical.HierarchicalTestEngine.execute(HierarchicalTestEngine.java:51)
	at org.junit.platform.launcher.core.DefaultLauncher.execute(DefaultLauncher.java:220)
	at org.junit.platform.launcher.core.DefaultLauncher.lambda$execute$6(DefaultLauncher.java:188)
	at org.junit.platform.launcher.core.DefaultLauncher.withInterceptedStreams(DefaultLauncher.java:202)
	at org.junit.platform.launcher.core.DefaultLauncher.execute(DefaultLauncher.java:181)
	at org.junit.platform.launcher.core.DefaultLauncher.execute(DefaultLauncher.java:128)
	at org.apache.maven.surefire.junitplatform.JUnitPlatformProvider.invokeAllTests(JUnitPlatformProvider.java:150)
	at org.apache.maven.surefire.junitplatform.JUnitPlatformProvider.invoke(JUnitPlatformProvider.java:124)
	at org.apache.maven.surefire.booter.ForkedBooter.invokeProviderInSameClassLoader(ForkedBooter.java:384)
	at org.apache.maven.surefire.booter.ForkedBooter.runSuitesInProcess(ForkedBooter.java:345)
	at org.apache.maven.surefire.booter.ForkedBooter.execute(ForkedBooter.java:126)
	at org.apache.maven.surefire.booter.ForkedBooter.main(ForkedBooter.java:418)
</div>   

  

</div>
</div>
        </div>
        <div class="scenario">
          <div class="scenario-heading" id="[4.1:63]">
            <div class="heading-container">
              <div class="scenario-tags">
                
              </div>
              <div class="scenario-keyword">
                Scenario: <span>[4.1:63]</span>
                <span class="scenario-name">TC004_Validate account state for WLS_RES_SUSPENDED_TN</span>
                <span></span>
              </div>
            </div>
            <div class="scenario-time failed">
              <span>ms:</span>&nbsp;<span>9</span>
            </div>
          </div>
          <div class="step-row">
            <div class="step-container" id="[4.1:63]bg">
              <div class="step-ref bg-step">&gt;&gt;</div>
              <div class="step-cell passed">Background:</div>
            </div>
            <div class="time-cell passed"></div>
          </div>
          <div data-parent="[4.1:63]bg"><div>
  

  

  <div class="step-row">
    <div class="step-container" id="1.5">
      <div class="step-ref bg-step">5</div>
      
      <div class="step-cell passed">
        <span>*</span>&nbsp;<span>url baseURL</span>
      </div>
    </div>
    <div class="time-cell passed">0</div>
  </div>

   
  
  

  

  <div class="preformatted" data-parent="1.5">13:04:56.009 karate.env system property was: it01 
13:04:56.009 clientId:52e80bfa-b42c-47d7-98b5-8bb87c926209 
13:04:56.011 Current URL is : https://apigw-st.telus.com 
13:04:56.011 Current Env is : it01 
</div>   

  

</div>
</div>
          <div data-parent="[4.1:63]bg"><div>
  

  

  <div class="step-row">
    <div class="step-container" id="1.6">
      <div class="step-ref bg-step">6</div>
      
      <div class="step-cell passed">
        <span>*</span>&nbsp;<span>configure ssl = true</span>
      </div>
    </div>
    <div class="time-cell passed">1</div>
  </div>

   
  
  

  

     

  

</div>
</div>
          <div data-parent="[4.1:63]bg"><div>
  

  

  <div class="step-row">
    <div class="step-container" id="1.7">
      <div class="step-ref bg-step">7</div>
      
      <div class="step-cell passed">
        <span>*</span>&nbsp;<span>header accept = &#39;application/json&#39;</span>
      </div>
    </div>
    <div class="time-cell passed">0</div>
  </div>

   
  
  

  

     

  

</div>
</div>
          <div data-parent="[4.1:63]bg"><div>
  

  

  <div class="step-row">
    <div class="step-container" id="1.8">
      <div class="step-ref bg-step">8</div>
      
      <div class="step-cell passed">
        <span>*</span>&nbsp;<span>header env = env</span>
      </div>
    </div>
    <div class="time-cell passed">0</div>
  </div>

   
  
  

  

     

  

</div>
</div>
          <div data-parent="[4.1:63]bg"><div>
  

  

  <div class="step-row">
    <div class="step-container" id="1.9">
      <div class="step-ref bg-step">9</div>
      
      <div class="step-cell passed">
        <span>*</span>&nbsp;<span>configure readTimeout = 20000</span>
      </div>
    </div>
    <div class="time-cell passed">0</div>
  </div>

   
  
  

  

     

  

</div>
</div>
          <div data-parent="[4.1:63]bg"><div>
  

  

  <div class="step-row">
    <div class="step-container" id="1.10">
      <div class="step-ref bg-step">10</div>
      
      <div class="step-cell passed">
        <span>*</span>&nbsp;<span>header Authorization = &#39;Bearer &#39;+authInfo.response.access_token;</span>
      </div>
    </div>
    <div class="time-cell passed">0</div>
  </div>

   
  
  

  

     

  

</div>
</div>
          <div data-parent="[4.1:63]bg"><div>
  

  

  <div class="step-row">
    <div class="step-container" id="1.11">
      <div class="step-ref bg-step">11</div>
      
      <div class="step-cell passed">
        <span>*</span>&nbsp;<span>print authInfo.response.access_token</span>
      </div>
    </div>
    <div class="time-cell passed">0</div>
  </div>

   
  
  

  

  <div class="preformatted" data-parent="1.11">13:04:56.013 [print] eyJhbGciOiJSUzI1NiIsImtpZCI6ImNhZGZhMTYyLTU2YzEtNGRiOS1hNjNmLTYwZTM3NzIwMWJkZiIsInBpLmF0bSI6IjMifQ.eyJzY29wZSI6WyI0NzIwIl0sImF1dGhvcml6YXRpb25fZGV0YWlscyI6W10sImNsaWVudF9pZCI6IjUyZTgwYmZhLWI0MmMtNDdkNy05OGI1LThiYjg3YzkyNjIwOSIsImlzcyI6Imh0dHBzOi8vdGVhbXNzby1pdHMwNC50ZWx1cy5jb20iLCJhdWQiOiJrb25nIiwiaWF0IjoxNzIzMjIzMDg5LCJleHAiOjE3MjMyMjMzODl9.flESEmYyI_eCkBmzn54OkGfP2lAIxnyqs2XbjtABUAmEnkCOQe8uoiUdROg_nBCNsbluJLTMIyv2VQYcEFeVpzwJIN4AH00KC-3px8L7DRMcbbbRqgIOGamUVRjytKBt3cFR1XVCW32bLo_XlS6M0CPdsCtowSRRwenf6htGC3loiXiWZ8pxuYaJNnmQfuSN9rWpZNHc8y-eYDl0xm6EoEXQSfatP3EAxDBw6tgqlb5patcu_afyMqKiHha9IdISwDeMrqyfvgoAR4Sqhdy3Uxp_k_xzmM-XWElgzY0YfiUnRnIl01fsIz1UO7xaed3xVyVlwsYrq6nB9I57SYDk-A 
</div>   

  

</div>
</div>
          <div data-parent="[4.1:63]bg"><div>
  

  

  <div class="step-row">
    <div class="step-container" id="1.12">
      <div class="step-ref bg-step">12</div>
      
      <div class="step-cell passed">
        <span>*</span>&nbsp;<span>def data_file = &#39;tn_feature_data.json&#39;</span>
      </div>
    </div>
    <div class="time-cell passed">0</div>
  </div>

   
  
  

  

     

  

</div>
</div>
          <div data-parent="[4.1:63]bg"><div>
  

  

  <div class="step-row">
    <div class="step-container" id="1.13">
      <div class="step-ref bg-step">13</div>
      
      <div class="step-cell passed">
        <span>*</span>&nbsp;<span>def data_file1 = &#39;tn_kb_corp_Customer-account_feature_data.json&#39;</span>
      </div>
    </div>
    <div class="time-cell passed">0</div>
  </div>

   
  
  

  

     

  

</div>
</div>
          <div data-parent="[4.1:63]bg"><div>
  

  

  <div class="step-row">
    <div class="step-container" id="1.14">
      <div class="step-ref bg-step">14</div>
      
      <div class="step-cell passed">
        <span>*</span>&nbsp;<span>def mockResponseWLS_RES_SUSPENDED = callonce read(&quot;../odsdata/getTestData_Consumer_Non_Prod.feature@getdata_resWLS_Suspended&quot;)</span>
      </div>
    </div>
    <div class="time-cell passed">2</div>
  </div>

   
  
  

  

     

  

</div>
</div>
          <div data-parent="[4.1:63]bg"><div>
  

  

  <div class="step-row">
    <div class="step-container" id="1.15">
      <div class="step-ref bg-step">15</div>
      
      <div class="step-cell passed">
        <span>*</span>&nbsp;<span>def mockResponseWLS_RES_ACTIVE = callonce read(&quot;../odsdata/getTestData_Consumer_Non_Prod.feature@getdata_resWLS_Active&quot;)</span>
      </div>
    </div>
    <div class="time-cell passed">1</div>
  </div>

   
  
  

  

     

  

</div>
</div>
          <div data-parent="[4.1:63]bg"><div>
  

  

  <div class="step-row">
    <div class="step-container" id="1.16">
      <div class="step-ref bg-step">16</div>
      
      <div class="step-cell passed">
        <span>*</span>&nbsp;<span>def mockResponseWLN_RES_ACTIVE = callonce read(&quot;../odsdata/getTestData_Consumer_Non_Prod.feature@getdata_resWLN_Active&quot;)</span>
      </div>
    </div>
    <div class="time-cell passed">1</div>
  </div>

   
  
  

  

     

  

</div>
</div>
          <div data-parent="[4.1:63]bg"><div>
  

  

  <div class="step-row">
    <div class="step-container" id="1.17">
      <div class="step-ref bg-step">17</div>
      
      <div class="step-cell passed">
        <span>*</span>&nbsp;<span>def mockResponseWLS_BIZ_ACTIVE = callonce read(&quot;../odsdata/getTestData_Business_Non_Prod.feature@getdatabizWLS&quot;)</span>
      </div>
    </div>
    <div class="time-cell passed">2</div>
  </div>

   
  
  

  

     

  

</div>
</div>
          <div data-parent="[4.1:63]bg"><div>
  

  

  <div class="step-row">
    <div class="step-container" id="1.18">
      <div class="step-ref bg-step">18</div>
      
      <div class="step-cell passed">
        <span>*</span>&nbsp;<span>def mockResponseWLN_BIZ_ACTIVE = callonce read(&quot;../odsdata/getTestData_Business_Non_Prod.feature@getdatabizWLN&quot;)</span>
      </div>
    </div>
    <div class="time-cell passed">2</div>
  </div>

   
  
  

  

     

  

</div>
</div>
          <div data-parent="[4.1:63]bg"><div>
  

  

  <div class="step-row">
    <div class="step-container" id="1.19">
      <div class="step-ref bg-step">19</div>
      
      <div class="step-cell passed">
        <span>*</span>&nbsp;<span>def data_file5 = &#39;tn_feature_data_morethan3acct.json&#39;</span>
      </div>
    </div>
    <div class="time-cell passed">0</div>
  </div>

   
  
  

  

     

  

</div>
</div>
          <div><div>
  

  

  <div class="step-row">
    <div class="step-container" id="1.63">
      <div class="step-ref failed">63</div>
      
      <div class="step-cell failed">
        <span>*</span>&nbsp;<span>dynamic expression evaluation failed: mockResponseWLS_RES_SUSPENDED.mockResponseWLS_RES_SUSPENDED</span>
      </div>
    </div>
    <div class="time-cell failed">0</div>
  </div>

   
  
  

  

  <div class="preformatted" data-parent="1.63">result is neither list nor function: [type: MAP, value: {message=Forbidden}]
java.lang.RuntimeException: result is neither list nor function: [type: MAP, value: {message=Forbidden}]
	at com.intuit.karate.core.ScenarioIterator.tryAdvance(ScenarioIterator.java:110)
	at com.intuit.karate.core.ScenarioIterator.tryAdvance(ScenarioIterator.java:88)
	at java.base/java.util.Spliterator.forEachRemaining(Spliterator.java:332)
	at java.base/java.util.stream.AbstractPipeline.copyInto(AbstractPipeline.java:509)
	at java.base/java.util.stream.AbstractPipeline.wrapAndCopyInto(AbstractPipeline.java:499)
	at java.base/java.util.stream.StreamSpliterators$WrappingSpliterator.forEachRemaining(StreamSpliterators.java:310)
	at java.base/java.util.Spliterators$1Adapter.forEachRemaining(Spliterators.java:706)
	at com.intuit.karate.core.FeatureRuntime.run(FeatureRuntime.java:164)
	at java.base/java.util.concurrent.Executors$RunnableAdapter.call(Executors.java:577)
	at java.base/java.util.concurrent.FutureTask.run(FutureTask.java:317)
	at com.intuit.karate.core.SyncExecutorService.execute(SyncExecutorService.java:70)
	at java.base/java.util.concurrent.AbstractExecutorService.submit(AbstractExecutorService.java:123)
	at com.intuit.karate.Suite.run(Suite.java:235)
	at com.intuit.karate.Runner$Builder.parallel(Runner.java:575)
	at feature.TestRunner.testParallel(TestRunner.java:23)
	at java.base/jdk.internal.reflect.DirectMethodHandleAccessor.invoke(DirectMethodHandleAccessor.java:104)
	at java.base/java.lang.reflect.Method.invoke(Method.java:578)
	at org.junit.platform.commons.util.ReflectionUtils.invokeMethod(ReflectionUtils.java:688)
	at org.junit.jupiter.engine.execution.MethodInvocation.proceed(MethodInvocation.java:60)
	at org.junit.jupiter.engine.execution.InvocationInterceptorChain$ValidatingInvocation.proceed(InvocationInterceptorChain.java:131)
	at org.junit.jupiter.engine.extension.TimeoutExtension.intercept(TimeoutExtension.java:149)
	at org.junit.jupiter.engine.extension.TimeoutExtension.interceptTestableMethod(TimeoutExtension.java:140)
	at org.junit.jupiter.engine.extension.TimeoutExtension.interceptTestMethod(TimeoutExtension.java:84)
	at org.junit.jupiter.engine.execution.ExecutableInvoker$ReflectiveInterceptorCall.lambda$ofVoidMethod$0(ExecutableInvoker.java:115)
	at org.junit.jupiter.engine.execution.ExecutableInvoker.lambda$invoke$0(ExecutableInvoker.java:105)
	at org.junit.jupiter.engine.execution.InvocationInterceptorChain$InterceptedInvocation.proceed(InvocationInterceptorChain.java:106)
	at org.junit.jupiter.engine.execution.InvocationInterceptorChain.proceed(InvocationInterceptorChain.java:64)
	at org.junit.jupiter.engine.execution.InvocationInterceptorChain.chainAndInvoke(InvocationInterceptorChain.java:45)
	at org.junit.jupiter.engine.execution.InvocationInterceptorChain.invoke(InvocationInterceptorChain.java:37)
	at org.junit.jupiter.engine.execution.ExecutableInvoker.invoke(ExecutableInvoker.java:104)
	at org.junit.jupiter.engine.execution.ExecutableInvoker.invoke(ExecutableInvoker.java:98)
	at org.junit.jupiter.engine.descriptor.TestMethodTestDescriptor.lambda$invokeTestMethod$6(TestMethodTestDescriptor.java:210)
	at org.junit.platform.engine.support.hierarchical.ThrowableCollector.execute(ThrowableCollector.java:73)
	at org.junit.jupiter.engine.descriptor.TestMethodTestDescriptor.invokeTestMethod(TestMethodTestDescriptor.java:206)
	at org.junit.jupiter.engine.descriptor.TestMethodTestDescriptor.execute(TestMethodTestDescriptor.java:131)
	at org.junit.jupiter.engine.descriptor.TestMethodTestDescriptor.execute(TestMethodTestDescriptor.java:65)
	at org.junit.platform.engine.support.hierarchical.NodeTestTask.lambda$executeRecursively$5(NodeTestTask.java:139)
	at org.junit.platform.engine.support.hierarchical.ThrowableCollector.execute(ThrowableCollector.java:73)
	at org.junit.platform.engine.support.hierarchical.NodeTestTask.lambda$executeRecursively$7(NodeTestTask.java:129)
	at org.junit.platform.engine.support.hierarchical.Node.around(Node.java:137)
	at org.junit.platform.engine.support.hierarchical.NodeTestTask.lambda$executeRecursively$8(NodeTestTask.java:127)
	at org.junit.platform.engine.support.hierarchical.ThrowableCollector.execute(ThrowableCollector.java:73)
	at org.junit.platform.engine.support.hierarchical.NodeTestTask.executeRecursively(NodeTestTask.java:126)
	at org.junit.platform.engine.support.hierarchical.NodeTestTask.execute(NodeTestTask.java:84)
	at java.base/java.util.ArrayList.forEach(ArrayList.java:1511)
	at org.junit.platform.engine.support.hierarchical.SameThreadHierarchicalTestExecutorService.invokeAll(SameThreadHierarchicalTestExecutorService.java:38)
	at org.junit.platform.engine.support.hierarchical.NodeTestTask.lambda$executeRecursively$5(NodeTestTask.java:143)
	at org.junit.platform.engine.support.hierarchical.ThrowableCollector.execute(ThrowableCollector.java:73)
	at org.junit.platform.engine.support.hierarchical.NodeTestTask.lambda$executeRecursively$7(NodeTestTask.java:129)
	at org.junit.platform.engine.support.hierarchical.Node.around(Node.java:137)
	at org.junit.platform.engine.support.hierarchical.NodeTestTask.lambda$executeRecursively$8(NodeTestTask.java:127)
	at org.junit.platform.engine.support.hierarchical.ThrowableCollector.execute(ThrowableCollector.java:73)
	at org.junit.platform.engine.support.hierarchical.NodeTestTask.executeRecursively(NodeTestTask.java:126)
	at org.junit.platform.engine.support.hierarchical.NodeTestTask.execute(NodeTestTask.java:84)
	at java.base/java.util.ArrayList.forEach(ArrayList.java:1511)
	at org.junit.platform.engine.support.hierarchical.SameThreadHierarchicalTestExecutorService.invokeAll(SameThreadHierarchicalTestExecutorService.java:38)
	at org.junit.platform.engine.support.hierarchical.NodeTestTask.lambda$executeRecursively$5(NodeTestTask.java:143)
	at org.junit.platform.engine.support.hierarchical.ThrowableCollector.execute(ThrowableCollector.java:73)
	at org.junit.platform.engine.support.hierarchical.NodeTestTask.lambda$executeRecursively$7(NodeTestTask.java:129)
	at org.junit.platform.engine.support.hierarchical.Node.around(Node.java:137)
	at org.junit.platform.engine.support.hierarchical.NodeTestTask.lambda$executeRecursively$8(NodeTestTask.java:127)
	at org.junit.platform.engine.support.hierarchical.ThrowableCollector.execute(ThrowableCollector.java:73)
	at org.junit.platform.engine.support.hierarchical.NodeTestTask.executeRecursively(NodeTestTask.java:126)
	at org.junit.platform.engine.support.hierarchical.NodeTestTask.execute(NodeTestTask.java:84)
	at org.junit.platform.engine.support.hierarchical.SameThreadHierarchicalTestExecutorService.submit(SameThreadHierarchicalTestExecutorService.java:32)
	at org.junit.platform.engine.support.hierarchical.HierarchicalTestExecutor.execute(HierarchicalTestExecutor.java:57)
	at org.junit.platform.engine.support.hierarchical.HierarchicalTestEngine.execute(HierarchicalTestEngine.java:51)
	at org.junit.platform.launcher.core.DefaultLauncher.execute(DefaultLauncher.java:220)
	at org.junit.platform.launcher.core.DefaultLauncher.lambda$execute$6(DefaultLauncher.java:188)
	at org.junit.platform.launcher.core.DefaultLauncher.withInterceptedStreams(DefaultLauncher.java:202)
	at org.junit.platform.launcher.core.DefaultLauncher.execute(DefaultLauncher.java:181)
	at org.junit.platform.launcher.core.DefaultLauncher.execute(DefaultLauncher.java:128)
	at org.apache.maven.surefire.junitplatform.JUnitPlatformProvider.invokeAllTests(JUnitPlatformProvider.java:150)
	at org.apache.maven.surefire.junitplatform.JUnitPlatformProvider.invoke(JUnitPlatformProvider.java:124)
	at org.apache.maven.surefire.booter.ForkedBooter.invokeProviderInSameClassLoader(ForkedBooter.java:384)
	at org.apache.maven.surefire.booter.ForkedBooter.runSuitesInProcess(ForkedBooter.java:345)
	at org.apache.maven.surefire.booter.ForkedBooter.execute(ForkedBooter.java:126)
	at org.apache.maven.surefire.booter.ForkedBooter.main(ForkedBooter.java:418)
</div>   

  

</div>
</div>
        </div>
        <div class="scenario">
          <div class="scenario-heading" id="[5.1:75]">
            <div class="heading-container">
              <div class="scenario-tags">
                
              </div>
              <div class="scenario-keyword">
                Scenario: <span>[5.1:75]</span>
                <span class="scenario-name">TC005_Validate account type code and business unit for WLN_RES_ACTIVE_TN</span>
                <span></span>
              </div>
            </div>
            <div class="scenario-time failed">
              <span>ms:</span>&nbsp;<span>10</span>
            </div>
          </div>
          <div class="step-row">
            <div class="step-container" id="[5.1:75]bg">
              <div class="step-ref bg-step">&gt;&gt;</div>
              <div class="step-cell passed">Background:</div>
            </div>
            <div class="time-cell passed"></div>
          </div>
          <div data-parent="[5.1:75]bg"><div>
  

  

  <div class="step-row">
    <div class="step-container" id="1.5">
      <div class="step-ref bg-step">5</div>
      
      <div class="step-cell passed">
        <span>*</span>&nbsp;<span>url baseURL</span>
      </div>
    </div>
    <div class="time-cell passed">0</div>
  </div>

   
  
  

  

  <div class="preformatted" data-parent="1.5">13:04:56.030 karate.env system property was: it01 
13:04:56.031 clientId:52e80bfa-b42c-47d7-98b5-8bb87c926209 
13:04:56.031 Current URL is : https://apigw-st.telus.com 
13:04:56.031 Current Env is : it01 
</div>   

  

</div>
</div>
          <div data-parent="[5.1:75]bg"><div>
  

  

  <div class="step-row">
    <div class="step-container" id="1.6">
      <div class="step-ref bg-step">6</div>
      
      <div class="step-cell passed">
        <span>*</span>&nbsp;<span>configure ssl = true</span>
      </div>
    </div>
    <div class="time-cell passed">1</div>
  </div>

   
  
  

  

     

  

</div>
</div>
          <div data-parent="[5.1:75]bg"><div>
  

  

  <div class="step-row">
    <div class="step-container" id="1.7">
      <div class="step-ref bg-step">7</div>
      
      <div class="step-cell passed">
        <span>*</span>&nbsp;<span>header accept = &#39;application/json&#39;</span>
      </div>
    </div>
    <div class="time-cell passed">0</div>
  </div>

   
  
  

  

     

  

</div>
</div>
          <div data-parent="[5.1:75]bg"><div>
  

  

  <div class="step-row">
    <div class="step-container" id="1.8">
      <div class="step-ref bg-step">8</div>
      
      <div class="step-cell passed">
        <span>*</span>&nbsp;<span>header env = env</span>
      </div>
    </div>
    <div class="time-cell passed">0</div>
  </div>

   
  
  

  

     

  

</div>
</div>
          <div data-parent="[5.1:75]bg"><div>
  

  

  <div class="step-row">
    <div class="step-container" id="1.9">
      <div class="step-ref bg-step">9</div>
      
      <div class="step-cell passed">
        <span>*</span>&nbsp;<span>configure readTimeout = 20000</span>
      </div>
    </div>
    <div class="time-cell passed">0</div>
  </div>

   
  
  

  

     

  

</div>
</div>
          <div data-parent="[5.1:75]bg"><div>
  

  

  <div class="step-row">
    <div class="step-container" id="1.10">
      <div class="step-ref bg-step">10</div>
      
      <div class="step-cell passed">
        <span>*</span>&nbsp;<span>header Authorization = &#39;Bearer &#39;+authInfo.response.access_token;</span>
      </div>
    </div>
    <div class="time-cell passed">0</div>
  </div>

   
  
  

  

     

  

</div>
</div>
          <div data-parent="[5.1:75]bg"><div>
  

  

  <div class="step-row">
    <div class="step-container" id="1.11">
      <div class="step-ref bg-step">11</div>
      
      <div class="step-cell passed">
        <span>*</span>&nbsp;<span>print authInfo.response.access_token</span>
      </div>
    </div>
    <div class="time-cell passed">0</div>
  </div>

   
  
  

  

  <div class="preformatted" data-parent="1.11">13:04:56.034 [print] eyJhbGciOiJSUzI1NiIsImtpZCI6ImNhZGZhMTYyLTU2YzEtNGRiOS1hNjNmLTYwZTM3NzIwMWJkZiIsInBpLmF0bSI6IjMifQ.eyJzY29wZSI6WyI0NzIwIl0sImF1dGhvcml6YXRpb25fZGV0YWlscyI6W10sImNsaWVudF9pZCI6IjUyZTgwYmZhLWI0MmMtNDdkNy05OGI1LThiYjg3YzkyNjIwOSIsImlzcyI6Imh0dHBzOi8vdGVhbXNzby1pdHMwNC50ZWx1cy5jb20iLCJhdWQiOiJrb25nIiwiaWF0IjoxNzIzMjIzMDg5LCJleHAiOjE3MjMyMjMzODl9.flESEmYyI_eCkBmzn54OkGfP2lAIxnyqs2XbjtABUAmEnkCOQe8uoiUdROg_nBCNsbluJLTMIyv2VQYcEFeVpzwJIN4AH00KC-3px8L7DRMcbbbRqgIOGamUVRjytKBt3cFR1XVCW32bLo_XlS6M0CPdsCtowSRRwenf6htGC3loiXiWZ8pxuYaJNnmQfuSN9rWpZNHc8y-eYDl0xm6EoEXQSfatP3EAxDBw6tgqlb5patcu_afyMqKiHha9IdISwDeMrqyfvgoAR4Sqhdy3Uxp_k_xzmM-XWElgzY0YfiUnRnIl01fsIz1UO7xaed3xVyVlwsYrq6nB9I57SYDk-A 
</div>   

  

</div>
</div>
          <div data-parent="[5.1:75]bg"><div>
  

  

  <div class="step-row">
    <div class="step-container" id="1.12">
      <div class="step-ref bg-step">12</div>
      
      <div class="step-cell passed">
        <span>*</span>&nbsp;<span>def data_file = &#39;tn_feature_data.json&#39;</span>
      </div>
    </div>
    <div class="time-cell passed">0</div>
  </div>

   
  
  

  

     

  

</div>
</div>
          <div data-parent="[5.1:75]bg"><div>
  

  

  <div class="step-row">
    <div class="step-container" id="1.13">
      <div class="step-ref bg-step">13</div>
      
      <div class="step-cell passed">
        <span>*</span>&nbsp;<span>def data_file1 = &#39;tn_kb_corp_Customer-account_feature_data.json&#39;</span>
      </div>
    </div>
    <div class="time-cell passed">0</div>
  </div>

   
  
  

  

     

  

</div>
</div>
          <div data-parent="[5.1:75]bg"><div>
  

  

  <div class="step-row">
    <div class="step-container" id="1.14">
      <div class="step-ref bg-step">14</div>
      
      <div class="step-cell passed">
        <span>*</span>&nbsp;<span>def mockResponseWLS_RES_SUSPENDED = callonce read(&quot;../odsdata/getTestData_Consumer_Non_Prod.feature@getdata_resWLS_Suspended&quot;)</span>
      </div>
    </div>
    <div class="time-cell passed">2</div>
  </div>

   
  
  

  

     

  

</div>
</div>
          <div data-parent="[5.1:75]bg"><div>
  

  

  <div class="step-row">
    <div class="step-container" id="1.15">
      <div class="step-ref bg-step">15</div>
      
      <div class="step-cell passed">
        <span>*</span>&nbsp;<span>def mockResponseWLS_RES_ACTIVE = callonce read(&quot;../odsdata/getTestData_Consumer_Non_Prod.feature@getdata_resWLS_Active&quot;)</span>
      </div>
    </div>
    <div class="time-cell passed">1</div>
  </div>

   
  
  

  

     

  

</div>
</div>
          <div data-parent="[5.1:75]bg"><div>
  

  

  <div class="step-row">
    <div class="step-container" id="1.16">
      <div class="step-ref bg-step">16</div>
      
      <div class="step-cell passed">
        <span>*</span>&nbsp;<span>def mockResponseWLN_RES_ACTIVE = callonce read(&quot;../odsdata/getTestData_Consumer_Non_Prod.feature@getdata_resWLN_Active&quot;)</span>
      </div>
    </div>
    <div class="time-cell passed">1</div>
  </div>

   
  
  

  

     

  

</div>
</div>
          <div data-parent="[5.1:75]bg"><div>
  

  

  <div class="step-row">
    <div class="step-container" id="1.17">
      <div class="step-ref bg-step">17</div>
      
      <div class="step-cell passed">
        <span>*</span>&nbsp;<span>def mockResponseWLS_BIZ_ACTIVE = callonce read(&quot;../odsdata/getTestData_Business_Non_Prod.feature@getdatabizWLS&quot;)</span>
      </div>
    </div>
    <div class="time-cell passed">1</div>
  </div>

   
  
  

  

     

  

</div>
</div>
          <div data-parent="[5.1:75]bg"><div>
  

  

  <div class="step-row">
    <div class="step-container" id="1.18">
      <div class="step-ref bg-step">18</div>
      
      <div class="step-cell passed">
        <span>*</span>&nbsp;<span>def mockResponseWLN_BIZ_ACTIVE = callonce read(&quot;../odsdata/getTestData_Business_Non_Prod.feature@getdatabizWLN&quot;)</span>
      </div>
    </div>
    <div class="time-cell passed">1</div>
  </div>

   
  
  

  

     

  

</div>
</div>
          <div data-parent="[5.1:75]bg"><div>
  

  

  <div class="step-row">
    <div class="step-container" id="1.19">
      <div class="step-ref bg-step">19</div>
      
      <div class="step-cell passed">
        <span>*</span>&nbsp;<span>def data_file5 = &#39;tn_feature_data_morethan3acct.json&#39;</span>
      </div>
    </div>
    <div class="time-cell passed">0</div>
  </div>

   
  
  

  

     

  

</div>
</div>
          <div><div>
  

  

  <div class="step-row">
    <div class="step-container" id="1.75">
      <div class="step-ref failed">75</div>
      
      <div class="step-cell failed">
        <span>*</span>&nbsp;<span>dynamic expression evaluation failed: mockResponseWLN_RES_ACTIVE.mockResponseWLN_RES_ACTIVE</span>
      </div>
    </div>
    <div class="time-cell failed">0</div>
  </div>

   
  
  

  

  <div class="preformatted" data-parent="1.75">result is neither list nor function: [type: MAP, value: {message=Forbidden}]
java.lang.RuntimeException: result is neither list nor function: [type: MAP, value: {message=Forbidden}]
	at com.intuit.karate.core.ScenarioIterator.tryAdvance(ScenarioIterator.java:110)
	at com.intuit.karate.core.ScenarioIterator.tryAdvance(ScenarioIterator.java:88)
	at java.base/java.util.Spliterator.forEachRemaining(Spliterator.java:332)
	at java.base/java.util.stream.AbstractPipeline.copyInto(AbstractPipeline.java:509)
	at java.base/java.util.stream.AbstractPipeline.wrapAndCopyInto(AbstractPipeline.java:499)
	at java.base/java.util.stream.StreamSpliterators$WrappingSpliterator.forEachRemaining(StreamSpliterators.java:310)
	at java.base/java.util.Spliterators$1Adapter.forEachRemaining(Spliterators.java:706)
	at com.intuit.karate.core.FeatureRuntime.run(FeatureRuntime.java:164)
	at java.base/java.util.concurrent.Executors$RunnableAdapter.call(Executors.java:577)
	at java.base/java.util.concurrent.FutureTask.run(FutureTask.java:317)
	at com.intuit.karate.core.SyncExecutorService.execute(SyncExecutorService.java:70)
	at java.base/java.util.concurrent.AbstractExecutorService.submit(AbstractExecutorService.java:123)
	at com.intuit.karate.Suite.run(Suite.java:235)
	at com.intuit.karate.Runner$Builder.parallel(Runner.java:575)
	at feature.TestRunner.testParallel(TestRunner.java:23)
	at java.base/jdk.internal.reflect.DirectMethodHandleAccessor.invoke(DirectMethodHandleAccessor.java:104)
	at java.base/java.lang.reflect.Method.invoke(Method.java:578)
	at org.junit.platform.commons.util.ReflectionUtils.invokeMethod(ReflectionUtils.java:688)
	at org.junit.jupiter.engine.execution.MethodInvocation.proceed(MethodInvocation.java:60)
	at org.junit.jupiter.engine.execution.InvocationInterceptorChain$ValidatingInvocation.proceed(InvocationInterceptorChain.java:131)
	at org.junit.jupiter.engine.extension.TimeoutExtension.intercept(TimeoutExtension.java:149)
	at org.junit.jupiter.engine.extension.TimeoutExtension.interceptTestableMethod(TimeoutExtension.java:140)
	at org.junit.jupiter.engine.extension.TimeoutExtension.interceptTestMethod(TimeoutExtension.java:84)
	at org.junit.jupiter.engine.execution.ExecutableInvoker$ReflectiveInterceptorCall.lambda$ofVoidMethod$0(ExecutableInvoker.java:115)
	at org.junit.jupiter.engine.execution.ExecutableInvoker.lambda$invoke$0(ExecutableInvoker.java:105)
	at org.junit.jupiter.engine.execution.InvocationInterceptorChain$InterceptedInvocation.proceed(InvocationInterceptorChain.java:106)
	at org.junit.jupiter.engine.execution.InvocationInterceptorChain.proceed(InvocationInterceptorChain.java:64)
	at org.junit.jupiter.engine.execution.InvocationInterceptorChain.chainAndInvoke(InvocationInterceptorChain.java:45)
	at org.junit.jupiter.engine.execution.InvocationInterceptorChain.invoke(InvocationInterceptorChain.java:37)
	at org.junit.jupiter.engine.execution.ExecutableInvoker.invoke(ExecutableInvoker.java:104)
	at org.junit.jupiter.engine.execution.ExecutableInvoker.invoke(ExecutableInvoker.java:98)
	at org.junit.jupiter.engine.descriptor.TestMethodTestDescriptor.lambda$invokeTestMethod$6(TestMethodTestDescriptor.java:210)
	at org.junit.platform.engine.support.hierarchical.ThrowableCollector.execute(ThrowableCollector.java:73)
	at org.junit.jupiter.engine.descriptor.TestMethodTestDescriptor.invokeTestMethod(TestMethodTestDescriptor.java:206)
	at org.junit.jupiter.engine.descriptor.TestMethodTestDescriptor.execute(TestMethodTestDescriptor.java:131)
	at org.junit.jupiter.engine.descriptor.TestMethodTestDescriptor.execute(TestMethodTestDescriptor.java:65)
	at org.junit.platform.engine.support.hierarchical.NodeTestTask.lambda$executeRecursively$5(NodeTestTask.java:139)
	at org.junit.platform.engine.support.hierarchical.ThrowableCollector.execute(ThrowableCollector.java:73)
	at org.junit.platform.engine.support.hierarchical.NodeTestTask.lambda$executeRecursively$7(NodeTestTask.java:129)
	at org.junit.platform.engine.support.hierarchical.Node.around(Node.java:137)
	at org.junit.platform.engine.support.hierarchical.NodeTestTask.lambda$executeRecursively$8(NodeTestTask.java:127)
	at org.junit.platform.engine.support.hierarchical.ThrowableCollector.execute(ThrowableCollector.java:73)
	at org.junit.platform.engine.support.hierarchical.NodeTestTask.executeRecursively(NodeTestTask.java:126)
	at org.junit.platform.engine.support.hierarchical.NodeTestTask.execute(NodeTestTask.java:84)
	at java.base/java.util.ArrayList.forEach(ArrayList.java:1511)
	at org.junit.platform.engine.support.hierarchical.SameThreadHierarchicalTestExecutorService.invokeAll(SameThreadHierarchicalTestExecutorService.java:38)
	at org.junit.platform.engine.support.hierarchical.NodeTestTask.lambda$executeRecursively$5(NodeTestTask.java:143)
	at org.junit.platform.engine.support.hierarchical.ThrowableCollector.execute(ThrowableCollector.java:73)
	at org.junit.platform.engine.support.hierarchical.NodeTestTask.lambda$executeRecursively$7(NodeTestTask.java:129)
	at org.junit.platform.engine.support.hierarchical.Node.around(Node.java:137)
	at org.junit.platform.engine.support.hierarchical.NodeTestTask.lambda$executeRecursively$8(NodeTestTask.java:127)
	at org.junit.platform.engine.support.hierarchical.ThrowableCollector.execute(ThrowableCollector.java:73)
	at org.junit.platform.engine.support.hierarchical.NodeTestTask.executeRecursively(NodeTestTask.java:126)
	at org.junit.platform.engine.support.hierarchical.NodeTestTask.execute(NodeTestTask.java:84)
	at java.base/java.util.ArrayList.forEach(ArrayList.java:1511)
	at org.junit.platform.engine.support.hierarchical.SameThreadHierarchicalTestExecutorService.invokeAll(SameThreadHierarchicalTestExecutorService.java:38)
	at org.junit.platform.engine.support.hierarchical.NodeTestTask.lambda$executeRecursively$5(NodeTestTask.java:143)
	at org.junit.platform.engine.support.hierarchical.ThrowableCollector.execute(ThrowableCollector.java:73)
	at org.junit.platform.engine.support.hierarchical.NodeTestTask.lambda$executeRecursively$7(NodeTestTask.java:129)
	at org.junit.platform.engine.support.hierarchical.Node.around(Node.java:137)
	at org.junit.platform.engine.support.hierarchical.NodeTestTask.lambda$executeRecursively$8(NodeTestTask.java:127)
	at org.junit.platform.engine.support.hierarchical.ThrowableCollector.execute(ThrowableCollector.java:73)
	at org.junit.platform.engine.support.hierarchical.NodeTestTask.executeRecursively(NodeTestTask.java:126)
	at org.junit.platform.engine.support.hierarchical.NodeTestTask.execute(NodeTestTask.java:84)
	at org.junit.platform.engine.support.hierarchical.SameThreadHierarchicalTestExecutorService.submit(SameThreadHierarchicalTestExecutorService.java:32)
	at org.junit.platform.engine.support.hierarchical.HierarchicalTestExecutor.execute(HierarchicalTestExecutor.java:57)
	at org.junit.platform.engine.support.hierarchical.HierarchicalTestEngine.execute(HierarchicalTestEngine.java:51)
	at org.junit.platform.launcher.core.DefaultLauncher.execute(DefaultLauncher.java:220)
	at org.junit.platform.launcher.core.DefaultLauncher.lambda$execute$6(DefaultLauncher.java:188)
	at org.junit.platform.launcher.core.DefaultLauncher.withInterceptedStreams(DefaultLauncher.java:202)
	at org.junit.platform.launcher.core.DefaultLauncher.execute(DefaultLauncher.java:181)
	at org.junit.platform.launcher.core.DefaultLauncher.execute(DefaultLauncher.java:128)
	at org.apache.maven.surefire.junitplatform.JUnitPlatformProvider.invokeAllTests(JUnitPlatformProvider.java:150)
	at org.apache.maven.surefire.junitplatform.JUnitPlatformProvider.invoke(JUnitPlatformProvider.java:124)
	at org.apache.maven.surefire.booter.ForkedBooter.invokeProviderInSameClassLoader(ForkedBooter.java:384)
	at org.apache.maven.surefire.booter.ForkedBooter.runSuitesInProcess(ForkedBooter.java:345)
	at org.apache.maven.surefire.booter.ForkedBooter.execute(ForkedBooter.java:126)
	at org.apache.maven.surefire.booter.ForkedBooter.main(ForkedBooter.java:418)
</div>   

  

</div>
</div>
        </div>
        <div class="scenario">
          <div class="scenario-heading" id="[6.1:86]">
            <div class="heading-container">
              <div class="scenario-tags">
                
              </div>
              <div class="scenario-keyword">
                Scenario: <span>[6.1:86]</span>
                <span class="scenario-name">TC006_Validate account type code and BU for WLS_BIZ_ACTIVE_TN</span>
                <span></span>
              </div>
            </div>
            <div class="scenario-time failed">
              <span>ms:</span>&nbsp;<span>8</span>
            </div>
          </div>
          <div class="step-row">
            <div class="step-container" id="[6.1:86]bg">
              <div class="step-ref bg-step">&gt;&gt;</div>
              <div class="step-cell passed">Background:</div>
            </div>
            <div class="time-cell passed"></div>
          </div>
          <div data-parent="[6.1:86]bg"><div>
  

  

  <div class="step-row">
    <div class="step-container" id="1.5">
      <div class="step-ref bg-step">5</div>
      
      <div class="step-cell passed">
        <span>*</span>&nbsp;<span>url baseURL</span>
      </div>
    </div>
    <div class="time-cell passed">0</div>
  </div>

   
  
  

  

  <div class="preformatted" data-parent="1.5">13:04:56.046 karate.env system property was: it01 
13:04:56.046 clientId:52e80bfa-b42c-47d7-98b5-8bb87c926209 
13:04:56.046 Current URL is : https://apigw-st.telus.com 
13:04:56.046 Current Env is : it01 
</div>   

  

</div>
</div>
          <div data-parent="[6.1:86]bg"><div>
  

  

  <div class="step-row">
    <div class="step-container" id="1.6">
      <div class="step-ref bg-step">6</div>
      
      <div class="step-cell passed">
        <span>*</span>&nbsp;<span>configure ssl = true</span>
      </div>
    </div>
    <div class="time-cell passed">1</div>
  </div>

   
  
  

  

     

  

</div>
</div>
          <div data-parent="[6.1:86]bg"><div>
  

  

  <div class="step-row">
    <div class="step-container" id="1.7">
      <div class="step-ref bg-step">7</div>
      
      <div class="step-cell passed">
        <span>*</span>&nbsp;<span>header accept = &#39;application/json&#39;</span>
      </div>
    </div>
    <div class="time-cell passed">0</div>
  </div>

   
  
  

  

     

  

</div>
</div>
          <div data-parent="[6.1:86]bg"><div>
  

  

  <div class="step-row">
    <div class="step-container" id="1.8">
      <div class="step-ref bg-step">8</div>
      
      <div class="step-cell passed">
        <span>*</span>&nbsp;<span>header env = env</span>
      </div>
    </div>
    <div class="time-cell passed">0</div>
  </div>

   
  
  

  

     

  

</div>
</div>
          <div data-parent="[6.1:86]bg"><div>
  

  

  <div class="step-row">
    <div class="step-container" id="1.9">
      <div class="step-ref bg-step">9</div>
      
      <div class="step-cell passed">
        <span>*</span>&nbsp;<span>configure readTimeout = 20000</span>
      </div>
    </div>
    <div class="time-cell passed">0</div>
  </div>

   
  
  

  

     

  

</div>
</div>
          <div data-parent="[6.1:86]bg"><div>
  

  

  <div class="step-row">
    <div class="step-container" id="1.10">
      <div class="step-ref bg-step">10</div>
      
      <div class="step-cell passed">
        <span>*</span>&nbsp;<span>header Authorization = &#39;Bearer &#39;+authInfo.response.access_token;</span>
      </div>
    </div>
    <div class="time-cell passed">0</div>
  </div>

   
  
  

  

     

  

</div>
</div>
          <div data-parent="[6.1:86]bg"><div>
  

  

  <div class="step-row">
    <div class="step-container" id="1.11">
      <div class="step-ref bg-step">11</div>
      
      <div class="step-cell passed">
        <span>*</span>&nbsp;<span>print authInfo.response.access_token</span>
      </div>
    </div>
    <div class="time-cell passed">0</div>
  </div>

   
  
  

  

  <div class="preformatted" data-parent="1.11">13:04:56.048 [print] eyJhbGciOiJSUzI1NiIsImtpZCI6ImNhZGZhMTYyLTU2YzEtNGRiOS1hNjNmLTYwZTM3NzIwMWJkZiIsInBpLmF0bSI6IjMifQ.eyJzY29wZSI6WyI0NzIwIl0sImF1dGhvcml6YXRpb25fZGV0YWlscyI6W10sImNsaWVudF9pZCI6IjUyZTgwYmZhLWI0MmMtNDdkNy05OGI1LThiYjg3YzkyNjIwOSIsImlzcyI6Imh0dHBzOi8vdGVhbXNzby1pdHMwNC50ZWx1cy5jb20iLCJhdWQiOiJrb25nIiwiaWF0IjoxNzIzMjIzMDg5LCJleHAiOjE3MjMyMjMzODl9.flESEmYyI_eCkBmzn54OkGfP2lAIxnyqs2XbjtABUAmEnkCOQe8uoiUdROg_nBCNsbluJLTMIyv2VQYcEFeVpzwJIN4AH00KC-3px8L7DRMcbbbRqgIOGamUVRjytKBt3cFR1XVCW32bLo_XlS6M0CPdsCtowSRRwenf6htGC3loiXiWZ8pxuYaJNnmQfuSN9rWpZNHc8y-eYDl0xm6EoEXQSfatP3EAxDBw6tgqlb5patcu_afyMqKiHha9IdISwDeMrqyfvgoAR4Sqhdy3Uxp_k_xzmM-XWElgzY0YfiUnRnIl01fsIz1UO7xaed3xVyVlwsYrq6nB9I57SYDk-A 
</div>   

  

</div>
</div>
          <div data-parent="[6.1:86]bg"><div>
  

  

  <div class="step-row">
    <div class="step-container" id="1.12">
      <div class="step-ref bg-step">12</div>
      
      <div class="step-cell passed">
        <span>*</span>&nbsp;<span>def data_file = &#39;tn_feature_data.json&#39;</span>
      </div>
    </div>
    <div class="time-cell passed">0</div>
  </div>

   
  
  

  

     

  

</div>
</div>
          <div data-parent="[6.1:86]bg"><div>
  

  

  <div class="step-row">
    <div class="step-container" id="1.13">
      <div class="step-ref bg-step">13</div>
      
      <div class="step-cell passed">
        <span>*</span>&nbsp;<span>def data_file1 = &#39;tn_kb_corp_Customer-account_feature_data.json&#39;</span>
      </div>
    </div>
    <div class="time-cell passed">0</div>
  </div>

   
  
  

  

     

  

</div>
</div>
          <div data-parent="[6.1:86]bg"><div>
  

  

  <div class="step-row">
    <div class="step-container" id="1.14">
      <div class="step-ref bg-step">14</div>
      
      <div class="step-cell passed">
        <span>*</span>&nbsp;<span>def mockResponseWLS_RES_SUSPENDED = callonce read(&quot;../odsdata/getTestData_Consumer_Non_Prod.feature@getdata_resWLS_Suspended&quot;)</span>
      </div>
    </div>
    <div class="time-cell passed">2</div>
  </div>

   
  
  

  

     

  

</div>
</div>
          <div data-parent="[6.1:86]bg"><div>
  

  

  <div class="step-row">
    <div class="step-container" id="1.15">
      <div class="step-ref bg-step">15</div>
      
      <div class="step-cell passed">
        <span>*</span>&nbsp;<span>def mockResponseWLS_RES_ACTIVE = callonce read(&quot;../odsdata/getTestData_Consumer_Non_Prod.feature@getdata_resWLS_Active&quot;)</span>
      </div>
    </div>
    <div class="time-cell passed">1</div>
  </div>

   
  
  

  

     

  

</div>
</div>
          <div data-parent="[6.1:86]bg"><div>
  

  

  <div class="step-row">
    <div class="step-container" id="1.16">
      <div class="step-ref bg-step">16</div>
      
      <div class="step-cell passed">
        <span>*</span>&nbsp;<span>def mockResponseWLN_RES_ACTIVE = callonce read(&quot;../odsdata/getTestData_Consumer_Non_Prod.feature@getdata_resWLN_Active&quot;)</span>
      </div>
    </div>
    <div class="time-cell passed">1</div>
  </div>

   
  
  

  

     

  

</div>
</div>
          <div data-parent="[6.1:86]bg"><div>
  

  

  <div class="step-row">
    <div class="step-container" id="1.17">
      <div class="step-ref bg-step">17</div>
      
      <div class="step-cell passed">
        <span>*</span>&nbsp;<span>def mockResponseWLS_BIZ_ACTIVE = callonce read(&quot;../odsdata/getTestData_Business_Non_Prod.feature@getdatabizWLS&quot;)</span>
      </div>
    </div>
    <div class="time-cell passed">1</div>
  </div>

   
  
  

  

     

  

</div>
</div>
          <div data-parent="[6.1:86]bg"><div>
  

  

  <div class="step-row">
    <div class="step-container" id="1.18">
      <div class="step-ref bg-step">18</div>
      
      <div class="step-cell passed">
        <span>*</span>&nbsp;<span>def mockResponseWLN_BIZ_ACTIVE = callonce read(&quot;../odsdata/getTestData_Business_Non_Prod.feature@getdatabizWLN&quot;)</span>
      </div>
    </div>
    <div class="time-cell passed">1</div>
  </div>

   
  
  

  

     

  

</div>
</div>
          <div data-parent="[6.1:86]bg"><div>
  

  

  <div class="step-row">
    <div class="step-container" id="1.19">
      <div class="step-ref bg-step">19</div>
      
      <div class="step-cell passed">
        <span>*</span>&nbsp;<span>def data_file5 = &#39;tn_feature_data_morethan3acct.json&#39;</span>
      </div>
    </div>
    <div class="time-cell passed">0</div>
  </div>

   
  
  

  

     

  

</div>
</div>
          <div><div>
  

  

  <div class="step-row">
    <div class="step-container" id="1.86">
      <div class="step-ref failed">86</div>
      
      <div class="step-cell failed">
        <span>*</span>&nbsp;<span>dynamic expression evaluation failed: mockResponseWLS_BIZ_ACTIVE.mockResponseWLS_BIZ_ACTIVE</span>
      </div>
    </div>
    <div class="time-cell failed">0</div>
  </div>

   
  
  

  

  <div class="preformatted" data-parent="1.86">result is neither list nor function: [type: MAP, value: {message=Forbidden}]
java.lang.RuntimeException: result is neither list nor function: [type: MAP, value: {message=Forbidden}]
	at com.intuit.karate.core.ScenarioIterator.tryAdvance(ScenarioIterator.java:110)
	at com.intuit.karate.core.ScenarioIterator.tryAdvance(ScenarioIterator.java:88)
	at java.base/java.util.Spliterator.forEachRemaining(Spliterator.java:332)
	at java.base/java.util.stream.AbstractPipeline.copyInto(AbstractPipeline.java:509)
	at java.base/java.util.stream.AbstractPipeline.wrapAndCopyInto(AbstractPipeline.java:499)
	at java.base/java.util.stream.StreamSpliterators$WrappingSpliterator.forEachRemaining(StreamSpliterators.java:310)
	at java.base/java.util.Spliterators$1Adapter.forEachRemaining(Spliterators.java:706)
	at com.intuit.karate.core.FeatureRuntime.run(FeatureRuntime.java:164)
	at java.base/java.util.concurrent.Executors$RunnableAdapter.call(Executors.java:577)
	at java.base/java.util.concurrent.FutureTask.run(FutureTask.java:317)
	at com.intuit.karate.core.SyncExecutorService.execute(SyncExecutorService.java:70)
	at java.base/java.util.concurrent.AbstractExecutorService.submit(AbstractExecutorService.java:123)
	at com.intuit.karate.Suite.run(Suite.java:235)
	at com.intuit.karate.Runner$Builder.parallel(Runner.java:575)
	at feature.TestRunner.testParallel(TestRunner.java:23)
	at java.base/jdk.internal.reflect.DirectMethodHandleAccessor.invoke(DirectMethodHandleAccessor.java:104)
	at java.base/java.lang.reflect.Method.invoke(Method.java:578)
	at org.junit.platform.commons.util.ReflectionUtils.invokeMethod(ReflectionUtils.java:688)
	at org.junit.jupiter.engine.execution.MethodInvocation.proceed(MethodInvocation.java:60)
	at org.junit.jupiter.engine.execution.InvocationInterceptorChain$ValidatingInvocation.proceed(InvocationInterceptorChain.java:131)
	at org.junit.jupiter.engine.extension.TimeoutExtension.intercept(TimeoutExtension.java:149)
	at org.junit.jupiter.engine.extension.TimeoutExtension.interceptTestableMethod(TimeoutExtension.java:140)
	at org.junit.jupiter.engine.extension.TimeoutExtension.interceptTestMethod(TimeoutExtension.java:84)
	at org.junit.jupiter.engine.execution.ExecutableInvoker$ReflectiveInterceptorCall.lambda$ofVoidMethod$0(ExecutableInvoker.java:115)
	at org.junit.jupiter.engine.execution.ExecutableInvoker.lambda$invoke$0(ExecutableInvoker.java:105)
	at org.junit.jupiter.engine.execution.InvocationInterceptorChain$InterceptedInvocation.proceed(InvocationInterceptorChain.java:106)
	at org.junit.jupiter.engine.execution.InvocationInterceptorChain.proceed(InvocationInterceptorChain.java:64)
	at org.junit.jupiter.engine.execution.InvocationInterceptorChain.chainAndInvoke(InvocationInterceptorChain.java:45)
	at org.junit.jupiter.engine.execution.InvocationInterceptorChain.invoke(InvocationInterceptorChain.java:37)
	at org.junit.jupiter.engine.execution.ExecutableInvoker.invoke(ExecutableInvoker.java:104)
	at org.junit.jupiter.engine.execution.ExecutableInvoker.invoke(ExecutableInvoker.java:98)
	at org.junit.jupiter.engine.descriptor.TestMethodTestDescriptor.lambda$invokeTestMethod$6(TestMethodTestDescriptor.java:210)
	at org.junit.platform.engine.support.hierarchical.ThrowableCollector.execute(ThrowableCollector.java:73)
	at org.junit.jupiter.engine.descriptor.TestMethodTestDescriptor.invokeTestMethod(TestMethodTestDescriptor.java:206)
	at org.junit.jupiter.engine.descriptor.TestMethodTestDescriptor.execute(TestMethodTestDescriptor.java:131)
	at org.junit.jupiter.engine.descriptor.TestMethodTestDescriptor.execute(TestMethodTestDescriptor.java:65)
	at org.junit.platform.engine.support.hierarchical.NodeTestTask.lambda$executeRecursively$5(NodeTestTask.java:139)
	at org.junit.platform.engine.support.hierarchical.ThrowableCollector.execute(ThrowableCollector.java:73)
	at org.junit.platform.engine.support.hierarchical.NodeTestTask.lambda$executeRecursively$7(NodeTestTask.java:129)
	at org.junit.platform.engine.support.hierarchical.Node.around(Node.java:137)
	at org.junit.platform.engine.support.hierarchical.NodeTestTask.lambda$executeRecursively$8(NodeTestTask.java:127)
	at org.junit.platform.engine.support.hierarchical.ThrowableCollector.execute(ThrowableCollector.java:73)
	at org.junit.platform.engine.support.hierarchical.NodeTestTask.executeRecursively(NodeTestTask.java:126)
	at org.junit.platform.engine.support.hierarchical.NodeTestTask.execute(NodeTestTask.java:84)
	at java.base/java.util.ArrayList.forEach(ArrayList.java:1511)
	at org.junit.platform.engine.support.hierarchical.SameThreadHierarchicalTestExecutorService.invokeAll(SameThreadHierarchicalTestExecutorService.java:38)
	at org.junit.platform.engine.support.hierarchical.NodeTestTask.lambda$executeRecursively$5(NodeTestTask.java:143)
	at org.junit.platform.engine.support.hierarchical.ThrowableCollector.execute(ThrowableCollector.java:73)
	at org.junit.platform.engine.support.hierarchical.NodeTestTask.lambda$executeRecursively$7(NodeTestTask.java:129)
	at org.junit.platform.engine.support.hierarchical.Node.around(Node.java:137)
	at org.junit.platform.engine.support.hierarchical.NodeTestTask.lambda$executeRecursively$8(NodeTestTask.java:127)
	at org.junit.platform.engine.support.hierarchical.ThrowableCollector.execute(ThrowableCollector.java:73)
	at org.junit.platform.engine.support.hierarchical.NodeTestTask.executeRecursively(NodeTestTask.java:126)
	at org.junit.platform.engine.support.hierarchical.NodeTestTask.execute(NodeTestTask.java:84)
	at java.base/java.util.ArrayList.forEach(ArrayList.java:1511)
	at org.junit.platform.engine.support.hierarchical.SameThreadHierarchicalTestExecutorService.invokeAll(SameThreadHierarchicalTestExecutorService.java:38)
	at org.junit.platform.engine.support.hierarchical.NodeTestTask.lambda$executeRecursively$5(NodeTestTask.java:143)
	at org.junit.platform.engine.support.hierarchical.ThrowableCollector.execute(ThrowableCollector.java:73)
	at org.junit.platform.engine.support.hierarchical.NodeTestTask.lambda$executeRecursively$7(NodeTestTask.java:129)
	at org.junit.platform.engine.support.hierarchical.Node.around(Node.java:137)
	at org.junit.platform.engine.support.hierarchical.NodeTestTask.lambda$executeRecursively$8(NodeTestTask.java:127)
	at org.junit.platform.engine.support.hierarchical.ThrowableCollector.execute(ThrowableCollector.java:73)
	at org.junit.platform.engine.support.hierarchical.NodeTestTask.executeRecursively(NodeTestTask.java:126)
	at org.junit.platform.engine.support.hierarchical.NodeTestTask.execute(NodeTestTask.java:84)
	at org.junit.platform.engine.support.hierarchical.SameThreadHierarchicalTestExecutorService.submit(SameThreadHierarchicalTestExecutorService.java:32)
	at org.junit.platform.engine.support.hierarchical.HierarchicalTestExecutor.execute(HierarchicalTestExecutor.java:57)
	at org.junit.platform.engine.support.hierarchical.HierarchicalTestEngine.execute(HierarchicalTestEngine.java:51)
	at org.junit.platform.launcher.core.DefaultLauncher.execute(DefaultLauncher.java:220)
	at org.junit.platform.launcher.core.DefaultLauncher.lambda$execute$6(DefaultLauncher.java:188)
	at org.junit.platform.launcher.core.DefaultLauncher.withInterceptedStreams(DefaultLauncher.java:202)
	at org.junit.platform.launcher.core.DefaultLauncher.execute(DefaultLauncher.java:181)
	at org.junit.platform.launcher.core.DefaultLauncher.execute(DefaultLauncher.java:128)
	at org.apache.maven.surefire.junitplatform.JUnitPlatformProvider.invokeAllTests(JUnitPlatformProvider.java:150)
	at org.apache.maven.surefire.junitplatform.JUnitPlatformProvider.invoke(JUnitPlatformProvider.java:124)
	at org.apache.maven.surefire.booter.ForkedBooter.invokeProviderInSameClassLoader(ForkedBooter.java:384)
	at org.apache.maven.surefire.booter.ForkedBooter.runSuitesInProcess(ForkedBooter.java:345)
	at org.apache.maven.surefire.booter.ForkedBooter.execute(ForkedBooter.java:126)
	at org.apache.maven.surefire.booter.ForkedBooter.main(ForkedBooter.java:418)
</div>   

  

</div>
</div>
        </div>
        <div class="scenario">
          <div class="scenario-heading" id="[7.1:99]">
            <div class="heading-container">
              <div class="scenario-tags">
                
              </div>
              <div class="scenario-keyword">
                Scenario: <span>[7.1:99]</span>
                <span class="scenario-name">TC007_Validate account type code, state and product type code for WLS_BIZ_ACTIVE_TN</span>
                <span></span>
              </div>
            </div>
            <div class="scenario-time failed">
              <span>ms:</span>&nbsp;<span>10</span>
            </div>
          </div>
          <div class="step-row">
            <div class="step-container" id="[7.1:99]bg">
              <div class="step-ref bg-step">&gt;&gt;</div>
              <div class="step-cell passed">Background:</div>
            </div>
            <div class="time-cell passed"></div>
          </div>
          <div data-parent="[7.1:99]bg"><div>
  

  

  <div class="step-row">
    <div class="step-container" id="1.5">
      <div class="step-ref bg-step">5</div>
      
      <div class="step-cell passed">
        <span>*</span>&nbsp;<span>url baseURL</span>
      </div>
    </div>
    <div class="time-cell passed">0</div>
  </div>

   
  
  

  

  <div class="preformatted" data-parent="1.5">13:04:56.062 karate.env system property was: it01 
13:04:56.062 clientId:52e80bfa-b42c-47d7-98b5-8bb87c926209 
13:04:56.062 Current URL is : https://apigw-st.telus.com 
13:04:56.062 Current Env is : it01 
</div>   

  

</div>
</div>
          <div data-parent="[7.1:99]bg"><div>
  

  

  <div class="step-row">
    <div class="step-container" id="1.6">
      <div class="step-ref bg-step">6</div>
      
      <div class="step-cell passed">
        <span>*</span>&nbsp;<span>configure ssl = true</span>
      </div>
    </div>
    <div class="time-cell passed">1</div>
  </div>

   
  
  

  

     

  

</div>
</div>
          <div data-parent="[7.1:99]bg"><div>
  

  

  <div class="step-row">
    <div class="step-container" id="1.7">
      <div class="step-ref bg-step">7</div>
      
      <div class="step-cell passed">
        <span>*</span>&nbsp;<span>header accept = &#39;application/json&#39;</span>
      </div>
    </div>
    <div class="time-cell passed">0</div>
  </div>

   
  
  

  

     

  

</div>
</div>
          <div data-parent="[7.1:99]bg"><div>
  

  

  <div class="step-row">
    <div class="step-container" id="1.8">
      <div class="step-ref bg-step">8</div>
      
      <div class="step-cell passed">
        <span>*</span>&nbsp;<span>header env = env</span>
      </div>
    </div>
    <div class="time-cell passed">0</div>
  </div>

   
  
  

  

     

  

</div>
</div>
          <div data-parent="[7.1:99]bg"><div>
  

  

  <div class="step-row">
    <div class="step-container" id="1.9">
      <div class="step-ref bg-step">9</div>
      
      <div class="step-cell passed">
        <span>*</span>&nbsp;<span>configure readTimeout = 20000</span>
      </div>
    </div>
    <div class="time-cell passed">1</div>
  </div>

   
  
  

  

     

  

</div>
</div>
          <div data-parent="[7.1:99]bg"><div>
  

  

  <div class="step-row">
    <div class="step-container" id="1.10">
      <div class="step-ref bg-step">10</div>
      
      <div class="step-cell passed">
        <span>*</span>&nbsp;<span>header Authorization = &#39;Bearer &#39;+authInfo.response.access_token;</span>
      </div>
    </div>
    <div class="time-cell passed">0</div>
  </div>

   
  
  

  

     

  

</div>
</div>
          <div data-parent="[7.1:99]bg"><div>
  

  

  <div class="step-row">
    <div class="step-container" id="1.11">
      <div class="step-ref bg-step">11</div>
      
      <div class="step-cell passed">
        <span>*</span>&nbsp;<span>print authInfo.response.access_token</span>
      </div>
    </div>
    <div class="time-cell passed">0</div>
  </div>

   
  
  

  

  <div class="preformatted" data-parent="1.11">13:04:56.065 [print] eyJhbGciOiJSUzI1NiIsImtpZCI6ImNhZGZhMTYyLTU2YzEtNGRiOS1hNjNmLTYwZTM3NzIwMWJkZiIsInBpLmF0bSI6IjMifQ.eyJzY29wZSI6WyI0NzIwIl0sImF1dGhvcml6YXRpb25fZGV0YWlscyI6W10sImNsaWVudF9pZCI6IjUyZTgwYmZhLWI0MmMtNDdkNy05OGI1LThiYjg3YzkyNjIwOSIsImlzcyI6Imh0dHBzOi8vdGVhbXNzby1pdHMwNC50ZWx1cy5jb20iLCJhdWQiOiJrb25nIiwiaWF0IjoxNzIzMjIzMDg5LCJleHAiOjE3MjMyMjMzODl9.flESEmYyI_eCkBmzn54OkGfP2lAIxnyqs2XbjtABUAmEnkCOQe8uoiUdROg_nBCNsbluJLTMIyv2VQYcEFeVpzwJIN4AH00KC-3px8L7DRMcbbbRqgIOGamUVRjytKBt3cFR1XVCW32bLo_XlS6M0CPdsCtowSRRwenf6htGC3loiXiWZ8pxuYaJNnmQfuSN9rWpZNHc8y-eYDl0xm6EoEXQSfatP3EAxDBw6tgqlb5patcu_afyMqKiHha9IdISwDeMrqyfvgoAR4Sqhdy3Uxp_k_xzmM-XWElgzY0YfiUnRnIl01fsIz1UO7xaed3xVyVlwsYrq6nB9I57SYDk-A 
</div>   

  

</div>
</div>
          <div data-parent="[7.1:99]bg"><div>
  

  

  <div class="step-row">
    <div class="step-container" id="1.12">
      <div class="step-ref bg-step">12</div>
      
      <div class="step-cell passed">
        <span>*</span>&nbsp;<span>def data_file = &#39;tn_feature_data.json&#39;</span>
      </div>
    </div>
    <div class="time-cell passed">0</div>
  </div>

   
  
  

  

     

  

</div>
</div>
          <div data-parent="[7.1:99]bg"><div>
  

  

  <div class="step-row">
    <div class="step-container" id="1.13">
      <div class="step-ref bg-step">13</div>
      
      <div class="step-cell passed">
        <span>*</span>&nbsp;<span>def data_file1 = &#39;tn_kb_corp_Customer-account_feature_data.json&#39;</span>
      </div>
    </div>
    <div class="time-cell passed">0</div>
  </div>

   
  
  

  

     

  

</div>
</div>
          <div data-parent="[7.1:99]bg"><div>
  

  

  <div class="step-row">
    <div class="step-container" id="1.14">
      <div class="step-ref bg-step">14</div>
      
      <div class="step-cell passed">
        <span>*</span>&nbsp;<span>def mockResponseWLS_RES_SUSPENDED = callonce read(&quot;../odsdata/getTestData_Consumer_Non_Prod.feature@getdata_resWLS_Suspended&quot;)</span>
      </div>
    </div>
    <div class="time-cell passed">2</div>
  </div>

   
  
  

  

     

  

</div>
</div>
          <div data-parent="[7.1:99]bg"><div>
  

  

  <div class="step-row">
    <div class="step-container" id="1.15">
      <div class="step-ref bg-step">15</div>
      
      <div class="step-cell passed">
        <span>*</span>&nbsp;<span>def mockResponseWLS_RES_ACTIVE = callonce read(&quot;../odsdata/getTestData_Consumer_Non_Prod.feature@getdata_resWLS_Active&quot;)</span>
      </div>
    </div>
    <div class="time-cell passed">2</div>
  </div>

   
  
  

  

     

  

</div>
</div>
          <div data-parent="[7.1:99]bg"><div>
  

  

  <div class="step-row">
    <div class="step-container" id="1.16">
      <div class="step-ref bg-step">16</div>
      
      <div class="step-cell passed">
        <span>*</span>&nbsp;<span>def mockResponseWLN_RES_ACTIVE = callonce read(&quot;../odsdata/getTestData_Consumer_Non_Prod.feature@getdata_resWLN_Active&quot;)</span>
      </div>
    </div>
    <div class="time-cell passed">1</div>
  </div>

   
  
  

  

     

  

</div>
</div>
          <div data-parent="[7.1:99]bg"><div>
  

  

  <div class="step-row">
    <div class="step-container" id="1.17">
      <div class="step-ref bg-step">17</div>
      
      <div class="step-cell passed">
        <span>*</span>&nbsp;<span>def mockResponseWLS_BIZ_ACTIVE = callonce read(&quot;../odsdata/getTestData_Business_Non_Prod.feature@getdatabizWLS&quot;)</span>
      </div>
    </div>
    <div class="time-cell passed">1</div>
  </div>

   
  
  

  

     

  

</div>
</div>
          <div data-parent="[7.1:99]bg"><div>
  

  

  <div class="step-row">
    <div class="step-container" id="1.18">
      <div class="step-ref bg-step">18</div>
      
      <div class="step-cell passed">
        <span>*</span>&nbsp;<span>def mockResponseWLN_BIZ_ACTIVE = callonce read(&quot;../odsdata/getTestData_Business_Non_Prod.feature@getdatabizWLN&quot;)</span>
      </div>
    </div>
    <div class="time-cell passed">1</div>
  </div>

   
  
  

  

     

  

</div>
</div>
          <div data-parent="[7.1:99]bg"><div>
  

  

  <div class="step-row">
    <div class="step-container" id="1.19">
      <div class="step-ref bg-step">19</div>
      
      <div class="step-cell passed">
        <span>*</span>&nbsp;<span>def data_file5 = &#39;tn_feature_data_morethan3acct.json&#39;</span>
      </div>
    </div>
    <div class="time-cell passed">0</div>
  </div>

   
  
  

  

     

  

</div>
</div>
          <div><div>
  

  

  <div class="step-row">
    <div class="step-container" id="1.99">
      <div class="step-ref failed">99</div>
      
      <div class="step-cell failed">
        <span>*</span>&nbsp;<span>dynamic expression evaluation failed: mockResponseWLS_BIZ_ACTIVE.mockResponseWLS_BIZ_ACTIVE</span>
      </div>
    </div>
    <div class="time-cell failed">0</div>
  </div>

   
  
  

  

  <div class="preformatted" data-parent="1.99">result is neither list nor function: [type: MAP, value: {message=Forbidden}]
java.lang.RuntimeException: result is neither list nor function: [type: MAP, value: {message=Forbidden}]
	at com.intuit.karate.core.ScenarioIterator.tryAdvance(ScenarioIterator.java:110)
	at com.intuit.karate.core.ScenarioIterator.tryAdvance(ScenarioIterator.java:88)
	at java.base/java.util.Spliterator.forEachRemaining(Spliterator.java:332)
	at java.base/java.util.stream.AbstractPipeline.copyInto(AbstractPipeline.java:509)
	at java.base/java.util.stream.AbstractPipeline.wrapAndCopyInto(AbstractPipeline.java:499)
	at java.base/java.util.stream.StreamSpliterators$WrappingSpliterator.forEachRemaining(StreamSpliterators.java:310)
	at java.base/java.util.Spliterators$1Adapter.forEachRemaining(Spliterators.java:706)
	at com.intuit.karate.core.FeatureRuntime.run(FeatureRuntime.java:164)
	at java.base/java.util.concurrent.Executors$RunnableAdapter.call(Executors.java:577)
	at java.base/java.util.concurrent.FutureTask.run(FutureTask.java:317)
	at com.intuit.karate.core.SyncExecutorService.execute(SyncExecutorService.java:70)
	at java.base/java.util.concurrent.AbstractExecutorService.submit(AbstractExecutorService.java:123)
	at com.intuit.karate.Suite.run(Suite.java:235)
	at com.intuit.karate.Runner$Builder.parallel(Runner.java:575)
	at feature.TestRunner.testParallel(TestRunner.java:23)
	at java.base/jdk.internal.reflect.DirectMethodHandleAccessor.invoke(DirectMethodHandleAccessor.java:104)
	at java.base/java.lang.reflect.Method.invoke(Method.java:578)
	at org.junit.platform.commons.util.ReflectionUtils.invokeMethod(ReflectionUtils.java:688)
	at org.junit.jupiter.engine.execution.MethodInvocation.proceed(MethodInvocation.java:60)
	at org.junit.jupiter.engine.execution.InvocationInterceptorChain$ValidatingInvocation.proceed(InvocationInterceptorChain.java:131)
	at org.junit.jupiter.engine.extension.TimeoutExtension.intercept(TimeoutExtension.java:149)
	at org.junit.jupiter.engine.extension.TimeoutExtension.interceptTestableMethod(TimeoutExtension.java:140)
	at org.junit.jupiter.engine.extension.TimeoutExtension.interceptTestMethod(TimeoutExtension.java:84)
	at org.junit.jupiter.engine.execution.ExecutableInvoker$ReflectiveInterceptorCall.lambda$ofVoidMethod$0(ExecutableInvoker.java:115)
	at org.junit.jupiter.engine.execution.ExecutableInvoker.lambda$invoke$0(ExecutableInvoker.java:105)
	at org.junit.jupiter.engine.execution.InvocationInterceptorChain$InterceptedInvocation.proceed(InvocationInterceptorChain.java:106)
	at org.junit.jupiter.engine.execution.InvocationInterceptorChain.proceed(InvocationInterceptorChain.java:64)
	at org.junit.jupiter.engine.execution.InvocationInterceptorChain.chainAndInvoke(InvocationInterceptorChain.java:45)
	at org.junit.jupiter.engine.execution.InvocationInterceptorChain.invoke(InvocationInterceptorChain.java:37)
	at org.junit.jupiter.engine.execution.ExecutableInvoker.invoke(ExecutableInvoker.java:104)
	at org.junit.jupiter.engine.execution.ExecutableInvoker.invoke(ExecutableInvoker.java:98)
	at org.junit.jupiter.engine.descriptor.TestMethodTestDescriptor.lambda$invokeTestMethod$6(TestMethodTestDescriptor.java:210)
	at org.junit.platform.engine.support.hierarchical.ThrowableCollector.execute(ThrowableCollector.java:73)
	at org.junit.jupiter.engine.descriptor.TestMethodTestDescriptor.invokeTestMethod(TestMethodTestDescriptor.java:206)
	at org.junit.jupiter.engine.descriptor.TestMethodTestDescriptor.execute(TestMethodTestDescriptor.java:131)
	at org.junit.jupiter.engine.descriptor.TestMethodTestDescriptor.execute(TestMethodTestDescriptor.java:65)
	at org.junit.platform.engine.support.hierarchical.NodeTestTask.lambda$executeRecursively$5(NodeTestTask.java:139)
	at org.junit.platform.engine.support.hierarchical.ThrowableCollector.execute(ThrowableCollector.java:73)
	at org.junit.platform.engine.support.hierarchical.NodeTestTask.lambda$executeRecursively$7(NodeTestTask.java:129)
	at org.junit.platform.engine.support.hierarchical.Node.around(Node.java:137)
	at org.junit.platform.engine.support.hierarchical.NodeTestTask.lambda$executeRecursively$8(NodeTestTask.java:127)
	at org.junit.platform.engine.support.hierarchical.ThrowableCollector.execute(ThrowableCollector.java:73)
	at org.junit.platform.engine.support.hierarchical.NodeTestTask.executeRecursively(NodeTestTask.java:126)
	at org.junit.platform.engine.support.hierarchical.NodeTestTask.execute(NodeTestTask.java:84)
	at java.base/java.util.ArrayList.forEach(ArrayList.java:1511)
	at org.junit.platform.engine.support.hierarchical.SameThreadHierarchicalTestExecutorService.invokeAll(SameThreadHierarchicalTestExecutorService.java:38)
	at org.junit.platform.engine.support.hierarchical.NodeTestTask.lambda$executeRecursively$5(NodeTestTask.java:143)
	at org.junit.platform.engine.support.hierarchical.ThrowableCollector.execute(ThrowableCollector.java:73)
	at org.junit.platform.engine.support.hierarchical.NodeTestTask.lambda$executeRecursively$7(NodeTestTask.java:129)
	at org.junit.platform.engine.support.hierarchical.Node.around(Node.java:137)
	at org.junit.platform.engine.support.hierarchical.NodeTestTask.lambda$executeRecursively$8(NodeTestTask.java:127)
	at org.junit.platform.engine.support.hierarchical.ThrowableCollector.execute(ThrowableCollector.java:73)
	at org.junit.platform.engine.support.hierarchical.NodeTestTask.executeRecursively(NodeTestTask.java:126)
	at org.junit.platform.engine.support.hierarchical.NodeTestTask.execute(NodeTestTask.java:84)
	at java.base/java.util.ArrayList.forEach(ArrayList.java:1511)
	at org.junit.platform.engine.support.hierarchical.SameThreadHierarchicalTestExecutorService.invokeAll(SameThreadHierarchicalTestExecutorService.java:38)
	at org.junit.platform.engine.support.hierarchical.NodeTestTask.lambda$executeRecursively$5(NodeTestTask.java:143)
	at org.junit.platform.engine.support.hierarchical.ThrowableCollector.execute(ThrowableCollector.java:73)
	at org.junit.platform.engine.support.hierarchical.NodeTestTask.lambda$executeRecursively$7(NodeTestTask.java:129)
	at org.junit.platform.engine.support.hierarchical.Node.around(Node.java:137)
	at org.junit.platform.engine.support.hierarchical.NodeTestTask.lambda$executeRecursively$8(NodeTestTask.java:127)
	at org.junit.platform.engine.support.hierarchical.ThrowableCollector.execute(ThrowableCollector.java:73)
	at org.junit.platform.engine.support.hierarchical.NodeTestTask.executeRecursively(NodeTestTask.java:126)
	at org.junit.platform.engine.support.hierarchical.NodeTestTask.execute(NodeTestTask.java:84)
	at org.junit.platform.engine.support.hierarchical.SameThreadHierarchicalTestExecutorService.submit(SameThreadHierarchicalTestExecutorService.java:32)
	at org.junit.platform.engine.support.hierarchical.HierarchicalTestExecutor.execute(HierarchicalTestExecutor.java:57)
	at org.junit.platform.engine.support.hierarchical.HierarchicalTestEngine.execute(HierarchicalTestEngine.java:51)
	at org.junit.platform.launcher.core.DefaultLauncher.execute(DefaultLauncher.java:220)
	at org.junit.platform.launcher.core.DefaultLauncher.lambda$execute$6(DefaultLauncher.java:188)
	at org.junit.platform.launcher.core.DefaultLauncher.withInterceptedStreams(DefaultLauncher.java:202)
	at org.junit.platform.launcher.core.DefaultLauncher.execute(DefaultLauncher.java:181)
	at org.junit.platform.launcher.core.DefaultLauncher.execute(DefaultLauncher.java:128)
	at org.apache.maven.surefire.junitplatform.JUnitPlatformProvider.invokeAllTests(JUnitPlatformProvider.java:150)
	at org.apache.maven.surefire.junitplatform.JUnitPlatformProvider.invoke(JUnitPlatformProvider.java:124)
	at org.apache.maven.surefire.booter.ForkedBooter.invokeProviderInSameClassLoader(ForkedBooter.java:384)
	at org.apache.maven.surefire.booter.ForkedBooter.runSuitesInProcess(ForkedBooter.java:345)
	at org.apache.maven.surefire.booter.ForkedBooter.execute(ForkedBooter.java:126)
	at org.apache.maven.surefire.booter.ForkedBooter.main(ForkedBooter.java:418)
</div>   

  

</div>
</div>
        </div>
        <div class="scenario">
          <div class="scenario-heading" id="[8.1:111]">
            <div class="heading-container">
              <div class="scenario-tags">
                
              </div>
              <div class="scenario-keyword">
                Scenario: <span>[8.1:111]</span>
                <span class="scenario-name">TC008_Validate account type code for a WLS biz customer with more than 3 accounts via TN search.</span>
                <span></span>
              </div>
            </div>
            <div class="scenario-time failed">
              <span>ms:</span>&nbsp;<span>163</span>
            </div>
          </div>
          <div class="step-row">
            <div class="step-container" id="[8.1:111]bg">
              <div class="step-ref bg-step">&gt;&gt;</div>
              <div class="step-cell passed">Background:</div>
            </div>
            <div class="time-cell passed"></div>
          </div>
          <div data-parent="[8.1:111]bg"><div>
  

  

  <div class="step-row">
    <div class="step-container" id="1.5">
      <div class="step-ref bg-step">5</div>
      
      <div class="step-cell passed">
        <span>*</span>&nbsp;<span>url baseURL</span>
      </div>
    </div>
    <div class="time-cell passed">0</div>
  </div>

   
  
  

  

  <div class="preformatted" data-parent="1.5">13:04:56.095 karate.env system property was: it01 
13:04:56.095 clientId:52e80bfa-b42c-47d7-98b5-8bb87c926209 
13:04:56.098 Current URL is : https://apigw-st.telus.com 
13:04:56.098 Current Env is : it01 
</div>   

  

</div>
</div>
          <div data-parent="[8.1:111]bg"><div>
  

  

  <div class="step-row">
    <div class="step-container" id="1.6">
      <div class="step-ref bg-step">6</div>
      
      <div class="step-cell passed">
        <span>*</span>&nbsp;<span>configure ssl = true</span>
      </div>
    </div>
    <div class="time-cell passed">0</div>
  </div>

   
  
  

  

     

  

</div>
</div>
          <div data-parent="[8.1:111]bg"><div>
  

  

  <div class="step-row">
    <div class="step-container" id="1.7">
      <div class="step-ref bg-step">7</div>
      
      <div class="step-cell passed">
        <span>*</span>&nbsp;<span>header accept = &#39;application/json&#39;</span>
      </div>
    </div>
    <div class="time-cell passed">0</div>
  </div>

   
  
  

  

     

  

</div>
</div>
          <div data-parent="[8.1:111]bg"><div>
  

  

  <div class="step-row">
    <div class="step-container" id="1.8">
      <div class="step-ref bg-step">8</div>
      
      <div class="step-cell passed">
        <span>*</span>&nbsp;<span>header env = env</span>
      </div>
    </div>
    <div class="time-cell passed">0</div>
  </div>

   
  
  

  

     

  

</div>
</div>
          <div data-parent="[8.1:111]bg"><div>
  

  

  <div class="step-row">
    <div class="step-container" id="1.9">
      <div class="step-ref bg-step">9</div>
      
      <div class="step-cell passed">
        <span>*</span>&nbsp;<span>configure readTimeout = 20000</span>
      </div>
    </div>
    <div class="time-cell passed">0</div>
  </div>

   
  
  

  

     

  

</div>
</div>
          <div data-parent="[8.1:111]bg"><div>
  

  

  <div class="step-row">
    <div class="step-container" id="1.10">
      <div class="step-ref bg-step">10</div>
      
      <div class="step-cell passed">
        <span>*</span>&nbsp;<span>header Authorization = &#39;Bearer &#39;+authInfo.response.access_token;</span>
      </div>
    </div>
    <div class="time-cell passed">0</div>
  </div>

   
  
  

  

     

  

</div>
</div>
          <div data-parent="[8.1:111]bg"><div>
  

  

  <div class="step-row">
    <div class="step-container" id="1.11">
      <div class="step-ref bg-step">11</div>
      
      <div class="step-cell passed">
        <span>*</span>&nbsp;<span>print authInfo.response.access_token</span>
      </div>
    </div>
    <div class="time-cell passed">0</div>
  </div>

   
  
  

  

  <div class="preformatted" data-parent="1.11">13:04:56.099 [print] eyJhbGciOiJSUzI1NiIsImtpZCI6ImNhZGZhMTYyLTU2YzEtNGRiOS1hNjNmLTYwZTM3NzIwMWJkZiIsInBpLmF0bSI6IjMifQ.eyJzY29wZSI6WyI0NzIwIl0sImF1dGhvcml6YXRpb25fZGV0YWlscyI6W10sImNsaWVudF9pZCI6IjUyZTgwYmZhLWI0MmMtNDdkNy05OGI1LThiYjg3YzkyNjIwOSIsImlzcyI6Imh0dHBzOi8vdGVhbXNzby1pdHMwNC50ZWx1cy5jb20iLCJhdWQiOiJrb25nIiwiaWF0IjoxNzIzMjIzMDg5LCJleHAiOjE3MjMyMjMzODl9.flESEmYyI_eCkBmzn54OkGfP2lAIxnyqs2XbjtABUAmEnkCOQe8uoiUdROg_nBCNsbluJLTMIyv2VQYcEFeVpzwJIN4AH00KC-3px8L7DRMcbbbRqgIOGamUVRjytKBt3cFR1XVCW32bLo_XlS6M0CPdsCtowSRRwenf6htGC3loiXiWZ8pxuYaJNnmQfuSN9rWpZNHc8y-eYDl0xm6EoEXQSfatP3EAxDBw6tgqlb5patcu_afyMqKiHha9IdISwDeMrqyfvgoAR4Sqhdy3Uxp_k_xzmM-XWElgzY0YfiUnRnIl01fsIz1UO7xaed3xVyVlwsYrq6nB9I57SYDk-A 
</div>   

  

</div>
</div>
          <div data-parent="[8.1:111]bg"><div>
  

  

  <div class="step-row">
    <div class="step-container" id="1.12">
      <div class="step-ref bg-step">12</div>
      
      <div class="step-cell passed">
        <span>*</span>&nbsp;<span>def data_file = &#39;tn_feature_data.json&#39;</span>
      </div>
    </div>
    <div class="time-cell passed">0</div>
  </div>

   
  
  

  

     

  

</div>
</div>
          <div data-parent="[8.1:111]bg"><div>
  

  

  <div class="step-row">
    <div class="step-container" id="1.13">
      <div class="step-ref bg-step">13</div>
      
      <div class="step-cell passed">
        <span>*</span>&nbsp;<span>def data_file1 = &#39;tn_kb_corp_Customer-account_feature_data.json&#39;</span>
      </div>
    </div>
    <div class="time-cell passed">0</div>
  </div>

   
  
  

  

     

  

</div>
</div>
          <div data-parent="[8.1:111]bg"><div>
  

  

  <div class="step-row">
    <div class="step-container" id="1.14">
      <div class="step-ref bg-step">14</div>
      
      <div class="step-cell passed">
        <span>*</span>&nbsp;<span>def mockResponseWLS_RES_SUSPENDED = callonce read(&quot;../odsdata/getTestData_Consumer_Non_Prod.feature@getdata_resWLS_Suspended&quot;)</span>
      </div>
    </div>
    <div class="time-cell passed">2</div>
  </div>

   
  
  

  

     

  

</div>
</div>
          <div data-parent="[8.1:111]bg"><div>
  

  

  <div class="step-row">
    <div class="step-container" id="1.15">
      <div class="step-ref bg-step">15</div>
      
      <div class="step-cell passed">
        <span>*</span>&nbsp;<span>def mockResponseWLS_RES_ACTIVE = callonce read(&quot;../odsdata/getTestData_Consumer_Non_Prod.feature@getdata_resWLS_Active&quot;)</span>
      </div>
    </div>
    <div class="time-cell passed">1</div>
  </div>

   
  
  

  

     

  

</div>
</div>
          <div data-parent="[8.1:111]bg"><div>
  

  

  <div class="step-row">
    <div class="step-container" id="1.16">
      <div class="step-ref bg-step">16</div>
      
      <div class="step-cell passed">
        <span>*</span>&nbsp;<span>def mockResponseWLN_RES_ACTIVE = callonce read(&quot;../odsdata/getTestData_Consumer_Non_Prod.feature@getdata_resWLN_Active&quot;)</span>
      </div>
    </div>
    <div class="time-cell passed">1</div>
  </div>

   
  
  

  

     

  

</div>
</div>
          <div data-parent="[8.1:111]bg"><div>
  

  

  <div class="step-row">
    <div class="step-container" id="1.17">
      <div class="step-ref bg-step">17</div>
      
      <div class="step-cell passed">
        <span>*</span>&nbsp;<span>def mockResponseWLS_BIZ_ACTIVE = callonce read(&quot;../odsdata/getTestData_Business_Non_Prod.feature@getdatabizWLS&quot;)</span>
      </div>
    </div>
    <div class="time-cell passed">1</div>
  </div>

   
  
  

  

     

  

</div>
</div>
          <div data-parent="[8.1:111]bg"><div>
  

  

  <div class="step-row">
    <div class="step-container" id="1.18">
      <div class="step-ref bg-step">18</div>
      
      <div class="step-cell passed">
        <span>*</span>&nbsp;<span>def mockResponseWLN_BIZ_ACTIVE = callonce read(&quot;../odsdata/getTestData_Business_Non_Prod.feature@getdatabizWLN&quot;)</span>
      </div>
    </div>
    <div class="time-cell passed">1</div>
  </div>

   
  
  

  

     

  

</div>
</div>
          <div data-parent="[8.1:111]bg"><div>
  

  

  <div class="step-row">
    <div class="step-container" id="1.19">
      <div class="step-ref bg-step">19</div>
      
      <div class="step-cell passed">
        <span>*</span>&nbsp;<span>def data_file5 = &#39;tn_feature_data_morethan3acct.json&#39;</span>
      </div>
    </div>
    <div class="time-cell passed">0</div>
  </div>

   
  
  

  

     

  

</div>
</div>
          <div><div>
  

  

  <div class="step-row">
    <div class="step-container" id="1.103">
      <div class="step-ref passed">103</div>
      
      <div class="step-cell passed">
        <span>Given</span>&nbsp;<span>path &#39;customer/contactCenterCustomerInfo/v1/account&#39;</span>
      </div>
    </div>
    <div class="time-cell passed">0</div>
  </div>

   
  
  

  

     

  

</div>
</div>
          <div><div>
  

  

  <div class="step-row">
    <div class="step-container" id="1.104">
      <div class="step-ref passed">104</div>
      
      <div class="step-cell passed">
        <span>And</span>&nbsp;<span>param tn = &#39;4161542580&#39;</span>
      </div>
    </div>
    <div class="time-cell passed">0</div>
  </div>

   
  
  

  

     

  

</div>
</div>
          <div><div>
  

  

  <div class="step-row">
    <div class="step-container" id="1.105">
      <div class="step-ref passed">105</div>
      
      <div class="step-cell passed">
        <span>When</span>&nbsp;<span>method get</span>
      </div>
    </div>
    <div class="time-cell passed">154</div>
  </div>

   
  
  

  

  <div class="preformatted" data-parent="1.105">13:04:56.109 request:
1 &gt; GET https://apigw-st.telus.com/customer/contactCenterCustomerInfo/v1/account?tn=4161542580
1 &gt; accept: application/json
1 &gt; env: it01
1 &gt; Authorization: Bearer eyJhbGciOiJSUzI1NiIsImtpZCI6ImNhZGZhMTYyLTU2YzEtNGRiOS1hNjNmLTYwZTM3NzIwMWJkZiIsInBpLmF0bSI6IjMifQ.eyJzY29wZSI6WyI0NzIwIl0sImF1dGhvcml6YXRpb25fZGV0YWlscyI6W10sImNsaWVudF9pZCI6IjUyZTgwYmZhLWI0MmMtNDdkNy05OGI1LThiYjg3YzkyNjIwOSIsImlzcyI6Imh0dHBzOi8vdGVhbXNzby1pdHMwNC50ZWx1cy5jb20iLCJhdWQiOiJrb25nIiwiaWF0IjoxNzIzMjIzMDg5LCJleHAiOjE3MjMyMjMzODl9.flESEmYyI_eCkBmzn54OkGfP2lAIxnyqs2XbjtABUAmEnkCOQe8uoiUdROg_nBCNsbluJLTMIyv2VQYcEFeVpzwJIN4AH00KC-3px8L7DRMcbbbRqgIOGamUVRjytKBt3cFR1XVCW32bLo_XlS6M0CPdsCtowSRRwenf6htGC3loiXiWZ8pxuYaJNnmQfuSN9rWpZNHc8y-eYDl0xm6EoEXQSfatP3EAxDBw6tgqlb5patcu_afyMqKiHha9IdISwDeMrqyfvgoAR4Sqhdy3Uxp_k_xzmM-XWElgzY0YfiUnRnIl01fsIz1UO7xaed3xVyVlwsYrq6nB9I57SYDk-A
1 &gt; Host: apigw-st.telus.com
1 &gt; Connection: Keep-Alive
1 &gt; User-Agent: Apache-HttpClient/4.5.13 (Java/20.0.2)
1 &gt; Accept-Encoding: gzip,deflate


13:04:56.261 response time in milliseconds: 152
1 &lt; 403
1 &lt; Content-Type: application/json; charset=utf-8
1 &lt; Content-Length: 23
1 &lt; Connection: keep-alive
1 &lt; Date: Fri, 09 Aug 2024 17:04:56 GMT
1 &lt; WWW-Authenticate: Bearer realm=&quot;teamsso-its04.telus.com&quot;, error=&quot;insufficient_scope&quot;
1 &lt; Kong-Request-ID: 3738f01e-16fb-4a3f-a44f-556d9f0df39b#164922
1 &lt; vary: Origin
1 &lt; vary: Origin
1 &lt; X-Kong-Response-Latency: 4
1 &lt; Server: kong/3.4.3.11-enterprise-edition
1 &lt; X-Kong-Request-Id: b47de4167c409966c11ca75a9b1d9445
1 &lt; X-Kong-Upstream-Latency: 8
1 &lt; X-Kong-Proxy-Latency: 2
1 &lt; Via: kong/3.4.3.11-enterprise-edition
{&quot;message&quot;:&quot;Forbidden&quot;}
</div>   

  

</div>
</div>
          <div><div>
  

  

  <div class="step-row">
    <div class="step-container" id="1.106">
      <div class="step-ref failed">106</div>
      
      <div class="step-cell failed">
        <span>Then</span>&nbsp;<span>status 200</span>
      </div>
    </div>
    <div class="time-cell failed">0</div>
  </div>

   
  
  

  

  <div class="preformatted" data-parent="1.106">13:04:56.262 classpath:feature/CCE_TN.feature:106
Then status 200
status code was: 403, expected: 200, response time in milliseconds: 152, url: https://apigw-st.telus.com/customer/contactCenterCustomerInfo/v1/account?tn=4161542580, response: 
{&quot;message&quot;:&quot;Forbidden&quot;}
classpath:feature/CCE_TN.feature:106
</div>   

  

</div>
</div>
          <div><div>
  

  

  <div class="step-row">
    <div class="step-container" id="1.108">
      <div class="step-ref skipped">108</div>
      
      <div class="step-cell skipped">
        <span>And</span>&nbsp;<span>match response.accountList[*].accountTypeCd == [&quot;B&quot;]</span>
      </div>
    </div>
    <div class="time-cell skipped">0</div>
  </div>

   
  
  

  

     

  

</div>
</div>
        </div>
        <div class="scenario">
          <div class="scenario-heading" id="[9.1:123]">
            <div class="heading-container">
              <div class="scenario-tags">
                
              </div>
              <div class="scenario-keyword">
                Scenario: <span>[9.1:123]</span>
                <span class="scenario-name">TC009_Validate account type code and BU for a WLN_BIZ_ACTIVE_TN</span>
                <span></span>
              </div>
            </div>
            <div class="scenario-time failed">
              <span>ms:</span>&nbsp;<span>19</span>
            </div>
          </div>
          <div class="step-row">
            <div class="step-container" id="[9.1:123]bg">
              <div class="step-ref bg-step">&gt;&gt;</div>
              <div class="step-cell passed">Background:</div>
            </div>
            <div class="time-cell passed"></div>
          </div>
          <div data-parent="[9.1:123]bg"><div>
  

  

  <div class="step-row">
    <div class="step-container" id="1.5">
      <div class="step-ref bg-step">5</div>
      
      <div class="step-cell passed">
        <span>*</span>&nbsp;<span>url baseURL</span>
      </div>
    </div>
    <div class="time-cell passed">0</div>
  </div>

   
  
  

  

  <div class="preformatted" data-parent="1.5">13:04:56.266 karate.env system property was: it01 
13:04:56.266 clientId:52e80bfa-b42c-47d7-98b5-8bb87c926209 
13:04:56.266 Current URL is : https://apigw-st.telus.com 
13:04:56.266 Current Env is : it01 
</div>   

  

</div>
</div>
          <div data-parent="[9.1:123]bg"><div>
  

  

  <div class="step-row">
    <div class="step-container" id="1.6">
      <div class="step-ref bg-step">6</div>
      
      <div class="step-cell passed">
        <span>*</span>&nbsp;<span>configure ssl = true</span>
      </div>
    </div>
    <div class="time-cell passed">1</div>
  </div>

   
  
  

  

     

  

</div>
</div>
          <div data-parent="[9.1:123]bg"><div>
  

  

  <div class="step-row">
    <div class="step-container" id="1.7">
      <div class="step-ref bg-step">7</div>
      
      <div class="step-cell passed">
        <span>*</span>&nbsp;<span>header accept = &#39;application/json&#39;</span>
      </div>
    </div>
    <div class="time-cell passed">0</div>
  </div>

   
  
  

  

     

  

</div>
</div>
          <div data-parent="[9.1:123]bg"><div>
  

  

  <div class="step-row">
    <div class="step-container" id="1.8">
      <div class="step-ref bg-step">8</div>
      
      <div class="step-cell passed">
        <span>*</span>&nbsp;<span>header env = env</span>
      </div>
    </div>
    <div class="time-cell passed">0</div>
  </div>

   
  
  

  

     

  

</div>
</div>
          <div data-parent="[9.1:123]bg"><div>
  

  

  <div class="step-row">
    <div class="step-container" id="1.9">
      <div class="step-ref bg-step">9</div>
      
      <div class="step-cell passed">
        <span>*</span>&nbsp;<span>configure readTimeout = 20000</span>
      </div>
    </div>
    <div class="time-cell passed">0</div>
  </div>

   
  
  

  

     

  

</div>
</div>
          <div data-parent="[9.1:123]bg"><div>
  

  

  <div class="step-row">
    <div class="step-container" id="1.10">
      <div class="step-ref bg-step">10</div>
      
      <div class="step-cell passed">
        <span>*</span>&nbsp;<span>header Authorization = &#39;Bearer &#39;+authInfo.response.access_token;</span>
      </div>
    </div>
    <div class="time-cell passed">0</div>
  </div>

   
  
  

  

     

  

</div>
</div>
          <div data-parent="[9.1:123]bg"><div>
  

  

  <div class="step-row">
    <div class="step-container" id="1.11">
      <div class="step-ref bg-step">11</div>
      
      <div class="step-cell passed">
        <span>*</span>&nbsp;<span>print authInfo.response.access_token</span>
      </div>
    </div>
    <div class="time-cell passed">0</div>
  </div>

   
  
  

  

  <div class="preformatted" data-parent="1.11">13:04:56.269 [print] eyJhbGciOiJSUzI1NiIsImtpZCI6ImNhZGZhMTYyLTU2YzEtNGRiOS1hNjNmLTYwZTM3NzIwMWJkZiIsInBpLmF0bSI6IjMifQ.eyJzY29wZSI6WyI0NzIwIl0sImF1dGhvcml6YXRpb25fZGV0YWlscyI6W10sImNsaWVudF9pZCI6IjUyZTgwYmZhLWI0MmMtNDdkNy05OGI1LThiYjg3YzkyNjIwOSIsImlzcyI6Imh0dHBzOi8vdGVhbXNzby1pdHMwNC50ZWx1cy5jb20iLCJhdWQiOiJrb25nIiwiaWF0IjoxNzIzMjIzMDg5LCJleHAiOjE3MjMyMjMzODl9.flESEmYyI_eCkBmzn54OkGfP2lAIxnyqs2XbjtABUAmEnkCOQe8uoiUdROg_nBCNsbluJLTMIyv2VQYcEFeVpzwJIN4AH00KC-3px8L7DRMcbbbRqgIOGamUVRjytKBt3cFR1XVCW32bLo_XlS6M0CPdsCtowSRRwenf6htGC3loiXiWZ8pxuYaJNnmQfuSN9rWpZNHc8y-eYDl0xm6EoEXQSfatP3EAxDBw6tgqlb5patcu_afyMqKiHha9IdISwDeMrqyfvgoAR4Sqhdy3Uxp_k_xzmM-XWElgzY0YfiUnRnIl01fsIz1UO7xaed3xVyVlwsYrq6nB9I57SYDk-A 
</div>   

  

</div>
</div>
          <div data-parent="[9.1:123]bg"><div>
  

  

  <div class="step-row">
    <div class="step-container" id="1.12">
      <div class="step-ref bg-step">12</div>
      
      <div class="step-cell passed">
        <span>*</span>&nbsp;<span>def data_file = &#39;tn_feature_data.json&#39;</span>
      </div>
    </div>
    <div class="time-cell passed">0</div>
  </div>

   
  
  

  

     

  

</div>
</div>
          <div data-parent="[9.1:123]bg"><div>
  

  

  <div class="step-row">
    <div class="step-container" id="1.13">
      <div class="step-ref bg-step">13</div>
      
      <div class="step-cell passed">
        <span>*</span>&nbsp;<span>def data_file1 = &#39;tn_kb_corp_Customer-account_feature_data.json&#39;</span>
      </div>
    </div>
    <div class="time-cell passed">0</div>
  </div>

   
  
  

  

     

  

</div>
</div>
          <div data-parent="[9.1:123]bg"><div>
  

  

  <div class="step-row">
    <div class="step-container" id="1.14">
      <div class="step-ref bg-step">14</div>
      
      <div class="step-cell passed">
        <span>*</span>&nbsp;<span>def mockResponseWLS_RES_SUSPENDED = callonce read(&quot;../odsdata/getTestData_Consumer_Non_Prod.feature@getdata_resWLS_Suspended&quot;)</span>
      </div>
    </div>
    <div class="time-cell passed">2</div>
  </div>

   
  
  

  

     

  

</div>
</div>
          <div data-parent="[9.1:123]bg"><div>
  

  

  <div class="step-row">
    <div class="step-container" id="1.15">
      <div class="step-ref bg-step">15</div>
      
      <div class="step-cell passed">
        <span>*</span>&nbsp;<span>def mockResponseWLS_RES_ACTIVE = callonce read(&quot;../odsdata/getTestData_Consumer_Non_Prod.feature@getdata_resWLS_Active&quot;)</span>
      </div>
    </div>
    <div class="time-cell passed">1</div>
  </div>

   
  
  

  

     

  

</div>
</div>
          <div data-parent="[9.1:123]bg"><div>
  

  

  <div class="step-row">
    <div class="step-container" id="1.16">
      <div class="step-ref bg-step">16</div>
      
      <div class="step-cell passed">
        <span>*</span>&nbsp;<span>def mockResponseWLN_RES_ACTIVE = callonce read(&quot;../odsdata/getTestData_Consumer_Non_Prod.feature@getdata_resWLN_Active&quot;)</span>
      </div>
    </div>
    <div class="time-cell passed">1</div>
  </div>

   
  
  

  

     

  

</div>
</div>
          <div data-parent="[9.1:123]bg"><div>
  

  

  <div class="step-row">
    <div class="step-container" id="1.17">
      <div class="step-ref bg-step">17</div>
      
      <div class="step-cell passed">
        <span>*</span>&nbsp;<span>def mockResponseWLS_BIZ_ACTIVE = callonce read(&quot;../odsdata/getTestData_Business_Non_Prod.feature@getdatabizWLS&quot;)</span>
      </div>
    </div>
    <div class="time-cell passed">8</div>
  </div>

   
  
  

  

     

  

</div>
</div>
          <div data-parent="[9.1:123]bg"><div>
  

  

  <div class="step-row">
    <div class="step-container" id="1.18">
      <div class="step-ref bg-step">18</div>
      
      <div class="step-cell passed">
        <span>*</span>&nbsp;<span>def mockResponseWLN_BIZ_ACTIVE = callonce read(&quot;../odsdata/getTestData_Business_Non_Prod.feature@getdatabizWLN&quot;)</span>
      </div>
    </div>
    <div class="time-cell passed">4</div>
  </div>

   
  
  

  

     

  

</div>
</div>
          <div data-parent="[9.1:123]bg"><div>
  

  

  <div class="step-row">
    <div class="step-container" id="1.19">
      <div class="step-ref bg-step">19</div>
      
      <div class="step-cell passed">
        <span>*</span>&nbsp;<span>def data_file5 = &#39;tn_feature_data_morethan3acct.json&#39;</span>
      </div>
    </div>
    <div class="time-cell passed">1</div>
  </div>

   
  
  

  

     

  

</div>
</div>
          <div><div>
  

  

  <div class="step-row">
    <div class="step-container" id="1.123">
      <div class="step-ref failed">123</div>
      
      <div class="step-cell failed">
        <span>*</span>&nbsp;<span>dynamic expression evaluation failed: mockResponseWLN_BIZ_ACTIVE.mockResponseWLN_BIZ_ACTIVE</span>
      </div>
    </div>
    <div class="time-cell failed">0</div>
  </div>

   
  
  

  

  <div class="preformatted" data-parent="1.123">result is neither list nor function: [type: MAP, value: {message=Forbidden}]
java.lang.RuntimeException: result is neither list nor function: [type: MAP, value: {message=Forbidden}]
	at com.intuit.karate.core.ScenarioIterator.tryAdvance(ScenarioIterator.java:110)
	at com.intuit.karate.core.ScenarioIterator.tryAdvance(ScenarioIterator.java:88)
	at com.intuit.karate.core.ScenarioIterator.tryAdvance(ScenarioIterator.java:136)
	at java.base/java.util.Spliterator.forEachRemaining(Spliterator.java:332)
	at java.base/java.util.stream.AbstractPipeline.copyInto(AbstractPipeline.java:509)
	at java.base/java.util.stream.AbstractPipeline.wrapAndCopyInto(AbstractPipeline.java:499)
	at java.base/java.util.stream.StreamSpliterators$WrappingSpliterator.forEachRemaining(StreamSpliterators.java:310)
	at java.base/java.util.Spliterators$1Adapter.forEachRemaining(Spliterators.java:706)
	at com.intuit.karate.core.FeatureRuntime.run(FeatureRuntime.java:164)
	at java.base/java.util.concurrent.Executors$RunnableAdapter.call(Executors.java:577)
	at java.base/java.util.concurrent.FutureTask.run(FutureTask.java:317)
	at com.intuit.karate.core.SyncExecutorService.execute(SyncExecutorService.java:70)
	at java.base/java.util.concurrent.AbstractExecutorService.submit(AbstractExecutorService.java:123)
	at com.intuit.karate.Suite.run(Suite.java:235)
	at com.intuit.karate.Runner$Builder.parallel(Runner.java:575)
	at feature.TestRunner.testParallel(TestRunner.java:23)
	at java.base/jdk.internal.reflect.DirectMethodHandleAccessor.invoke(DirectMethodHandleAccessor.java:104)
	at java.base/java.lang.reflect.Method.invoke(Method.java:578)
	at org.junit.platform.commons.util.ReflectionUtils.invokeMethod(ReflectionUtils.java:688)
	at org.junit.jupiter.engine.execution.MethodInvocation.proceed(MethodInvocation.java:60)
	at org.junit.jupiter.engine.execution.InvocationInterceptorChain$ValidatingInvocation.proceed(InvocationInterceptorChain.java:131)
	at org.junit.jupiter.engine.extension.TimeoutExtension.intercept(TimeoutExtension.java:149)
	at org.junit.jupiter.engine.extension.TimeoutExtension.interceptTestableMethod(TimeoutExtension.java:140)
	at org.junit.jupiter.engine.extension.TimeoutExtension.interceptTestMethod(TimeoutExtension.java:84)
	at org.junit.jupiter.engine.execution.ExecutableInvoker$ReflectiveInterceptorCall.lambda$ofVoidMethod$0(ExecutableInvoker.java:115)
	at org.junit.jupiter.engine.execution.ExecutableInvoker.lambda$invoke$0(ExecutableInvoker.java:105)
	at org.junit.jupiter.engine.execution.InvocationInterceptorChain$InterceptedInvocation.proceed(InvocationInterceptorChain.java:106)
	at org.junit.jupiter.engine.execution.InvocationInterceptorChain.proceed(InvocationInterceptorChain.java:64)
	at org.junit.jupiter.engine.execution.InvocationInterceptorChain.chainAndInvoke(InvocationInterceptorChain.java:45)
	at org.junit.jupiter.engine.execution.InvocationInterceptorChain.invoke(InvocationInterceptorChain.java:37)
	at org.junit.jupiter.engine.execution.ExecutableInvoker.invoke(ExecutableInvoker.java:104)
	at org.junit.jupiter.engine.execution.ExecutableInvoker.invoke(ExecutableInvoker.java:98)
	at org.junit.jupiter.engine.descriptor.TestMethodTestDescriptor.lambda$invokeTestMethod$6(TestMethodTestDescriptor.java:210)
	at org.junit.platform.engine.support.hierarchical.ThrowableCollector.execute(ThrowableCollector.java:73)
	at org.junit.jupiter.engine.descriptor.TestMethodTestDescriptor.invokeTestMethod(TestMethodTestDescriptor.java:206)
	at org.junit.jupiter.engine.descriptor.TestMethodTestDescriptor.execute(TestMethodTestDescriptor.java:131)
	at org.junit.jupiter.engine.descriptor.TestMethodTestDescriptor.execute(TestMethodTestDescriptor.java:65)
	at org.junit.platform.engine.support.hierarchical.NodeTestTask.lambda$executeRecursively$5(NodeTestTask.java:139)
	at org.junit.platform.engine.support.hierarchical.ThrowableCollector.execute(ThrowableCollector.java:73)
	at org.junit.platform.engine.support.hierarchical.NodeTestTask.lambda$executeRecursively$7(NodeTestTask.java:129)
	at org.junit.platform.engine.support.hierarchical.Node.around(Node.java:137)
	at org.junit.platform.engine.support.hierarchical.NodeTestTask.lambda$executeRecursively$8(NodeTestTask.java:127)
	at org.junit.platform.engine.support.hierarchical.ThrowableCollector.execute(ThrowableCollector.java:73)
	at org.junit.platform.engine.support.hierarchical.NodeTestTask.executeRecursively(NodeTestTask.java:126)
	at org.junit.platform.engine.support.hierarchical.NodeTestTask.execute(NodeTestTask.java:84)
	at java.base/java.util.ArrayList.forEach(ArrayList.java:1511)
	at org.junit.platform.engine.support.hierarchical.SameThreadHierarchicalTestExecutorService.invokeAll(SameThreadHierarchicalTestExecutorService.java:38)
	at org.junit.platform.engine.support.hierarchical.NodeTestTask.lambda$executeRecursively$5(NodeTestTask.java:143)
	at org.junit.platform.engine.support.hierarchical.ThrowableCollector.execute(ThrowableCollector.java:73)
	at org.junit.platform.engine.support.hierarchical.NodeTestTask.lambda$executeRecursively$7(NodeTestTask.java:129)
	at org.junit.platform.engine.support.hierarchical.Node.around(Node.java:137)
	at org.junit.platform.engine.support.hierarchical.NodeTestTask.lambda$executeRecursively$8(NodeTestTask.java:127)
	at org.junit.platform.engine.support.hierarchical.ThrowableCollector.execute(ThrowableCollector.java:73)
	at org.junit.platform.engine.support.hierarchical.NodeTestTask.executeRecursively(NodeTestTask.java:126)
	at org.junit.platform.engine.support.hierarchical.NodeTestTask.execute(NodeTestTask.java:84)
	at java.base/java.util.ArrayList.forEach(ArrayList.java:1511)
	at org.junit.platform.engine.support.hierarchical.SameThreadHierarchicalTestExecutorService.invokeAll(SameThreadHierarchicalTestExecutorService.java:38)
	at org.junit.platform.engine.support.hierarchical.NodeTestTask.lambda$executeRecursively$5(NodeTestTask.java:143)
	at org.junit.platform.engine.support.hierarchical.ThrowableCollector.execute(ThrowableCollector.java:73)
	at org.junit.platform.engine.support.hierarchical.NodeTestTask.lambda$executeRecursively$7(NodeTestTask.java:129)
	at org.junit.platform.engine.support.hierarchical.Node.around(Node.java:137)
	at org.junit.platform.engine.support.hierarchical.NodeTestTask.lambda$executeRecursively$8(NodeTestTask.java:127)
	at org.junit.platform.engine.support.hierarchical.ThrowableCollector.execute(ThrowableCollector.java:73)
	at org.junit.platform.engine.support.hierarchical.NodeTestTask.executeRecursively(NodeTestTask.java:126)
	at org.junit.platform.engine.support.hierarchical.NodeTestTask.execute(NodeTestTask.java:84)
	at org.junit.platform.engine.support.hierarchical.SameThreadHierarchicalTestExecutorService.submit(SameThreadHierarchicalTestExecutorService.java:32)
	at org.junit.platform.engine.support.hierarchical.HierarchicalTestExecutor.execute(HierarchicalTestExecutor.java:57)
	at org.junit.platform.engine.support.hierarchical.HierarchicalTestEngine.execute(HierarchicalTestEngine.java:51)
	at org.junit.platform.launcher.core.DefaultLauncher.execute(DefaultLauncher.java:220)
	at org.junit.platform.launcher.core.DefaultLauncher.lambda$execute$6(DefaultLauncher.java:188)
	at org.junit.platform.launcher.core.DefaultLauncher.withInterceptedStreams(DefaultLauncher.java:202)
	at org.junit.platform.launcher.core.DefaultLauncher.execute(DefaultLauncher.java:181)
	at org.junit.platform.launcher.core.DefaultLauncher.execute(DefaultLauncher.java:128)
	at org.apache.maven.surefire.junitplatform.JUnitPlatformProvider.invokeAllTests(JUnitPlatformProvider.java:150)
	at org.apache.maven.surefire.junitplatform.JUnitPlatformProvider.invoke(JUnitPlatformProvider.java:124)
	at org.apache.maven.surefire.booter.ForkedBooter.invokeProviderInSameClassLoader(ForkedBooter.java:384)
	at org.apache.maven.surefire.booter.ForkedBooter.runSuitesInProcess(ForkedBooter.java:345)
	at org.apache.maven.surefire.booter.ForkedBooter.execute(ForkedBooter.java:126)
	at org.apache.maven.surefire.booter.ForkedBooter.main(ForkedBooter.java:418)
</div>   

  

</div>
</div>
        </div>
      </div>
    </div>
  </body>
</html>

